procs -----------memory---------- ---swap-- -----io---- -system-- ----cpu----
 r  b   swpd   free   buff  cache   si   so    bi    bo   in   cs us sy id wa
 1  0      0 3763444  19696  29176    0    0   459 17340  204  209  1  4 90  5
 0  0      0 3806788    152   6424    0    0  7480  2368 1411 2052  3  4 90  3
 0  0      0 3806680    152   6456    0    0  5376  1400  923 1623  2  4 93  2
 0  0      0 3806556    160   6508    0    0  4272  1636  759 1442  2  2 95  1
 1  0      0 3806680    152   6444    0    0  4284  1196  761 1445  1  2 95  2
 0  0      0 3806556    156   6512    0    0  4284  1724  775 1474  2  2 94  2
 1  1      0 3807060    144   6128    0    0  4928  1432  822 1555  2  2 94  1
 0  0      0 3806556    160   6596    0    0  4564  1712  797 1512  2  2 94  1
 0  0      0 3806432    156   6480    0    0  4292  1488  776 1463  0  3 94  2
 0  0      0 3806308    152   6596    0    0  5192  1432  854 1600  2  3 94  1
 1  0      0 3807176    144   5792    0    0  4324  1684  774 1479  1  3 94  1
 0  0      0 3806432    156   6504    0    0  5120  1776  865 1606  2  3 94  1
 1  0      0 3807184    144   5496    0    0  4424  1424  781 1475  2  3 94  1
 0  0      0 3806308    160   6608    0    0  5108  1700  859 1592  1  3 94  2
 0  0      0 3806432    156   6504    0    0  4348  1444  774 1445  2  3 94  1
 1  0      0 3807184    144   5732    0    0  4632  1468  793 1491  2  2 95  1
 0  0      0 3806184    160   6624    0    0  4940  1708  854 1576  2  3 94  1
 0  0      0 3806308    148   6620    0    0  5236  1460  869 1598  1  4 94  1
 0  0      0 3806432    160   6532    0    0  4360  1700  782 1460  2  3 94  2
procs -----------memory---------- ---swap-- -----io---- -system-- ----cpu----
 r  b   swpd   free   buff  cache   si   so    bi    bo   in   cs us sy id wa
 1  0      0 3787172  17632   7956    0    0   473 17086  205  211  1  4 90  5
 0  0      0 3806968    156   6004    0    0  4100  1732  782 1421  2  2 93  4
 0  0      0 3806960    152   5952    0    0  5336  1404  895 1524  1  0 95  3
 0  0      0 3806464    156   6552    0    0  4936  1620  856 1472  1  2 95  3
 0  1      0 3806464    148   6516    0    0  5316  1460  894 1529  2  3 92  4
 1  1      0 3806464    148   6532    0    0  5204  1700  859 1523  1  3 92  4
 0  0      0 3807092    164   6032    0    0  3904  1736  751 1343  1  2 93  5
 0  0      0 3807092    148   5920    0    0  5328  1440  900 1529  1  2 92  5
 0  0      0 3806464    156   6572    0    0  5000  1732  874 1489  1  2 93  4
 0  0      0 3806332    148   6488    0    0  5192  1432  868 1529  1  2 91  5
 1  0      0 3806356    164   6536    0    0  4396  1716  801 1416  1  2 92  4
 0  0      0 3806968    160   5984    0    0  5016  1744  889 1465  2  2 93  3
 0  1      0 3807340    140   5744    0    0  5236  1420  882 1507  1  2 92  4
 0  0      0 3806340    156   6592    0    0  5136  1700  895 1501  0  3 93  4
 0  0      0 3806340    148   6576    0    0  5248  1468  877 1533  1  3 92  4
 0  0      0 3806968    156   6084    0    0  4048  1740  783 1342  3  1 93  3
 0  0      0 3806968    148   5976    0    0  5372  1440  905 1528  3  2 92  4
 0  0      0 3806208    160   6620    0    0  5028  1688  880 1478  1  1 92  5
procs -----------memory---------- ---swap-- -----io---- -system-- ----cpu----
 r  b   swpd   free   buff  cache   si   so    bi    bo   in   cs us sy id wa
 1  0      0 3787824  17000   8148    0    0   486 16840  206  214  1  4 90  5
 0  0      0 3806968    136   6000    0    0  4592  1684  792 1407  1  2 94  3
 0  0      0 3807092    124   5968    0    0  4940  1544  782 1378  1  2 94  3
 0  0      0 3806968    128   5956    0    0  4924  1568  774 1356  1  2 94  2
 0  0      0 3806844    128   6080    0    0  4980  1660  775 1356  2  3 93  2
 0  0      0 3806340    136   6624    0    0  5496  1648  837 1452  0  3 93  4
 0  1      0 3806968    132   6020    0    0  4524  1660  742 1304  2  1 93  3
 0  0      0 3806968    124   5976    0    0  5004  1688  778 1397  1  2 94  3
 0  0      0 3806844    128   6072    0    0  4996  1648  802 1381  1  3 94  3
 1  0      0 3806968    132   6040    0    0  5152  1660  796 1375  1  3 94  2
 1  0      0 3806968    148   6024    0    0  4420  1364  699 1233  0  2 94  4
 0  0      0 3806968    148   6012    0    0  3572  1168  628 1107  2  0 94  4
 0  0      0 3807084    152   6076    0    0  3608  1360  629 1118  1  1 95  3
 0  0      0 3807084    152   6012    0    0  4448  1364  706 1251  2  1 94  3
 0  0      0 3806968    144   6036    0    0  4404  1104  695 1231  1  1 95  3
 0  0      0 3806860    144   6016    0    0  4424  1412  702 1239  0  0 99  1
 0  0      0 3806876    164   6080    0    0  3584  1372  623 1106  1  2 95  3
 0  0      0 3806860    160   6064    0    0  4432  1368  694 1212  1  1 94  4
 0  0      0 3806860    152   6076    0    0  4404  1108  695 1212  1  2 95  3
procs -----------memory---------- ---swap-- -----io---- -system-- ----cpu----
 r  b   swpd   free   buff  cache   si   so    bi    bo   in   cs us sy id wa
 1  0      0 3787840  16860   8080    0    0   498 16591  206  215  1  4 90  5
 0  0      0 3807084    116   5964    0    0  3996  1400  707 1291  1  1 94  3
 0  0      0 3806456    144   6592    0    0  4808  1536  696 1232  1  1 96  2
 1  0      0 3806720    136   6340    0    0  4988  1572  739 1311  2  2 96  1
 0  0      0 3806836    136   6020    0    0  4936  1396  751 1340  0  2 94  4
 0  0      0 3806960    140   6000    0    0  4348  1328  649 1148  2  1 96  2
 0  0      0 3806836    156   5992    0    0  3552  1380  610 1083  1  1 95  3
 0  0      0 3806836    140   6036    0    0  4352  1064  651 1140  0  1 96  2
 0  1      0 3807084    136   5736    0    0  4292  1396  648 1155  1  2 95  3
 1  1      0 3807208    140   5568    0    0  4244  1340  674 1178  1  1 95  3
 0  0      0 3806208    156   6556    0    0  4268  1344  650 1132  0  2 95  3
 0  0      0 3806836    140   6052    0    0  3904  1084  634 1124  0  2 96  2
 1  0      0 3806836    140   6024    0    0  4512  1356  672 1166  1  1 95  3
 0  0      0 3806836    156   6108    0    0  3420  1368  616 1096  1  2 94  3
 0  0      0 3806836    156   6052    0    0  4372  1328  648 1141  1  1 95  2
 0  0      0 3806836    156   6004    0    0  4432  1376  705 1237  1  2 94  3
 0  0      0 3806208    168   6564    0    0  5724  1664  792 1369  0  3 95  2
 0  0      0 3806728    156   6076    0    0  4764  1596  718 1268  0  2 97  1
 0  0      0 3806712    160   6092    0    0  4424  1368  691 1216  1  2 93  3
 0  0      0 3806836    156   6088    0    0  4368  1332  663 1149  1  1 97  1
procs -----------memory---------- ---swap-- -----io---- -system-- ----cpu----
 r  b   swpd   free   buff  cache   si   so    bi    bo   in   cs us sy id wa
 1  0      0 3787840  17016   8104    0    0   510 16340  207  216  1  4 90  5
 0  0      0 3806216    136   6692    0    0  5488  3424  987 1833  3  3 91  3
 0  1      0 3806232    128   6636    0    0  5216  2388  858 1584  2  2 95  1
 1  1      0 3806076    136   6740    0    0  5180  2844  861 1585  2  2 95  1
 0  0      0 3805944    136   6664    0    0  4392  2492  794 1453  2  2 94  2
 0  0      0 3806076    144   6660    0    0  4396  2888  789 1465  2  2 95  1
 0  0      0 3805952    136   6772    0    0  5276  2424  867 1595  3  1 95  1
 0  0      0 3806076    140   6696    0    0  4468  2924  813 1476  2  3 94  2
 1  0      0 3805952    144   6692    0    0  4408  2452  793 1458  1  2 95  2
 0  0      0 3806076    140   6688    0    0  5352  2436  884 1615  2  3 94  1
 0  0      0 3805952    148   6844    0    0  4452  2916  815 1479  2  2 94  2
 1  0      0 3806704    132   6028    0    0  5044  2468  855 1576  2  2 95  1
 0  0      0 3805952    140   6828    0    0  4664  2432  828 1495  2  3 94  1
 0  0      0 3805820    152   6744    0    0  4456  2916  817 1475  2  3 94  1
 1  0      0 3805944    132   6760    0    0  5268  2408  871 1589  2  3 94  2
 1  0      0 3805828    132   6876    0    0  4444  2468  800 1459  2  1 95  2
 0  0      0 3805952    148   6764    0    0  3620  2416  728 1322  1  2 95  2
 0  0      0 3805952    128   6916    0    0  4584  2000  834 1501  1  2 94  2
 0  0      0 3805952    140   6904    0    0  3692  2444  746 1361  1  2 95  3
 0  0      0 3806068    140   6872    0    0  3588  1948  707 1330  1  1 96  2
procs -----------memory---------- ---swap-- -----io---- -system-- ----cpu----
 r  b   swpd   free   buff  cache   si   so    bi    bo   in   cs us sy id wa
 1  0      0 3787932  16908   8052    0    0   522 16108  207  218  1  4 90  5
 0  0      0 3806556    132   6236    0    0  4100  2508  788 1423  1  2 95  2
 0  0      0 3806052    140   6760    0    0  5048  2824  867 1477  2  2 92  4
 0  0      0 3805928    132   6740    0    0  5288  2392  857 1516  1  2 92  5
 3  1      0 3807176    124   5872    0    0  4984  2900  843 1439  3  2 92  3
 1  0      0 3806432    124   6192    0    0  4432  2456  802 1426  2  2 93  3
 0  0      0 3805920    140   6792    0    0  4960  2896  853 1497  2  2 92  4
 0  0      0 3805804    132   6672    0    0  5124  2436  866 1531  1  0 97  2
 0  0      0 3806308    140   6260    0    0  3876  2924  734 1313  0  2 96  2
 0  0      0 3806300    132   6212    0    0  5212  2460  871 1523  2  2 95  2
 0  0      0 3805796    140   6824    0    0  4844  2892  841 1471  1  2 93  4
 0  0      0 3806044    140   6784    0    0  5352  2472  891 1559  1  3 92  4
 1  0      0 3806308    128   6248    0    0  5040  2888  853 1511  1  2 95  2
 0  0      0 3806308    148   6388    0    0  3920  2928  779 1356  1  1 95  2
 0  0      0 3806192    136   6276    0    0  5224  2428  871 1532  2  1 94  2
 0  0      0 3805680    144   6716    0    0  4872  2932  851 1492  1  2 93  3
 0  0      0 3805804    136   6792    0    0  5372  2432  888 1534  1  2 91  5
 0  0      0 3806192    144   6324    0    0  4016  2916  759 1335  2  2 93  3
 0  1      0 3806192    136   6280    0    0  5200  2428  871 1528  1  1 96  2
procs -----------memory---------- ---swap-- -----io---- -system-- ----cpu----
 r  b   swpd   free   buff  cache   si   so    bi    bo   in   cs us sy id wa
 1  0      0 3787784  16892   8108    0    0   534 15892  207  220  1  4 90  5
 0  0      0 3806672    136   6348    0    0  4872  2880  827 1416  1  2 94  3
 0  0      0 3806672    124   6284    0    0  5172  2764  797 1382  1  2 94  3
 0  0      0 3806548    124   6348    0    0  5168  2772  789 1367  1  2 93  4
 0  0      0 3806548    124   6288    0    0  5204  2864  792 1357  1  3 93  3
 1  0      0 3806796    136   6548    0    0  4736  2852  748 1298  0  2 95  3
 0  0      0 3806672    144   6332    0    0  4124  2348  725 1286  1  1 93  4
 0  0      0 3806672    144   6316    0    0  4428  1908  723 1256  2  2 93  3
 0  0      0 3806564    156   6272    0    0  4484  2876  766 1360  0  1 98  1
 0  0      0 3806176    292   6780    0    0  5952  2372  947 1601  1  2 95  2
 0  0      0 3806052    292   6820    0    0  4464  2372  776 1376  1  2 96  1
 0  0      0 3806060    300   6828    0    0  4472  2864  777 1384  0  2 96  1
 0  0      0 3806688    164   6300    0    0  4844  2376  818 1458  1  2 96  1
 0  0      0 3806564    180   6308    0    0  4492  2828  789 1409  1  1 96  2
 0  0      0 3806688    164   6328    0    0  5312  2356  851 1506  0  2 96  2
 0  0      0 3806688    172   6272    0    0  4500  2872  781 1392  1  2 96  1
 0  0      0 3806688    164   6308    0    0  5292  2360  850 1511  1  2 96  1
 0  0      0 3806680    164   6368    0    0  4476  2372  775 1369  0  3 96  1
 0  0      0 3806564    164   6304    0    0  5344  2848  880 1540  1  1 95  2
procs -----------memory---------- ---swap-- -----io---- -system-- ----cpu----
 r  b   swpd   free   buff  cache   si   so    bi    bo   in   cs us sy id wa
 1  0      0 3787924  16948   8080    0    0   545 15678  207  222  1  4 91  5
 0  0      0 3807044    124   6192    0    0  4872  2876  790 1413  1  3 94  2
 0  0      0 3806796    148   6204    0    0  4344  2772  685 1226  1  3 95  2
 0  0      0 3806672    144   6168    0    0  5160  2736  741 1315  0  3 95  1
 0  0      0 3806796    152   6244    0    0  4380  2416  708 1253  1  2 94  3
 1  0      0 3806796    148   6248    0    0  4332  1860  644 1102  1  1 95  3
 0  1      0 3806812    144   6260    0    0  4400  2384  713 1252  0  1 98  1
 0  0      0 3806688    156   6256    0    0  4364  2788  725 1286  0  1 97  1
 1  0      0 3806812    152   6504    0    0  4560  2408  779 1396  0  2 96  2
 1  0      0 3806812    156   6456    0    0  4380  2316  728 1289  1  1 97  1
 0  0      0 3806688    152   6184    0    0  5064  2360  824 1464  1  2 96  2
 0  0      0 3806812    152   6292    0    0  4396  2332  728 1278  0  1 97  2
 0  0      0 3806580    160   6232    0    0  4416  2864  768 1374  1  2 96  1
 0  0      0 3806688    160   6376    0    0  4392  2320  726 1283  0  3 96  0
 0  0      0 3806688    152   6280    0    0  5236  2368  841 1488  1  2 95  2
 0  0      0 3806680    152   6228    0    0  4372  2320  725 1271  0  2 96  1
 0  0      0 3806688    160   6304    0    0  4440  2868  769 1376  1  1 96  2
 0  0      0 3806556    160   6284    0    0  4368  2328  725 1281  1  1 97  0
 0  0      0 3806812    152   6348    0    0  5268  2352  840 1484  1  2 95  1
procs -----------memory---------- ---swap-- -----io---- -system-- ----cpu----
 r  b   swpd   free   buff  cache   si   so    bi    bo   in   cs us sy id wa
 1  0      0 3787908  17012   8028    0    0   556 15461  208  223  1  4 91  5
 0  0      0 3805788    148   7008    0    0  3776  4520  806 1467  1  4 93  2
 0  0      0 3805796    164   7096    0    0  3536  3500  721 1339  1  4 94  1
 0  0      0 3805664    168   7080    0    0  3504  3516  704 1302  1  3 94  1
 0  0      0 3805664    156   7072    0    0  3492  2676  695 1277  1  3 94  1
 0  0      0 3805680    160   7056    0    0  3504  3560  700 1291  1  2 94  2
 1  0      0 3805688    148   6544    0    0  3420  3516  685 1276  1  3 95  2
 0  0      0 3805556    168   7140    0    0  2800  3536  649 1190  1  4 94  2
 0  0      0 3805432    168   7092    0    0  3536  3544  709 1304  1  3 94  2
 0  0      0 3805432    156   7172    0    0  3532  2712  708 1301  1  3 94  1
 0  0      0 3805432    156   7100    0    0  3528  3548  707 1304  0  4 94  2
 0  0      0 3805448    168   7264    0    0  2680  3572  625 1159  1  2 96  1
 0  0      0 3805432    168   7156    0    0  3540  3532  709 1318  2  2 94  2
 0  0      0 3805432    160   7244    0    0  3556  3568  728 1322  1  2 94  2
 0  0      0 3805432    168   7148    0    0  3540  3536  716 1325  2  3 94  1
 0  0      0 3805184    168   7264    0    0  3560  3548  719 1324  1  2 94  2
 0  0      0 3805184    156   7352    0    0  3556  2724  707 1297  1  2 95  2
 0  0      0 3805060    156   7264    0    0  3584  3576  735 1325  1  2 94  2
 1  0      0 3805184    148   7344    0    0  3576  3548  711 1299  1  3 94  1
 0  0      0 3805308    168   7332    0    0  2740  3556  642 1177  1  3 94  1
 0  0      0 3805308    168   7344    0    0  3576  3556  717 1312  2  2 94  2
procs -----------memory---------- ---swap-- -----io---- -system-- ----cpu----
 r  b   swpd   free   buff  cache   si   so    bi    bo   in   cs us sy id wa
 0  0      0 3805308    248   7300    0    0  3676  2736  737 1313  1  2 95  2
 0  0      0 3805184    156   7348    0    0  3504  3576  707 1318  1  2 94  2
 1  0      0 3805192    168   7368    0    0  2728  3540  635 1155  1  2 95  2
 0  0      0 3805060    168   7328    0    0  3596  3552  729 1333  2  2 94  2
 0  0      0 3804936    168   7372    0    0  3596  3552  726 1320  1  3 94  2
procs -----------memory---------- ---swap-- -----io---- -system-- ----cpu----
 r  b   swpd   free   buff  cache   si   so    bi    bo   in   cs us sy id wa
 1  0      0 3787536  17028   8100    0    0   564 15187  208  225  1  4 91  5
 0  0      0 3805532    132   7136    0    0  3728  4452  736 1340  2  2 92  3
 0  0      0 3805912    124   6612    0    0  3852  3508  692 1271  2  1 95  2
 0  0      0 3805912    136   6660    0    0  3616  4360  697 1230  2  3 92  3
 0  0      0 3805408    296   7104    0    0  5164  3536  885 1488  1  2 90  6
 1  1      0 3806912    144   5880    0    0  4920  5300  837 1440  3  4 89  4
 0  0      0 3805788    152   6660    0    0  4452  4432  799 1393  2  5 90  4
 0  0      0 3805532    160   7232    0    0  5116  5296  896 1500  2  4 90  4
 0  0      0 3805284    288   7208    0    0  5476  4496  926 1539  3  5 89  4
 1  1      0 3806540    144   6164    0    0  5100  5268  855 1505  2  4 90  4
 0  0      0 3805912    160   6748    0    0  4288  5272  784 1381  2  3 90  4
 0  1      0 3805788    152   6752    0    0  5484  4408  913 1541  3  3 90  4
 0  0      0 3805532    156   7304    0    0  5280  5364  926 1537  1  4 90  4
 0  0      0 3805284    152   7284    0    0  5400  4444  899 1566  1  3 89  7
 0  0      0 3805664    160   6828    0    0  4048  5284  754 1338  2  4 91  4
 0  0      0 3805788    152   6828    0    0  5520  4444  927 1562  2  4 90  4
 0  0      0 3805284    156   7412    0    0  5160  5348  901 1513  2  3 90  5
 0  0      0 3805160    152   7400    0    0  5412  4440  903 1576  2  4 90  5
 0  1      0 3805284    152   7436    0    0  5420  5304  903 1569  2  5 89  4
procs -----------memory---------- ---swap-- -----io---- -system-- ----cpu----
 r  b   swpd   free   buff  cache   si   so    bi    bo   in   cs us sy id wa
 1  0      0 3787420  17000   8128    0    0   575 14995  208  226  1  4 91  5
 0  1      0 3805928    128   6664    0    0  5024  5304  851 1456  2  2 92  4
 0  0      0 3806052    112   6732    0    0  5264  5168  820 1410  1  3 92  5
 0  0      0 3805928    116   6656    0    0  5232  5144  799 1383  1  3 92  4
 0  0      0 3805928    116   6688    0    0  5296  5240  809 1386  1  3 92  4
 1  0      0 3805556    252   6480    0    0  5852  5212  879 1442  0  4 92  4
 0  0      0 3805308    268   7192    0    0  4572  5216  741 1269  0  1 97  1
 0  0      0 3805812    136   6756    0    0  4856  5272  787 1359  2  3 92  3
 1  0      0 3806060    128   6796    0    0  5332  5192  827 1407  2  3 92  3
 0  1      0 3805812    124   6748    0    0  5384  5204  808 1380  1  3 91  5
 0  0      0 3805812    132   6760    0    0  5268  5252  816 1377  0  3 92  4
 0  0      0 3805308    268   7272    0    0  5988  5232  903 1474  1  3 91  4
 0  0      0 3805688    144   6844    0    0  4916  5288  803 1366  0  1 98  2
 0  0      0 3805812    124   6816    0    0  5360  5228  829 1418  1  3 93  3
 0  0      0 3805688    124   6832    0    0  5336  5264  823 1401  1  4 91  4
 0  0      0 3805812    124   6876    0    0  5364  5228  816 1382  1  3 92  4
 0  1      0 3805060    272   7472    0    0  6008  5236  904 1478  1  3 92  4
procs -----------memory---------- ---swap-- -----io---- -system-- ----cpu----
 r  b   swpd   free   buff  cache   si   so    bi    bo   in   cs us sy id wa
 1  0      0 3787676  16880   8116    0    0   585 14830  208  228  1  4 91  5
 0  0      0 3806060    128   6720    0    0  4868  6088  848 1555  1  2 95  2
 0  0      0 3805936    132   6592    0    0  5320  4324  884 1519  1  3 94  2
 0  0      0 3805936    140   6720    0    0  5168  5948  817 1467  0  2 97  1
 1  1      0 3805936    144   6616    0    0  5352  4408  893 1543  1  4 94  1
 0  0      0 3805184    288   7152    0    0  5852  5196  920 1563  0  3 95  1
 0  0      0 3805688    152   6712    0    0  4672  6044  794 1470  1  2 96  1
 0  0      0 3805812    144   6660    0    0  5292  4416  875 1530  1  2 95  2
 0  0      0 3805936    144   6664    0    0  5140  5152  814 1457  0  3 96  1
 0  0      0 3805812    144   6704    0    0  5304  5212  881 1549  1  2 95  2
 0  0      0 3805060    296   7328    0    0  5800  5260  918 1577  0  3 96  1
 0  0      0 3805688    156   6836    0    0  4708  6076  795 1456  0  3 95  1
 0  0      0 3805688    144   6788    0    0  5340  4384  889 1547  0  3 95  1
 0  0      0 3805812    152   6932    0    0  5192  6052  826 1490  0  3 96  1
 0  0      0 3805688    144   6868    0    0  5284  4400  857 1502  1  3 94  2
 1  0      0 3805060    280   7460    0    0  5772  5188  902 1562  0  3 96  1
 0  0      0 3805688    164   6908    0    0  3844  5224  729 1346  0  3 95  1
procs -----------memory---------- ---swap-- -----io---- -system-- ----cpu----
 r  b   swpd   free   buff  cache   si   so    bi    bo   in   cs us sy id wa
 1  0      0 3787800  16912   8016    0    0   596 14663  209  229  1  4 91  5
 1  0      0 3804440    180   7852    0    0  6592  8608 1372 1711  2  6 91  2
 0  0      0 3804432    188   8024    0    0  3516  6680  732 1352  1  5 93  1
 1  0      0 3804432    164   7968    0    0  4376  6736  818 1489  1  4 93  2
 0  0      0 3804432    172   7900    0    0  3528  6720  743 1365  2  4 93  2
 0  1      0 3804308    176   8004    0    0  3532  6760  738 1362  1  4 93  3
 0  0      0 3804316    192   8156    0    0  3572  8384  735 1386  2  4 92  3
 0  0      0 3804440    192   8060    0    0  3484  6760  729 1376  1  3 93  3
 1  0      0 3804200    188   8176    0    0  3476  6740  724 1386  2  4 93  2
 0  1      0 3804192    172   8052    0    0  4348  6772  811 1531  1  4 92  4
 0  0      0 3804192    172   8184    0    0  3580  6792  753 1390  1  4 93  3
 1  0      0 3804192    188   8248    0    0  3604  6776  764 1397  1  4 93  3
 0  0      0 3804192    188   8240    0    0  3588  8396  755 1389  1  3 92  3
 0  0      0 3804068    188   8300    0    0  3488  6740  723 1377  2  3 93  3
 1  1      0 3806572    164   6260    0    0  3876  6736  753 1426  2  2 94  2
 0  0      0 3804192    172   8272    0    0  4088  6848  826 1502  2  3 93  3
 0  0      0 3804068    172   8228    0    0  3608  6744  757 1385  2  3 93  2
 0  0      0 3803944    188   8384    0    0  3612  8424  759 1393  1  4 93  4
 0  0      0 3803952    192   8400    0    0  3616  6748  760 1388  1  3 93  3
 0  0      0 3803820    192   8456    0    0  3632  6788  769 1394  2  3 93  2
 1  0      0 3805696    168   6532    0    0  4264  6804  819 1500  2  4 92  3
procs -----------memory---------- ---swap-- -----io---- -system-- ----cpu----
 r  b   swpd   free   buff  cache   si   so    bi    bo   in   cs us sy id wa
 0  0      0 3803944    264   8528    0    0  3936  6768  807 1430  1  4 92  3
 0  0      0 3803944    172   8504    0    0  3520  6768  733 1372  1  4 93  2
 0  0      0 3803944    188   8564    0    0  3648  8460  779 1407  1  5 92  2
procs -----------memory---------- ---swap-- -----io---- -system-- ----cpu----
 r  b   swpd   free   buff  cache   si   so    bi    bo   in   cs us sy id wa
 1  0      0 3786676  17708   8100    0    0   604 14452  209  231  1  4 91  4
 0  0      0 3804300    188   7928    0    0  3668  8452  753 1355  1  5 90  3
 0  0      0 3804928    172   7532    0    0  3852  6684  731 1332  1  5 90  4
 0  1      0 3804300    172   7928    0    0  5004  8400  932 1532  1  3 93  3
 3  0      0 3804300    164   8036    0    0  3424  8356  709 1317  1  5 90  4
 1  0      0 3804340    188   7972    0    0  4300  8448  848 1452  1  3 94  2
 1  0      0 3806448    164   5692    0    0  4500  8412  870 1510  0  6 90  4
 1  0      0 3804216    184   8048    0    0  4380  8448  864 1458  1  5 90  4
 1  0      0 3806448    164   5980    0    0  4620  8432  878 1513  1  6 90  4
 1  0      0 3805208    164   6896    0    0  4212  8464  853 1466  1  4 90  5
 0  0      0 3804068    188   8288    0    0  4300  8424  835 1469  1  7 88  4
 0  0      0 3804572    188   7740    0    0  3816  8408  785 1412  1  5 90  4
 2  0      0 3803952    188   8300    0    0  4916  6808  922 1557  1  5 89  5
 0  0      0 3804448    200   7812    0    0  3972 10136  834 1440  1  5 89  5
 0  0      0 3803944    184   8380    0    0  4812  6768  881 1536  1  5 91  4
 0  0      0 3804324    200   7832    0    0  3896 10096  814 1432  1  6 89  4
 0  0      0 3803820    184   8440    0    0  4840  6796  896 1544  1  6 90  4
 0  0      0 3804324    188   7904    0    0  3888 10160  812 1435  1  6 89  4
 0  0      0 3803820    172   8444    0    0  4800  6772  878 1530  1  5 90  5
 0  1      0 3804200    176   7976    0    0  3716  8460  761 1394  1  6 90  3
 0  0      0 3803696    172   8524    0    0  4848  8472  906 1556  1  6 89  4
procs -----------memory---------- ---swap-- -----io---- -system-- ----cpu----
 r  b   swpd   free   buff  cache   si   so    bi    bo   in   cs us sy id wa
 2  0      0 3787312  16964   8180    0    0   612 14278  210  233  1  4 91  4
 0  1      0 3804184    276   7968    0    0  4592  8448  861 1471  1  6 90  3
 0  1      0 3804184    268   7988    0    0  4448  8288  766 1343  1  3 95  1
 0  1      0 3804108    272   8048    0    0  4392  8316  789 1387  0  4 93  2
 1  0      0 3805216    136   5916    0    0  4644  9996  807 1428  2  5 92  2
 1  0      0 3804712    160   7644    0    0  4460  8360  819 1416  1  6 91  3
 0  0      0 3804612    160   7708    0    0  4344 10012  798 1395  1  6 91  3
 0  0      0 3804588    132   7660    0    0  5172  8376  880 1523  1  6 90  2
 0  0      0 3804712    144   7716    0    0  4372 10052  808 1411  1  5 91  3
 1  0      0 3805588    132   6020    0    0  5080  8364  859 1493  1  5 91  3
 1  0      0 3804464    144   7760    0    0  4508 10044  834 1435  2  4 91  3
 0  1      0 3805092    132   6068    0    0  5444  8364  936 1516  1  6 91  3
 0  1      0 3804464    148   7780    0    0  4596 10080  835 1443  1  5 91  2
 1  1      0 3806208    132   6368    0    0  5352  8364  878 1516  1  5 91  3
 1  1      0 3803984    148   8400    0    0  4048  8352  760 1314  1  5 93  2
 0  0      0 3803712    276   8492    0    0  5452  8428  926 1536  2  6 91  2
 0  0      0 3803736    292   8484    0    0  4468 10040  810 1415  0  6 91  3
 0  0      0 3804340    144   7916    0    0  4808  8392  838 1459  2  6 90  2
 0  0      0 3804340    160   8036    0    0  4496 10048  820 1419  1  5 91  3
procs -----------memory---------- ---swap-- -----io---- -system-- ----cpu----
 r  b   swpd   free   buff  cache   si   so    bi    bo   in   cs us sy id wa
 1  0      0 3787560  16896   8148    0    0   621 14124  210  234  1  4 91  4
 0  0      0 3804812    124   7428    0    0  3980  8396  762 1366  2  5 91  2
 0  0      0 3804688    136   7616    0    0  5172  9936  844 1499  1  6 91  2
 0  0      0 3804712    136   7600    0    0  4332  9912  758 1340  1  5 92  1
 0  0      0 3804564    136   7536    0    0  5200 10052  871 1533  1  6 90  2
 0  0      0 3804564    128   7688    0    0  5188  8300  827 1441  2  5 92  2
 0  0      0 3804572    140   7668    0    0  4540 10016  820 1402  2  5 90  3
 0  0      0 3804564    128   7708    0    0  4416  6668  737 1300  2  4 91  3
 1  1      0 3804580    140   7724    0    0  3836  8388  732 1259  1  4 91  3
 1  1      0 3804588    140   7972    0    0  4560  8312  747 1317  3  3 91  3
 0  0      0 3804564    128   7764    0    0  4424  6692  787 1335  2  3 91  4
 0  0      0 3804688    128   7832    0    0  4460  8308  742 1312  2  4 92  3
 0  0      0 3804464    152   7892    0    0  3788  8408  745 1265  1  5 90  4
 0  0      0 3804588    140   7864    0    0  4468  8312  743 1311  3  3 91  3
 0  0      0 3804316    140   7864    0    0  4604  6712  793 1349  1  4 91  5
 0  0      0 3804564    128   7876    0    0  4476  8316  750 1321  2  4 91  3
 0  0      0 3803844    284   8476    0    0  4256  8392  759 1275  2  3 92  3
 1  0      0 3804440    140   7952    0    0  4000  8344  722 1281  2  4 91  4
 0  0      0 3803812    272   8568    0    0  5076  6688  836 1407  2  4 91  3
 0  0      0 3804440    140   8044    0    0  3144  8364  640 1140  1  4 92  4
 0  0      0 3804564    140   8076    0    0  4464  8340  741 1316  3  3 91  3
