procs -----------memory---------- ---swap-- -----io---- -system-- ----cpu----
 r  b   swpd   free   buff  cache   si   so    bi    bo   in   cs us sy id wa
 1  0      0 3787708  16916   8120    0    0   630 13961  211  235  1  4 91  4
 1  0      0 3773856  17296  20120    0    0  1192   636  618 1265  1  6 93  0
 0  0      0 3774012  17296  20264    0    0     0   628  504 1256  2  5 93  0
 0  0      0 3774004  17296  20284    0    0     0   628  494 1228  2  5 93  0
 0  1      0 3773896  17300  20268    0    0     0   660  470 1137  1  5 91  4
 0  0      0 3774136  17304  20276    0    0     0   680  546 1284  1  6 91  1
 0  0      0 3774012  17304  20276    0    0     0   676  499 1241  1  6 93  0
 0  0      0 3774128  17304  20280    0    0     0   688  516 1274  2  5 92  0
 0  0      0 3774160  17304  20300    0    0     0   676  497 1239  3  4 93  0
 0  1      0 3774036  17308  20308    0    0     0   592  464 1131  2  5 91  3
 0  0      0 3774012  17312  20324    0    0     0   680  537 1308  2  5 91  3
 0  0      0 3774012  17312  20296    0    0     0   680  513 1265  2  6 92  0
 0  0      0 3774260  17312  20304    0    0     0   676  495 1228  3  5 93  0
 1  0      0 3773864  17312  20304    0    0     0   684  507 1247  3  4 93  0
 0  1      0 3773880  17316  20304    0    0     0   592  472 1153  2  4 91  3
 0  0      0 3773904  17320  20320    0    0     0   688  522 1270  3  4 91  2
 0  0      0 3774028  17320  20324    0    0     0   676  499 1243  2  5 93  0
 0  0      0 3774160  17320  20324    0    0     0   676  509 1267  2  5 93  0
procs -----------memory---------- ---swap-- -----io---- -system-- ----cpu----
 r  b   swpd   free   buff  cache   si   so    bi    bo   in   cs us sy id wa
 1  0      0 3785948  17344   8932    0    0   625 13798  210  236  1  4 91  4
 0  0      0 3773872  17344  20288    0    0     8   428  537 1254  2  6 91  0
 0  0      0 3774136  17344  20268    0    0     0   312  507 1200  2  6 92  0
 0  0      0 3774012  17344  20288    0    0     0   316  516 1222  3  6 92  0
 0  1      0 3773500  17352  20284    0    0     0   312  475 1062  2  5 88  5
 1  0      0 3781676  17352  13084    0    0     0   416  539 1298  2  6 92  0
 0  0      0 3774136  17352  20276    0    0     0   316  506 1206  2  6 92  0
 0  0      0 3774128  17352  20280    0    0     0   336  512 1213  2  6 92  0
 0  0      0 3774004  17352  20300    0    0     0   340  517 1218  3  6 92  0
 0  1      0 3785436  17360   9096    0    0     0   372  487 1135  1  5 89  5
 1  0      0 3773848  17360  20240    0    0     0   336  520 1239  3  6 91  0
 0  0      0 3773880  17364  20284    0    0     4   340  519 1226  2  6 91  0
 0  0      0 3773872  17364  20308    0    0     0   336  507 1197  3  5 92  0
 1  0      0 3784412  17364   9780    0    0     0   340  531 1273  2  6 91  0
 1  1      0 3779964  17372  14484    0    0     0   388  493 1132  2  6 87  5
 0  0      0 3773880  17372  20296    0    0     0   336  484 1150  2  6 91  0
 0  0      0 3774012  17372  20296    0    0     0   340  513 1221  3  5 92  0
procs -----------memory---------- ---swap-- -----io---- -system-- ----cpu----
 r  b   swpd   free   buff  cache   si   so    bi    bo   in   cs us sy id wa
 1  0      0 3785412  17384   9004    0    0   621 13647  210  237  1  4 91  4
 0  0      0 3773368  17384  20428    0    0     8   220  522 1209  1  6 93  0
 0  0      0 3773508  17384  20316    0    0     0   104  497 1149  1  5 93  0
 0  0      0 3773376  17384  20272    0    0     0   104  514 1214  1  6 93  0
 0  1      0 3773212  17388  20268    0    0     0   204  452 1035  2  4 95  0
 0  0      0 3773508  17392  20272    0    0     0   212  561 1288  1  6 88  5
 0  0      0 3773376  17392  20272    0    0     0   104  485 1140  2  5 94  0
 0  0      0 3773368  17392  20296    0    0     0   108  514 1220  1  5 93  0
 1  0      0 3773772  17392  20308    0    0     0   208  498 1188  2  4 94  0
 0  1      0 3774044  17396  20292    0    0     0   136  450 1035  1  5 90  5
 0  0      0 3773500  17400  20276    0    0     0   108  525 1229  2  5 92  1
 0  0      0 3773368  17400  20280    0    0     0   104  491 1151  2  4 94  0
 1  0      0 3778840  17400  15444    0    0     0   208  524 1261  1  6 93  0
 0  0      0 3773352  17400  20280    0    0     0   108  495 1159  1  5 93  0
 0  1      0 3773244  17404  20312    0    0     0   136  437 1019  1  4 92  2
 0  0      0 3773368  17408  20344    0    0     0   108  519 1221  1  5 91  3
 0  0      0 3773376  17408  20288    0    0     0   112  501 1177  1  5 94  0
procs -----------memory---------- ---swap-- -----io---- -system-- ----cpu----
 r  b   swpd   free   buff  cache   si   so    bi    bo   in   cs us sy id wa
 1  0      0 3785884  17428   8996    0    0   617 13501  209  237  1  4 91  4
 0  0      0 3773252  17428  20316    0    0     8   116  515 1188  2  5 94  0
 0  0      0 3773384  17428  20284    0    0     0   104  499 1161  1  5 94  0
 0  0      0 3773360  17428  20284    0    0     0     0  517 1219  1  5 93  0
 0  1      0 3773276  17432  20212    0    0     0   204  456 1050  2  4 90  4
 0  0      0 3773268  17436  20304    0    0     0   108  551 1244  2  6 92  1
 1  0      0 3773376  17436  20284    0    0     0     0  497 1144  1  5 94  0
 0  0      0 3773368  17436  20284    0    0     0   104  530 1245  1  6 93  0
 0  0      0 3773756  17436  20284    0    0     0   104  497 1162  2  5 93  0
 1  1      0 3782436  17444  11428    0    0     0    36  473 1075  1  4 90  5
 1  0      0 3773376  17444  20260    0    0     0   104  508 1182  1  6 92  0
 1  0      0 3781568  17444  12556    0    0     0     0  513 1214  2  5 94  0
 0  0      0 3773384  17444  20284    0    0     0   104  509 1175  2  5 93  0
 1  0      0 3784900  17444   9108    0    0     0   108  502 1176  0  6 93  0
 0  1      0 3773244  17448  20284    0    0     0    32  482 1117  1  5 93  1
 0  0      0 3773244  17452  20288    0    0     0   108  530 1236  2  5 89  5
procs -----------memory---------- ---swap-- -----io---- -system-- ----cpu----
 r  b   swpd   free   buff  cache   si   so    bi    bo   in   cs us sy id wa
 1  0      0 3785940  17472   8996    0    0   613 13361  209  237  1  4 91  4
 1  0      0 3773548  17472  20420    0    0    28  1796  521 1219  3  4 93  0
 0  0      0 3773532  17472  20492    0    0    20  1788  517 1269  2  6 93  0
 0  0      0 3773416  17472  20504    0    0    24  1788  524 1272  2  5 93  0
 0  0      0 3773540  17480  20476    0    0    20  1628  512 1169  2  5 88  5
 0  0      0 3773408  17480  20528    0    0    24  1840  520 1256  2  5 93  0
 1  0      0 3782056  17480  12252    0    0    24  1836  520 1269  3  4 93  0
 1  0      0 3784924  17480   9352    0    0    24  1532  507 1231  2  5 93  0
 0  0      0 3773524  17480  20568    0    0    24  1848  515 1236  2  5 93  0
 0  1      0 3773416  17484  20576    0    0    20  1564  479 1147  1  5 90  4
 0  0      0 3773292  17520  20564    0    0    24  1844  545 1284  2  6 91  1
 0  0      0 3773392  17568  20576    0    0    16  1848  524 1258  2  6 92  0
 0  0      0 3773260  17616  20612    0    0    24  1836  525 1280  2  5 93  0
 0  0      0 3773168  17664  20636    0    0    24  1836  529 1282  2  5 93  0
 1  1      0 3773268  17712  20616    0    0    20  1564  502 1173  3  4 89  5
 0  0      0 3784552  17764   9416    0    0    24  1852  492 1188  3  3 94  0
 1  0      0 3784552  17804   9444    0    0    24  1532  508 1222  2  5 93  0
 0  0      0 3772896  17852  20656    0    0    24  1836  523 1268  3  4 93  0
procs -----------memory---------- ---swap-- -----io---- -system-- ----cpu----
 r  b   swpd   free   buff  cache   si   so    bi    bo   in   cs us sy id wa
 1  0      0 3785684  17504   9016    0    0   608 13213  209  238  1  4 91  4
 1  0      0 3781684  17504  12492    0    0    20  1200  546 1246  2  6 92  0
 0  0      0 3773392  17504  20512    0    0    12   896  534 1224  3  6 92  0
 0  0      0 3773384  17504  20488    0    0    12   892  522 1225  2  6 92  0
 0  0      0 3772864  17512  20488    0    0    12   700  496 1091  2  6 87  5
 0  0      0 3773136  17512  20532    0    0    12   896  506 1183  2  5 92  0
 0  0      0 3773004  17512  20528    0    0    12   892  514 1194  2  6 92  0
 0  0      0 3773136  17512  20540    0    0    12   912  514 1218  2  7 92  0
 0  0      0 3784536  17512   9348    0    0    12  1224  530 1267  2  7 91  0
 0  0      0 3772872  17520  20544    0    0    12   648  499 1131  2  5 87  5
 0  0      0 3772748  17520  20536    0    0    12   920  517 1213  1  6 93  0
 0  0      0 3772824  17520  20520    0    0    12   924  516 1209  3  5 92  0
 0  0      0 3772848  17520  20568    0    0    12   916  505 1185  2  7 90  1
 0  0      0 3772848  17520  20576    0    0    12   920  511 1190  2  7 90  1
 0  1      0 3773236  17524  20576    0    0    12   960  475 1080  1  7 89  3
 1  0      0 3784372  17528   9352    0    0    12   924  534 1252  1  7 89  3
 1  0      0 3772832  17528  20576    0    0    12   916  517 1208  2  6 91  0
procs -----------memory---------- ---swap-- -----io---- -system-- ----cpu----
 r  b   swpd   free   buff  cache   si   so    bi    bo   in   cs us sy id wa
 1  0      0 3785356  17544   9040    0    0   604 13072  208  238  1  4 91  4
 1  0      0 3772972  17544  20460    0    0    16   604  520 1207  2  5 93  0
 0  0      0 3772988  17544  20484    0    0     4   300  493 1143  1  6 93  0
 0  0      0 3772848  17544  20484    0    0     4   296  518 1230  1  6 93  0
 0  1      0 3772864  17548  20464    0    0     4   400  469 1074  2  4 90  4
 0  0      0 3772840  17552  20492    0    0     8   600  566 1286  1  6 91  2
 0  0      0 3772996  17552  20488    0    0     4   296  510 1165  1  6 93  0
 1  0      0 3776080  17552  17472    0    0     4   300  504 1192  2  5 92  0
 0  0      0 3773236  17552  20496    0    0     4   596  504 1187  2  5 93  0
 0  1      0 3773260  17556  20500    0    0     8   328  467 1062  1  4 90  4
 0  0      0 3772972  17560  20504    0    0     4   304  540 1253  2  6 91  1
 0  0      0 3772732  17560  20524    0    0     4   296  499 1155  2  5 93  0
 3  0      0 3777972  17560  16216    0    0     4   596  536 1273  1  6 93  0
 0  0      0 3772972  17560  20456    0    0     8   300  500 1165  1  5 93  0
 0  1      0 3772856  17564  20492    0    0     4   328  446 1019  2  4 92  2
 0  0      0 3772700  17568  20516    0    0     4   304  524 1219  1  5 90  3
 0  0      0 3772732  17568  20520    0    0     4   304  506 1185  1  6 93  0
procs -----------memory---------- ---swap-- -----io---- -system-- ----cpu----
 r  b   swpd   free   buff  cache   si   so    bi    bo   in   cs us sy id wa
 1  0      0 3785172  17576   9008    0    0   600 12939  208  239  1  4 91  4
 0  0      0 3772832  17576  20424    0    0     8   308  527 1201  1  5 94  0
 1  0      0 3776792  17576  16000    0    0     4   296  513 1181  1  5 93  0
 0  0      0 3772824  17576  20480    0    0     0     0  526 1224  2  5 93  0
 0  1      0 3772832  17580  20460    0    0     4   400  477 1081  1  5 89  4
 0  0      0 3772568  17584  20484    0    0     4   300  546 1232  2  5 92  1
 0  0      0 3772948  17584  20484    0    0     0     0  503 1152  1  5 94  0
 0  0      0 3772708  17584  20484    0    0     4   300  519 1216  3  4 93  0
 0  0      0 3773080  17584  20508    0    0     0   296  514 1171  1  6 93  0
 1  1      0 3776808  17592  16672    0    0     4    36  496 1121  2  5 89  4
 0  0      0 3772700  17592  20488    0    0     4   300  485 1128  2  5 93  0
 0  0      0 3772832  17592  20492    0    0     0     0  496 1140  1  5 94  0
 0  0      0 3772808  17592  20512    0    0     4   296  538 1244  2  6 92  0
 0  0      0 3772824  17592  20492    0    0     4   300  507 1181  2  5 93  0
 1  1      0 3776560  17600  16868    0    0     0    36  494 1123  2  4 90  4
 0  0      0 3772708  17600  20496    0    0     4   296  482 1122  1  6 92  1
 1  0      0 3782752  17600  10060    0    0     0     0  509 1158  1  6 94  0
procs -----------memory---------- ---swap-- -----io---- -system-- ----cpu----
 r  b   swpd   free   buff  cache   si   so    bi    bo   in   cs us sy id wa
 1  0      0 3785528  17608   8988    0    0   597 12810  208  239  1  4 91  4
 0  0      0 3772516  17608  21272    0    0     8  6380  539 1251  2  7 91  0
 1  0      0 3783636  17608  10120    0    0     0  5320  520 1257  2  7 91  0
 0  0      0 3772260  17628  21348    0    0     0  6384  531 1262  2  6 91  0
 1  1      0 3783396  17696  10192    0    0     0  4376  497 1138  3  5 87  5
 0  0      0 3772012  17760  21428    0    0     0  6428  530 1248  2  7 91  0
 2  0      0 3783140  17832  10276    0    0     0  5360  519 1255  3  6 91  0
 0  0      0 3771772  17892  21516    0    0     0  6432  530 1274  3  6 91  0
 0  0      0 3782908  17964  10368    0    0     0  6448  514 1250  2  8 90  0
 1  1      0 3770888  18016  21616    0    0     0  4316  477 1115  3  6 89  3
 0  0      0 3771392  18092  21652    0    0     0  6452  553 1323  3  5 89  3
 0  0      0 3771368  18152  21752    0    0     0  5384  513 1202  3  5 92  0
 1  0      0 3778692  18224  14572    0    0     0  6456  539 1292  1  7 91  0
 0  0      0 3771144  18284  21728    0    0     0  5380  510 1206  1  6 92  0
 0  1      0 3782404  18348  10616    0    0     0  5408  488 1166  3  5 89  3
 0  0      0 3770764  18412  21880    0    0     0  5384  491 1164  3  6 89  2
 1  0      0 3781908  18488  10688    0    0     0  5392  512 1244  3  7 90  0
 0  0      0 3770640  18548  21928    0    0     0  6456  524 1251  1  7 92  0
 1  0      0 3781784  18608  10792    0    0     0  5380  513 1224  1  7 92  0
procs -----------memory---------- ---swap-- -----io---- -system-- ----cpu----
 r  b   swpd   free   buff  cache   si   so    bi    bo   in   cs us sy id wa
 1  0      0 3785380  17648   9004    0    0   592 12678  207  240  1  4 91  4
 1  0      0 3783744  17648  10128    0    0     8  3188  523 1207  1  6 92  0
 0  0      0 3771832  17648  21272    0    0     0  3192  513 1190  4  5 91  0
 1  0      0 3771964  17648  21324    0    0     0  3192  516 1208  3  7 90  0
 0  0      0 3771848  17656  21332    0    0     0  3296  493 1097  4  5 86  6
 0  0      0 3771972  17656  21316    0    0     0  3192  498 1194  3  6 91  0
 0  0      0 3772112  17688  21396    0    0     0  3192  513 1185  2  6 91  0
 0  0      0 3771848  17724  21340    0    0     0  3208  515 1215  3  6 91  0
 1  0      0 3780288  17764  13412    0    0     0  3220  519 1217  2  7 91  0
 1  1      0 3780528  17796  12792    0    0     0  2176  472 1083  2  6 88  5
 0  0      0 3771632  17832  21456    0    0     0  3212  500 1156  2  7 91  0
 0  0      0 3771508  17868  21448    0    0     0  3220  522 1218  2  7 90  0
 0  0      0 3771624  17904  21472    0    0     0  3216  523 1224  3  6 91  0
 0  0      0 3771616  17940  21496    0    0     0  3216  516 1218  4  5 91  0
 0  1      0 3770576  17968  21596    0    0     0  2180  470 1084  2  6 90  2
 0  0      0 3771320  18008  21580    0    0     0  3232  531 1232  2  5 89  3
 1  0      0 3771048  18044  21584    0    0     0  3216  526 1220  3  6 91  0
 0  0      0 3770948  18080  21608    0    0     0  3212  515 1222  3  7 90  0
procs -----------memory---------- ---swap-- -----io---- -system-- ----cpu----
 r  b   swpd   free   buff  cache   si   so    bi    bo   in   cs us sy id wa
 1  0      0 3784968  17680   9004    0    0   588 12550  206  240  1  4 91  4
 0  0      0 3771808  17680  21324    0    0     8  2124  531 1210  2  6 92  0
 0  0      0 3771940  17680  21268    0    0     0  1064  509 1170  2  5 92  0
 1  0      0 3783348  17680  10124    0    0     0  1064  506 1183  2  6 92  0
 0  1      0 3771816  17688  21296    0    0     0  1168  501 1090  1  6 87  5
 0  0      0 3772228  17688  21312    0    0     0  2128  490 1145  2  6 92  0
 0  0      0 3771940  17688  21308    0    0     0  1064  505 1166  2  5 93  0
 1  0      0 3777024  17688  15472    0    0     0  1064  499 1159  2  6 93  0
 0  0      0 3771808  17688  21312    0    0     0  1064  518 1219  1  7 91  0
 0  1      0 3771700  17692  21408    0    0     0  1096  478 1084  2  5 90  3
 1  0      0 3776272  17696  16848    0    0     0  2132  557 1287  2  6 91  2
 0  0      0 3771676  17696  21336    0    0     0  1068  503 1170  1  6 92  0
 1  0      0 3771684  17696  21368    0    0     0  1064  503 1144  2  5 93  0
 0  0      0 3783116  17716  10132    0    0     0  2128  522 1228  3  6 91  0
 0  1      0 3775088  17732  18332    0    0     0  1096  470 1076  2  5 90  3
 0  0      0 3771552  17748  21368    0    0     0  1068  508 1167  1  6 90  3
 1  0      0 3771576  17760  21376    0    0     0  1072  497 1161  2  5 93  0
procs -----------memory---------- ---swap-- -----io---- -system-- ----cpu----
 r  b   swpd   free   buff  cache   si   so    bi    bo   in   cs us sy id wa
 1  0      0 3785192  17720   8960    0    0   584 12427  206  241  1  4 91  4
 0  0      0 3771652  17720  21264    0    0     8  1064  517 1192  1  6 93  0
 0  0      0 3771784  17720  21244    0    0     0  1060  511 1168  1  7 92  0
 0  0      0 3771660  17720  21272    0    0     0     0  528 1228  2  6 92  0
 0  1      0 3771684  17724  21256    0    0     0  1164  474 1072  2  5 90  3
 0  0      0 3771808  17728  21260    0    0     0  1068  562 1255  2  6 90  2
 1  0      0 3771436  17728  21268    0    0     0     0  497 1134  1  6 93  0
 1  0      0 3771676  17728  21296    0    0     0  1064  525 1234  2  6 91  0
 0  0      0 3771824  17728  21276    0    0     0  1064  521 1192  2  6 92  0
 0  1      0 3770940  17732  21324    0    0     0    32  431  987  2  5 88  5
 0  0      0 3771684  17736  21284    0    0     0  1068  525 1227  2  6 92  1
 0  0      0 3771676  17736  21268    0    0     0     0  505 1152  1  5 93  0
 1  0      0 3775644  17736  17472    0    0     0  1064  525 1218  2  6 92  0
 0  0      0 3771684  17736  21300    0    0     0  1068  514 1183  1  7 92  0
 0  1      0 3770800  17740  21324    0    0     0    32  448 1011  1  5 89  5
 0  0      0 3771692  17744  21352    0    0     0  1068  531 1243  2  6 91  2
 0  0      0 3771544  17744  21348    0    0     0     0  507 1154  1  6 93  0
procs -----------memory---------- ---swap-- -----io---- -system-- ----cpu----
 r  b   swpd   free   buff  cache   si   so    bi    bo   in   cs us sy id wa
 1  0      0 3785100  17752   9024    0    0   581 12309  205  241  1  4 91  4
 1  0      0 3776948  17784  16816    0    0     8 20672  556 1170  3  8 88  0
 0  0      0 3768484  17880  24556    0    0     0 16552  530 1110  3  8 89  0
 0  0      0 3768368  17976  24656    0    0     0 16556  523 1111  2  8 89  0
 3  0      0 3779520  18080  13572    0    0     0 12536  505 1012  3  7 84  5
 1  0      0 3768152  18176  24940    0    0     0 20728  542 1135  3 10 88  0
 0  0      0 3767508  18272  25064    0    0     0 16600  526 1100  2  9 89  0
 0  0      0 3767516  18368  25168    0    0     0 16604  531 1081  3  9 88  0
 1  0      0 3778536  18476  14084    0    0     0 16596  538 1134  2 10 88  0
 0  0      0 3766896  18568  25444    0    0     0 16604  508 1033  2  8 85  5
 0  0      0 3766772  18664  25552    0    0     0 16580  508 1094  3  8 89  0
 0  0      0 3766392  18760  25676    0    0     0 16576  531 1105  3  9 88  0
 2  0      0 3777544  18880  14604    0    0     0 18292  550 1148  4  8 88  0
 1  0      0 3777444  18976  15116    0    0     0 18996  542 1153  3  9 88  0
 0  1      0 3765648  19052  25992    0    0     0 12464  488 1001  3  7 89  1
 2  0      0 3776784  19176  14956    0    0     0 17728  559 1178  2  8 85  4
 0  0      0 3765292  19276  26372    0    0     0 19584  549 1174  3  8 89  0
 0  0      0 3765028  19372  26496    0    0     0 16568  525 1104  3  8 88  0
 0  0      0 3764664  19468  26568    0    0     0 16576  527 1107  3  9 88  0
 1  1      0 3773592  19572  18124    0    0     0 16604  527 1123  2  8 86  4
 0  0      0 3764300  19668  26884    0    0     0 16580  508 1081  3  8 88  1
procs -----------memory---------- ---swap-- -----io---- -system-- ----cpu----
 r  b   swpd   free   buff  cache   si   so    bi    bo   in   cs us sy id wa
 0  0      0 3763920  19768  27004    0    0     0 16584  527 1117  3  8 89  0
 0  0      0 3763788  19864  27132    0    0     0 16580  524 1123  3  8 88  0
 0  0      0 3763548  19960  27240    0    0     0 16576  529 1106  3  9 87  0
 0  0      0 3763300  20064  27400    0    0     0 16640  530 1118  2  9 85  5
procs -----------memory---------- ---swap-- -----io---- -system-- ----cpu----
 r  b   swpd   free   buff  cache   si   so    bi    bo   in   cs us sy id wa
 1  0      0 3784844  17808   9016    0    0   575 12192  204  241  1  4 91  4
 0  0      0 3768500  17808  24376    0    0     8 12392  520 1096  3  7 89  0
 1  0      0 3779884  17848  13212    0    0     0  8280  525 1173  4  7 90  0
 0  0      0 3768384  17912  24532    0    0     0 12412  527 1117  4  6 90  0
 0  0      0 3767972  17968  24572    0    0     0  8384  523 1093  3  6 86  5
 2  0      0 3779264  18040  13416    0    0     0  8280  505 1086  3  8 89  0
 3  0      0 3779140  18088  13596    0    0     0 12424  518 1123  3  7 90  0
 2  0      0 3779148  18152  13580    0    0     0  8284  510 1106  3  8 89  0
 1  0      0 3769988  18208  22004    0    0     0 12436  536 1121  3  8 89  0
 0  0      0 3767352  18264  24980    0    0     0  8340  511 1104  2  6 87  5
 0  0      0 3778784  18336  13816    0    0     0 12448  504 1082  3  7 90  0
 0  0      0 3766972  18384  25116    0    0     0  8304  522 1137  3  7 90  0
 2  0      0 3778528  18456  13972    0    0     0 12452  502 1088  3  8 89  0
 0  0      0 3766724  18504  25276    0    0     0  8300  541 1166  3  7 90  0
 0  1      0 3763044  18556  25332    0    0     0  8320  468 1000  4  6 89  1
 0  0      0 3766656  18632  25448    0    0     0 12432  550 1167  2  8 87  3
 1  0      0 3777776  18680  14292    0    0     0  8288  523 1139  5  6 89  0
 1  0      0 3765036  18752  25612    0    0     0 12440  516 1086  3  8 89  0
 1  0      0 3777528  18800  14452    0    0     0  8280  525 1146  4  7 89  0
 0  1      0 3777428  18876  14568    0    0     0 12464  525 1115  3  7 87  3
 1  0      0 3765608  18928  25832    0    0     0  8292  502 1076  4  6 87  2
procs -----------memory---------- ---swap-- -----io---- -system-- ----cpu----
 r  b   swpd   free   buff  cache   si   so    bi    bo   in   cs us sy id wa
 1  0      0 3784960  17856   8988    0    0   570 12075  203  242  1  4 91  4
 0  0      0 3768500  17856  24328    0    0     8  8252  539 1150  4  6 90  0
 1  0      0 3780024  17856  13180    0    0     0  4140  485 1073  4  6 90  0
 0  0      0 3768336  17864  24392    0    0     0  4140  505 1122  4  6 90  0
 0  0      0 3768220  17896  24420    0    0     0  4244  500 1059  3  6 86  5
 1  0      0 3772808  17920  19284    0    0     0  4140  489 1071  3  6 91  0
 0  0      0 3768220  17944  24572    0    0     0  4136  508 1151  4  6 90  0
 0  0      0 3768220  17968  24516    0    0     0  4136  516 1150  4  6 90  0
 0  0      0 3767996  17992  24568    0    0     0  4140  495 1085  4  6 90  0
 0  0      0 3767888  18024  24544    0    0     0  4176  481 1051  3  6 86  5
 3  0      0 3779280  18048  13432    0    0     0  4140  480 1082  3  6 91  0
 0  0      0 3767964  18072  24644    0    0     0  4140  518 1140  3  7 90  0
 0  0      0 3779248  18120  13556    0    0     0  8284  495 1110  3  7 89  0
 0  0      0 3767748  18144  24740    0    0     0  4144  507 1132  3  7 90  0
 0  0      0 3767756  18176  24792    0    0     0  4180  482 1050  3  6 86  5
 1  0      0 3765540  18200  24820    0    0     0  4140  479 1060  3  6 91  0
 0  0      0 3767476  18224  24788    0    0     0  4140  514 1147  4  6 90  0
 1  0      0 3777520  18248  15324    0    0     0  4144  502 1139  2  8 89  0
 0  0      0 3767600  18272  24988    0    0     0  4152  496 1092  3  6 91  0
procs -----------memory---------- ---swap-- -----io---- -system-- ----cpu----
 r  b   swpd   free   buff  cache   si   so    bi    bo   in   cs us sy id wa
 1  0      0 3784728  17896   9056    0    0   567 11959  203  242  1  4 91  4
 0  0      0 3768328  17896  24316    0    0     8  4116  518 1112  3  6 91  0
 0  0      0 3768452  17896  24328    0    0     0  4136  516 1154  4  7 89  0
 0  0      0 3768320  17896  24328    0    0     0     0  488 1111  4  5 91  0
 1  0      0 3768592  17904  24360    0    0     0  4244  490 1032  3  5 87  4
 0  0      0 3768336  17904  24364    0    0     0     0  506 1157  3  5 91  0
 0  0      0 3768236  17912  24416    0    0     0  4140  495 1094  3  6 91  0
 1  0      0 3770692  17912  21240    0    0     0     0  502 1135  4  5 91  0
 0  0      0 3768220  17936  24428    0    0     0  4140  514 1154  3  7 90  0
 0  0      0 3768384  17968  24480    0    0     0  4176  485 1054  3  6 86  5
 0  0      0 3768088  17968  24460    0    0     0     0  495 1111  3  5 92  0
 0  0      0 3767980  17992  24500    0    0     0  4136  495 1094  4  5 91  0
 0  0      0 3768096  17992  24488    0    0     0     0  501 1142  3  6 91  0
 0  0      0 3767972  18016  24520    0    0     0  4140  513 1140  3  7 90  0
 1  0      0 3777148  18024  15892    0    0     0    32  475 1078  3  5 87  4
 0  0      0 3767824  18048  24552    0    0     0  4140  481 1070  3  6 91  0
 0  0      0 3767988  18072  24548    0    0     0  4140  510 1149  3  7 90  0
 0  0      0 3767840  18072  24584    0    0     0     0  501 1123  3  5 92  0
