sda1          reads   read sectors  writes    requested writes
                 945     166876        447      95808
                 957     166972        450      97296
                 970     167076        453      98768
                 983     167180        456     100248
                 996     167284        459     101736
                1011     167404        462     103240
                1027     167532        465     104752
                1040     167636        469     106400
                1060     167796        472     107952
                1079     167948        475     109528
                1099     168108        478     111088
                1120     168276        483     112688
                1141     168444        486     114256
                1161     168604        489     115832
                1184     168788        493     117496
                1212     169012        497     119568
                1230     169156        499     120608
                1258     169380        503     122696
                1282     169572        506     124264
                1305     169756        509     125832
                1328     169940        513     127464
sda1          reads   read sectors  writes    requested writes
                1346     170084        517     128536
                1369     170268        520     130080
                1392     170452        523     131656
                1417     170652        526     133224
                1441     170844        529     134800
                1464     171028        532     136352
                1487     171212        536     138024
                1511     171404        539     139584
                1536     171604        542     141144
                1561     171804        545     142712
                1586     172004        548     144288
                1610     172196        553     145856
                1635     172396        556     147424
