sda1          reads   read sectors  writes    requested writes
                2794     244700        936     248408
                2809     244820        942     253472
                2820     244908        948     258552
                2832     245004        952     261952
                2847     245124        960     267064
                2859     245220        966     272144
                2871     245316        970     275544
                2884     245420        976     280616
                2903     245572        985     285856
                2922     245724        991     291008
                2938     245852        995     294432
                2961     246036       1003     299592
                2982     246204       1009     304736
                3003     246372       1015     309880
                3021     246516       1023     315032
                3041     246676       1028     318552
                3064     246860       1034     323680
                3089     247060       1040     328824
                3113     247252       1048     333976
                3137     247444       1054     339104
                3162     247644       1060     344248
sda1          reads   read sectors  writes    requested writes
                3186     247836       1068     349424
                3211     248036       1075     354648
                3238     248252       1081     359808
                3260     248428       1087     363264
                3288     248652       1093     368432
                3317     248884       1099     373592
                3346     249116       1105     378776
                3374     249340       1113     383952
                3400     249548       1120     389176
                3428     249772       1126     394344
                3453     249972       1134     399520
                3481     250196       1140     404672
                3505     250388       1144     408128
                3533     250612       1152     413288
                3562     250844       1158     418448
