sda1          reads   read sectors  writes    requested writes
                3804     284192       1246     424384
                3824     284352       1258     434248
                3841     284488       1272     444136
                3856     284608       1284     453992
                3871     284728       1293     460592
                3890     284880       1305     470480
                3908     285024       1318     480376
                3922     285136       1326     486952
                3944     285312       1340     496968
                3967     285496       1353     506904
                3996     285728       1365     516832
                4020     285920       1378     526776
                4047     286136       1386     533408
                4070     286320       1399     543376
                4099     286552       1411     553328
                4124     286752       1426     563360
                4155     287000       1439     573312
                4188     287264       1451     583248
                4219     287512       1460     589888
                4243     287704       1472     599832
                4273     287944       1485     609776
sda1          reads   read sectors  writes    requested writes
                4306     288208       1497     619720
                4336     288448       1512     629768
                4362     288656       1520     636408
                4398     288944       1533     646352
                4425     289160       1546     656336
                4459     289432       1558     666280
                4490     289680       1571     676248
                4525     289960       1579     682880
                4550     290160       1593     692944
                4583     290424       1605     702912
                4614     290672       1619     712896
                4645     290920       1633     722864
                4675     291160       1645     732848
                4710     291440       1654     739512
                4734     291632       1666     749480
