sda1          reads   read sectors  writes    requested writes
                1864     205744        690     152168
                1880     205872        694     155736
                1893     205976        697     158416
                1904     206064        699     160216
                1918     206176        702     162928
                1932     206288        705     165640
                1945     206392        708     168352
                1961     206520        714     171200
                1979     206664        717     173960
                1999     206824        720     176720
                2016     206960        722     178576
                2034     207104        725     181320
                2054     207264        728     184064
                2072     207408        733     186848
                2093     207576        737     189696
                2111     207720        739     191536
                2135     207912        742     194296
                2159     208104        745     197048
                2182     208288        748     199808
                2206     208480        753     202592
                2230     208672        756     205352
sda1          reads   read sectors  writes    requested writes
                2253     208856        760     208192
                2277     209048        763     210952
                2299     209224        766     213712
                2318     209376        768     215552
                2344     209584        773     218328
                2368     209776        776     221088
                2393     209976        779     223848
                2409     210104        782     225776
                2434     210304        785     228536
                2458     210496        788     231296
                2481     210680        793     234080
                2506     210880        796     236840
                2533     211096        799     239592
                2558     211296        802     242352
