sda1          reads   read sectors  writes    requested writes
                2713     245756       2604    1763728
                2734     245924       2612    1770496
                2748     246036       2618    1775576
                2764     246164       2628    1782384
                2777     246268       2632    1785776
                2792     246388       2638    1790864
                2806     246500       2648    1797680
                2826     246660       2655    1802888
                2847     246828       2659    1806328
                2875     247052       2669    1813208
                2898     247236       2677    1820056
                2924     247444       2683    1825200
                2952     247668       2694    1832160
                2984     247924       2702    1839016
                3010     248132       2712    1845872
                3042     248388       2720    1852736
                3074     248644       2728    1859584
                3108     248916       2738    1866472
                3146     249220       2745    1871728
                3175     249452       2751    1876872
                3207     249708       2759    1882064
sda1          reads   read sectors  writes    requested writes
                3239     249964       2765    1887240
                3260     250132       2769    1890680
                3291     250380       2777    1895864
                3323     250636       2784    1901112
                3367     250988       2792    1907992
                3411     251340       2802    1914888
                3456     251700       2810    1921768
                3501     252060       2820    1928656
