sda1          reads   read sectors  writes    requested writes
                1792     206368       2420    1667344
                1808     206496       2424    1670912
                1825     206632       2428    1674504
                1842     206768       2431    1677208
                1860     206912       2435    1680816
                1874     207024       2441    1684456
                1897     207208       2445    1687288
                1919     207384       2449    1690976
                1945     207592       2452    1693752
                1965     207752       2456    1697416
                1990     207952       2461    1700184
                2018     208176       2466    1703968
                2041     208360       2469    1706728
                2066     208560       2473    1710400
                2097     208808       2477    1714080
                2128     209056       2483    1717784
                2160     209312       2487    1721456
                2201     209640       2492    1725248
                2229     209864       2496    1728920
                2269     210184       2500    1732600
                2306     210480       2506    1736296
sda1          reads   read sectors  writes    requested writes
                2335     210712       2510    1739976
                2382     211088       2515    1743760
                2423     211416       2520    1748360
                2463     211736       2526    1752064
                2511     212120       2530    1755736
