sda1          reads   read sectors  writes    requested writes
                3708     285728       2900    1939848
                3734     285936       2916    1953008
                3752     286080       2930    1962888
                3768     286208       2943    1972768
                3785     286344       2955    1982656
                3802     286480       2964    1989256
                3821     286632       2976    1999128
                3837     286760       2990    2009128
                3859     286936       2998    2015744
                3885     287144       3011    2025680
                3906     287312       3023    2035608
                3933     287528       3036    2045560
                3970     287824       3053    2058840
                4005     288104       3065    2068792
                4044     288416       3084    2082144
                4086     288752       3101    2095424
                4120     289024       3118    2108680
                4160     289344       3135    2121944
                4202     289680       3151    2135200
                4249     290056       3170    2148584
                4294     290416       3187    2161848
sda1          reads   read sectors  writes    requested writes
                4341     290792       3204    2175152
                4389     291176       3221    2188424
                4438     291568       3237    2201712
                4488     291968       3255    2215104
                4535     292344       3269    2225080
                4583     292728       3287    2238376
                4626     293072       3304    2251696
                4676     293472       3320    2264992
