sda1          reads   read sectors  writes    requested writes
                 877     167036       2234    1610840
                 890     167140       2237    1612328
                 908     167284       2242    1614792
                 924     167412       2245    1616288
                 943     167564       2249    1618272
                 961     167708       2253    1620296
                 981     167868       2258    1622464
                1006     168068       2261    1624032
                1032     168276       2265    1626120
                1055     168460       2271    1628248
                1080     168660       2274    1629824
                1109     168892       2279    1632008
                1133     169084       2283    1634096
                1163     169324       2287    1636168
                1193     169564       2291    1638264
                1223     169804       2294    1639824
                1254     170052       2299    1641992
                1282     170276       2305    1644112
                1316     170548       2309    1646200
                1351     170828       2312    1647760
                1386     171108       2316    1649864
sda1          reads   read sectors  writes    requested writes
                1420     171380       2320    1651952
                1452     171636       2325    1654128
                1490     171940       2328    1655696
                1531     172268       2332    1657792
                1571     172588       2336    1659880
                1611     172908       2342    1661992
