vdb1          reads   read sectors  writes    requested writes
                6142      49090      12663    5605744
                6158      49218      12708    5609416
                6171      49322      12735    5612120
                6187      49450      12783    5615936
                6216      49682      12825    5619688
                6247      49930      12872    5624248
                6269      50106      12917    5628056
                6296      50322      12953    5631728
                6315      50474      12997    5636280
                6339      50666      13036    5639944
                6354      50786      13062    5642688
                6371      50922      13099    5645600
                6395      51114      13141    5649288
                6420      51314      13182    5652984
                6445      51514      13223    5655848
                6466      51682      13268    5659584
                6492      51890      13304    5663216
                6513      52058      13342    5666056
                6532      52210      13385    5669760
                6549      52346      13410    5671672
                6557      52410      13427    5673488
vdb1          reads   read sectors  writes    requested writes
                6579      52586      13464    5676328
                6594      52706      13501    5679960
                6616      52882      13543    5683632
                6632      53010      13577    5686408
                6658      53218      13615    5690048
                6676      53362      13649    5692816
                6703      53578      13710    5697576
