vdb1          reads   read sectors  writes    requested writes
                3920      31326       8127    3694832
                3921      31334       8127    3694832
                3927      31382       8165    3697232
                3936      31454       8195    3699136
                3945      31526       8221    3700608
                3961      31654       8275    3703960
                3975      31766       8322    3706864
                3988      31870       8349    3708752
                3999      31958       8376    3710216
                4017      32102       8419    3713056
                4030      32206       8450    3714968
                4041      32294       8476    3716440
                4052      32382       8503    3717904
                4067      32502       8541    3720296
                4081      32614       8567    3722184
                4097      32742       8611    3724608
                4114      32878       8661    3727504
                4136      33054       8721    3731328
                4160      33246       8773    3734680
                4176      33374       8822    3737584
                4189      33478       8853    3739504
vdb1          reads   read sectors  writes    requested writes
                4202      33582       8880    3741384
                4213      33670       8903    3742816
