vdb1          reads   read sectors  writes    requested writes
                9488      75840      19356    8527632
                9489      75848      19356    8527632
                9498      75920      19411    8536112
                9515      76056      19462    8543096
                9542      76272      19516    8550144
                9569      76488      19565    8557072
                9588      76640      19608    8562360
                9607      76792      19648    8567616
                9635      77016      19707    8574696
                9662      77232      19764    8581752
                9685      77416      19803    8586984
                9707      77592      19859    8593984
                9727      77752      19898    8599216
                9756      77984      19978    8606152
                9778      78160      20016    8611400
                9798      78320      20052    8616600
                9818      78480      20095    8621800
                9840      78656      20135    8626968
                9861      78824      20176    8632248
                9889      79048      20235    8639264
                9916      79264      20282    8646192
vdb1          reads   read sectors  writes    requested writes
                9944      79488      20335    8653184
                9966      79664      20364    8658272
                9987      79832      20402    8663496
               10011      80024      20443    8668720
               10033      80200      20486    8673968
               10060      80416      20523    8679136
               10085      80616      20573    8686032
               10108      80800      20620    8691384
               10135      81016      20669    8698312
