vdb1          reads   read sectors  writes    requested writes
               10810      86410      21997    9585664
               10830      86570      22046    9594024
               10852      86746      22091    9600784
               10875      86930      22146    9607752
               10899      87122      22186    9614512
               10919      87282      22220    9619648
               10939      87442      22260    9624872
               10959      87602      22292    9629968
               10989      87842      22343    9636880
               11009      88002      22380    9643624
               11032      88186      22411    9648720
               11053      88354      22445    9653896
               11074      88522      22473    9658976
               11097      88706      22508    9664080
               11111      88818      22534    9667544
               11118      88874      22547    9669288
               11146      89098      22593    9676120
               11175      89330      22637    9681360
               11196      89498      22678    9688144
               11218      89674      22719    9693328
               11247      89906      22759    9700048
vdb1          reads   read sectors  writes    requested writes
               11270      90090      22805    9705320
               11290      90250      22833    9710360
               11312      90426      22867    9715504
               11333      90594      22937    9720680
               11351      90738      22972    9725784
               11381      90978      23018    9732640
               11402      91146      23058    9737800
               11424      91322      23098    9742968
               11446      91498      23126    9748064
               11466      91658      23160    9753160
