vdb1          reads   read sectors  writes    requested writes
               13430     107358      26926   11693616
               13437     107414      26973   11701904
               13446     107486      27001   11706888
               13463     107622      27034   11713488
               13480     107758      27060   11718440
               13494     107870      27093   11723448
               13503     107942      27109   11726744
               13509     107990      27118   11728400
               13531     108166      27147   11733384
               13545     108278      27181   11739984
               13561     108406      27216   11746600
               13579     108550      27253   11753216
               13592     108654      27282   11758200
               13604     108750      27312   11763184
               13620     108878      27344   11769768
               13634     108990      27371   11774744
               13648     109102      27401   11779728
               13664     109230      27429   11784712
               13677     109334      27461   11791312
               13695     109478      27495   11797928
               13712     109614      27546   11806224
vdb1          reads   read sectors  writes    requested writes
               13736     109806      27592   11814504
               13763     110022      27643   11824424
               13783     110182      27684   11831064
               13802     110334      27717   11837672
               13822     110494      27754   11844304
               13842     110654      27783   11849288
               13856     110766      27815   11855880
