vdb1          reads   read sectors  writes    requested writes
                7367      58884      15024    6582312
                7383      59012      15065    6586680
                7393      59092      15095    6589384
                7406      59196      15132    6592944
                7421      59316      15163    6595688
                7435      59428      15190    6599168
                7454      59580      15231    6602840
                7472      59724      15257    6605568
                7490      59868      15284    6608296
                7504      59980      15316    6611872
                7526      60156      15350    6615472
                7547      60324      15385    6618320
                7564      60460      15414    6621880
                7584      60620      15451    6625520
                7606      60796      15492    6629200
                7622      60924      15522    6631984
                7637      61044      15544    6634664
                7637      61044      15545    6634672
                7657      61204      15576    6638264
                7674      61340      15605    6641000
                7692      61484      15643    6644680
vdb1          reads   read sectors  writes    requested writes
                7714      61660      15675    6648256
                7732      61804      15704    6651000
                7749      61940      15742    6654664
                7769      62100      15769    6658200
                7784      62220      15795    6660904
                7808      62412      15843    6665400
                7827      62564      15891    6669120
                7855      62788      15935    6672824
