vdb1          reads   read sectors  writes    requested writes
                4870      38920      10203    4626600
                4871      38928      10203    4626600
                4886      39048      10245    4631016
                4907      39216      10289    4634800
                4934      39432      10334    4637848
                4953      39584      10376    4641656
                4975      39760      10419    4645464
                4998      39944      10471    4649336
                5027      40176      10535    4653200
                5055      40400      10581    4657024
                5074      40552      10630    4660872
                5100      40760      10683    4665488
                5127      40976      10735    4669392
                5153      41184      10783    4673248
                5174      41352      10830    4677008
                5198      41544      10873    4680840
                5223      41744      10921    4684728
                5250      41960      10972    4688648
                5275      42160      11024    4692504
                5302      42376      11062    4696208
                5323      42544      11103    4699176
vdb1          reads   read sectors  writes    requested writes
                5344      42712      11132    4701928
                5366      42888      11174    4705688
                5392      43096      11213    4709448
                5414      43272      11255    4712440
                5442      43496      11295    4716224
                5467      43696      11330    4719064
