vdb1          reads   read sectors  writes    requested writes
                 389       3106       1183     883728
                 390       3114       1188     884192
                 402       3210       1205     885192
                 412       3290       1229     886728
                 426       3402       1256     888728
                 439       3506       1281     890304
                 454       3626       1311     891968
                 482       3850       1363     895136
                 509       4066       1408     897448
                 527       4210       1444     899112
                 551       4402       1485     901360
                 570       4554       1526     903120
                 594       4746       1567     905336
                 612       4890       1612     907096
                 640       5114       1650     909240
                 662       5290       1691     911408
                 686       5482       1736     913632
                 711       5682       1786     915952
                 732       5850       1828     918072
                 758       6058       1877     920328
                 782       6250       1924     922560
vdb1          reads   read sectors  writes    requested writes
                 806       6442       1975     924816
                 832       6650       2026     927120
                 855       6834       2072     929360
                 882       7050       2132     931752
                 910       7274       2182     934032
                 931       7442       2233     936408
                 959       7666       2282     939048
