vdb1          reads   read sectors  writes    requested writes
               15806     126354      32015   13956888
               15821     126474      32073   13969968
               15839     126618      32126   13983040
               15855     126746      32175   13996024
               15873     126890      32222   14005936
               15898     127090      32276   14018992
               15924     127298      32325   14032016
               15941     127434      32372   14041864
               15967     127642      32425   14054944
               15992     127842      32474   14067992
               16010     127986      32516   14077808
               16029     128138      32558   14087680
               16048     128290      32600   14097512
               16076     128514      32661   14110712
               16097     128682      32723   14123848
               16127     128922      32772   14133752
               16151     129114      32834   14149984
               16170     129266      32880   14159864
               16191     129434      32921   14169680
               16212     129602      32969   14179584
               16231     129754      33014   14189400
vdb1          reads   read sectors  writes    requested writes
               16236     129794      33020   14189464
               16257     129962      33070   14202488
               16279     130138      33113   14212336
               16301     130314      33164   14222232
               16328     130530      33254   14235368
               16351     130714      33298   14245184
               16369     130858      33350   14255120
               16390     131026      33398   14265000
               16419     131258      33444   14274824
               16437     131402      33493   14284672
