vdb1          reads   read sectors  writes    requested writes
               18346     146662      37425   16378448
               18362     146790      37469   16391336
               18376     146902      37507   16401040
               18390     147014      37541   16410704
               18409     147166      37583   16423568
               18427     147310      37629   16436464
               18441     147422      37668   16446168
               18459     147566      37712   16459024
               18477     147710      37764   16471976
               18493     147838      37803   16484816
               18510     147974      37839   16494488
               18524     148086      37876   16504192
               18537     148190      37915   16513888
               18559     148366      37958   16526736
               18578     148518      38022   16542888
               18597     148670      38062   16555744
               18611     148782      38096   16565424
               18625     148894      38137   16575144
               18644     149046      38177   16587984
               18665     149214      38223   16600888
               18673     149278      38239   16604144
vdb1          reads   read sectors  writes    requested writes
               18673     149278      38253   16607392
               18693     149438      38297   16620232
               18707     149550      38332   16629904
               18722     149670      38375   16639616
               18740     149814      38422   16652536
               18754     149926      38456   16662200
               18772     150070      38490   16671864
               18787     150190      38531   16684736
               18800     150294      38565   16694400
