vdb1          reads   read sectors  writes    requested writes
                8511      68030      17232    7556672
                8525      68142      17262    7560152
                8532      68198      17282    7561920
                8534      68214      17294    7563632
                8542      68278      17324    7566304
                8554      68374      17348    7568912
                8566      68470      17376    7572352
                8581      68590      17408    7575848
                8592      68678      17434    7578472
                8602      68758      17462    7581112
                8614      68854      17491    7584568
                8623      68926      17521    7587216
                8635      69022      17545    7589824
                8645      69102      17577    7593304
                8656      69190      17604    7595944
                8668      69286      17632    7599392
                8678      69366      17660    7602032
                8690      69462      17691    7605504
                8700      69542      17715    7608112
                8710      69622      17743    7610752
                8724      69734      17782    7615088
vdb1          reads   read sectors  writes    requested writes
                8735      69822      17809    7617728
                8748      69926      17837    7621192
                8761      70030      17870    7624688
                8774      70134      17901    7628160
                8787      70238      17934    7631656
                8800      70342      17965    7635136
                8813      70446      17996    7638608
                8825      70542      18029    7642112
