vdb1          reads   read sectors  writes    requested writes
                1617      12924       3596    1822952
                1618      12932       3596    1822952
                1638      13092       3647    1825544
                1657      13244       3691    1828072
                1674      13380       3732    1830240
                1690      13508       3763    1832256
                1703      13612       3790    1833816
                1727      13804       3835    1836432
                1749      13980       3871    1838552
                1766      14116       3899    1840120
                1784      14260       3935    1841808
                1806      14436       3972    1843920
                1829      14620       4016    1846080
                1844      14740       4045    1847624
                1866      14916       4085    1849752
                1879      15020       4117    1851320
                1896      15156       4153    1853392
                1911      15276       4183    1854928
                1932      15444       4222    1856608
                1952      15604       4262    1858712
                1975      15788       4305    1860896
vdb1          reads   read sectors  writes    requested writes
                1991      15916       4341    1862552
                2013      16092       4375    1864536
                2030      16228       4412    1866200
                2053      16412       4448    1868288
                2070      16548       4481    1869872
                2091      16716       4522    1871992
                2115      16908       4559    1874056
                2133      17052       4593    1875680
