vdb1          reads   read sectors  writes    requested writes
                2791      22310       5896    2759528
                2792      22318       5896    2759528
                2800      22382       5931    2761480
                2807      22438       5955    2762928
                2820      22542       6004    2765472
                2838      22686       6045    2767536
                2847      22758       6073    2769432
                2857      22838       6105    2771024
                2875      22982       6142    2772720
                2897      23158       6185    2774864
                2920      23342       6225    2777368
                2942      23518       6271    2779576
                2968      23726       6314    2782136
                2989      23894       6353    2784224
                3004      24014       6373    2785288
                3019      24134       6407    2787320
                3033      24246       6432    2788824
                3052      24398       6464    2790424
                3068      24526       6491    2792408
                3094      24734       6532    2794960
                3122      24958       6573    2797112
vdb1          reads   read sectors  writes    requested writes
                3148      25166       6617    2799736
                3172      25358       6657    2802264
                3186      25470       6694    2803920
                3205      25622       6725    2805888
                3226      25790       6764    2807920
                3241      25910       6796    2809480
