vdb1          reads   read sectors  writes    requested writes
               12145      97084      24500   10640520
               12165      97244      24546   10648784
               12182      97380      24585   10653912
               12196      97492      24623   10660624
               12214      97636      24650   10665616
               12230      97764      24686   10670712
               12248      97908      24716   10675776
               12267      98060      24750   10680888
               12287      98220      24782   10686032
               12307      98380      24810   10691088
               12330      98564      24847   10697816
               12352      98740      24879   10702912
               12373      98908      24907   10707944
               12386      99012      24932   10711416
               12393      99068      24944   10713104
               12412      99220      24976   10718200
               12437      99420      25005   10723264
               12459      99596      25037   10728344
               12478      99748      25076   10735096
               12498      99908      25112   10740280
               12519     100076      25139   10745312
vdb1          reads   read sectors  writes    requested writes
               12542     100260      25173   10751984
               12564     100436      25206   10757080
               12583     100588      25242   10762224
               12611     100812      25274   10767368
               12629     100956      25308   10774064
               12649     101116      25341   10779176
               12675     101324      25388   10786016
               12697     101500      25421   10791072
               12716     101652      25457   10796184
               12744     101876      25493   10801312
               12763     102028      25527   10807960
