vdb1          reads   read sectors  writes    requested writes
               17094     136652      34787   15168520
               17109     136772      34832   15181408
               17128     136924      34886   15191384
               17139     137012      34935   15204320
               17160     137180      34982   15217288
               17176     137308      35020   15227056
               17192     137436      35064   15236896
               17209     137572      35102   15246624
               17235     137780      35150   15259640
               17253     137924      35190   15269496
               17276     138108      35235   15282448
               17297     138276      35273   15292272
               17315     138420      35307   15302000
               17339     138612      35365   15315136
               17370     138860      35423   15331376
               17396     139068      35476   15344440
               17419     139252      35529   15357488
               17444     139452      35576   15370464
               17462     139596      35615   15380272
               17481     139748      35658   15390128
               17500     139900      35686   15396712
vdb1          reads   read sectors  writes    requested writes
               17500     139900      35701   15399976
               17520     140060      35734   15409704
               17540     140220      35776   15419520
               17559     140372      35814   15429288
               17586     140588      35889   15442376
               17611     140788      35939   15455376
               17629     140932      35989   15465224
               17650     141100      36036   15475040
               17673     141284      36079   15486984
