vdb1          reads   read sectors  writes    requested writes
               14524     116104      29133   12743000
               14541     116240      29192   12756088
               14558     116376      29242   12766072
               14578     116536      29287   12775992
               14598     116696      29326   12785824
               14621     116880      29371   12795760
               14640     117032      29412   12805672
               14660     117192      29456   12815600
               14673     117296      29506   12828608
               14688     117416      29560   12838664
               14703     117536      29606   12848592
               14720     117672      29651   12858448
               14736     117800      29701   12871456
               14751     117920      29752   12881448
               14767     118048      29800   12891400
               14787     118208      29847   12901336
               14802     118328      29899   12914408
               14820     118472      29944   12924288
               14833     118576      29980   12930976
               14841     118640      29994   12934248
               14862     118808      30044   12944176
vdb1          reads   read sectors  writes    requested writes
               14888     119016      30099   12957288
               14911     119200      30139   12967080
               14931     119360      30200   12977184
               14951     119520      30235   12986920
               14972     119688      30292   12996920
               14996     119880      30385   13006952
               15016     120040      30435   13016896
               15040     120232      30476   13026672
               15061     120400      30534   13036656
               15083     120576      30582   13046632
               15108     120776      30623   13056496
               15130     120952      30681   13066480
