vdb1          reads   read sectors  writes    requested writes
               24169     193168      63301   29703192
               25172     201192      63355   29735272
               26989     215728      63384   29751272
               28200     225416      63410   29767272
               29581     236464      63451   29791272
               30391     242944      63480   29807296
               31553     252240      63632   29892552
               33212     265512      63656   29908552
               34368     274760      63692   29932552
               35315     282336      63733   29956552
               37187     297312      63772   29980552
               38974     311608      63892   30057032
               39874     318808      63919   30073032
               41793     334160      63961   30097032
               42672     341192      63991   30113032
               43300     346216      64042   30139296
               43313     346320      64117   30190784
               43363     346720      64174   30222776
               43377     346832      64239   30262776
               43418     347160      64296   30294776
               43460     347496      64354   30326776
vdb1          reads   read sectors  writes    requested writes
               43501     347824      64412   30359808
               43853     350640      64693   30544224
               43895     350976      64750   30576224
               43949     351408      64819   30616224
               43985     351696      64876   30648224
               44046     352184      65150   30822496
               44253     353840      65201   30849496
               44300     354216      65259   30881592
               44347     354592      65315   30913496
               44372     354792      65467   30954200
