vdb1          reads   read sectors  writes    requested writes
               44746     357778      68383   32092872
               45157     361066      68447   32132952
               45441     363338      68510   32172952
               46372     370786      68569   32212952
               47232     377666      68621   32244952
               48183     385274      68648   32260976
               49620     396770      68781   32345616
               50738     405714      68807   32361616
               51492     411746      68857   32393616
               52639     420922      68883   32409616
               53775     430010      68911   32425616
               54976     439618      68996   32469000
               55817     446346      69043   32493000
               57665     461130      69091   32517000
               58486     467698      69149   32541000
               59410     475090      69197   32565000
               60303     482234      69287   32601056
               60303     482234      69288   32601088
               60913     487114      69344   32633056
               62306     498258      69409   32665056
               63536     508098      69453   32681056
vdb1          reads   read sectors  writes    requested writes
               64808     518274      69555   32733008
               65022     519986      69625   32773008
               65940     527330      69666   32797008
               66333     530474      69722   32829008
               67003     535834      69778   32861008
               68015     543930      69868   32920136
               68299     546202      69930   32960136
               68968     551554      69991   33000136
