vdb1          reads   read sectors  writes    requested writes
               70147     560980      73237   34122664
               70417     563140      73302   34162744
               70935     567284      73363   34202744
               71084     568476      73436   34250744
               71701     573412      73472   34274744
               72358     578668      73526   34306768
               73043     584148      73600   34353184
               73658     589068      73664   34393184
               74313     594308      73716   34425184
               74995     599764      73754   34449184
               75553     604228      73803   34481184
               76209     609476      73869   34519728
               76351     610612      73944   34567728
               76969     615556      73980   34591728
               77969     623556      74033   34623728
               78636     628892      74080   34647728
               79234     633676      74182   34711328
               80200     641404      74256   34751328
               81200     649404      74285   34767328
               81828     654428      74326   34791328
               82487     659700      74397   34823328
vdb1          reads   read sectors  writes    requested writes
               82880     662844      74461   34862608
               82880     662844      74500   34886608
               83878     670828      74564   34926608
               84390     674924      74621   34958608
               85002     679820      74676   34982608
