vdb1          reads   read sectors  writes    requested writes
                 389       3106       1243     883728
                 390       3114       1248     884192
                 404       3226       1264     885192
                 419       3346       1292     887112
                 419       3346       1292     887112
                 419       3346       1292     887112
                 419       3346       1292     887112
                 419       3346       1292     887112
                 419       3346       1292     887112
                 419       3346       1292     887112
                 419       3346       1292     887112
                 419       3346       1292     887112
                 419       3346       1292     887112
                 419       3346       1292     887112
                 419       3346       1292     887112
                 419       3346       1292     887112
                 419       3346       1292     887112
                 419       3346       1292     887112
                 419       3346       1292     887112
                 419       3346       1292     887112
                 419       3346       1292     887112
vdb1          reads   read sectors  writes    requested writes
                 419       3346       1292     887112
                 419       3346       1292     887112
                 419       3346       1292     887112
                 419       3346       1292     887112
                 419       3346       1292     887112
                 419       3346       1292     887112
                 419       3346       1292     887112
                 419       3346       1292     887112
                 419       3346       1292     887112
                 419       3346       1292     887112
                 419       3346       1292     887112
                 419       3346       1292     887112
                 419       3346       1292     887112
                 419       3346       1292     887112
                 419       3346       1292     887112
                 419       3346       1292     887112
                 419       3346       1292     887112
