procs -----------memory---------- ---swap-- -----io---- -system-- ----cpu----
 r  b   swpd   free   buff  cache   si   so    bi    bo   in   cs us sy id wa
 0  1      0 3030504  30672 875500    0    0   342    13    8   11  0  0 100  0
 0  0      0 3030224  30704 875568    0    0    12 11720  121   76  0  0 74 26
 0  0      0 3944200    136   5148    0    0  5868  1080  752  808  1  3 94  2
 0  0      0 3943836    128   5180    0    0  4420  1092  695  739  1  2 96  2
 0  0      0 3944232    140   5052    0    0  3296  1052  615  575  0  2 96  2
 0  0      0 3944240    144   5200    0    0  4404  1100  733  756  0  2 96  2
 0  0      0 3944224    148   5216    0    0  4436  1100  710  735  1  3 93  3
 0  0      0 3944224    140   5300    0    0  4416   932  693  736  0  3 95  1
 1  0      0 3944100    148   5328    0    0  3300  1108  597  574  0  3 95  2
 0  0      0 3944224    144   5136    0    0  5496  1144  790  891  0  1 96  2
 1  0      0 3944116    152   5344    0    0  3304  1116  605  579  0  2 95  3
 0  0      0 3944116    152   5160    0    0  4404  1160  692  729  1  2 95  2
 0  0      0 3943992    144   5236    0    0  4404   920  683  724  0  3 95  1
 0  1      0 3943992    144   5352    0    0  4408  1112  688  727  0  3 94  2
 0  0      0 3944116    144   5096    0    0  4408  1124  695  734  1  2 95  2
 1  1      0 3944496    132   4784    0    0  4128  1104  652  666  0  3 95  1
 0  0      0 3943992    152   5272    0    0  3596  1156  647  640  1  2 94  3
 0  0      0 3944000    148   5084    0    0  4412   908  685  726  0  2 94  3
 0  0      0 3944000    144   5240    0    0  4424  1128  700  734  0  2 97  1
 0  0      0 3944000    152   5112    0    0  4428  1384  696  741  0  2 96  2
 0  0      0 3944000    152   5340    0    0  4436  1172  699  740  1  2 95  2
procs -----------memory---------- ---swap-- -----io---- -system-- ----cpu----
 r  b   swpd   free   buff  cache   si   so    bi    bo   in   cs us sy id wa
 0  0      0 3944000    152   5156    0    0  4424  1116  695  730  1  2 96  2
 0  0      0 3943876    144   5376    0    0  4436   924  682  722  0  3 95  2
 0  0      0 3943876    144   5240    0    0  4436  1120  697  728  1  3 93  3
 0  0      0 3943752    152   5300    0    0  3332  1152  609  581  1  2 95  2
 0  0      0 3943876    144   5260    0    0  4432   860  689  720  0  3 95  2
 0  0      0 3943752    144   5164    0    0  4448  1128  695  736  1  2 94  2
procs -----------memory---------- ---swap-- -----io---- -system-- ----cpu----
 r  b   swpd   free   buff  cache   si   so    bi    bo   in   cs us sy id wa
 0  1      0 3925112  17732   6284    0    0   377    29   15   18  0  0 100  0
 0  0      0 3943808    120   5432    0    0  3604  2032  666  670  1  2 94  4
 0  0      0 3943552    116   5280    0    0  5496  1896  793  890  0  3 95  2
 0  0      0 3943700    124   5436    0    0  4368  2332  764  735  1  4 92  4
 0  0      0 3944056    132   5356    0    0  5492  1952  869  902  1  3 92  3
 0  0      0 3943808    128   5400    0    0  5592  2896  901  956  1  3 92  3
 0  0      0 3944172    120   5436    0    0  5512  1944  875  919  1  4 92  3
 0  1      0 3943800    120   5324    0    0  5536  2396  870  913  1  4 92  2
 0  0      0 3944048    124   5360    0    0  4452  1960  779  765  1  3 93  2
 0  0      0 3943800    132   5460    0    0  4476  2432  772  772  1  4 92  3
 1  0      0 3944056    116   5360    0    0  6664  2400  974 1068  1  4 92  3
 1  0      0 3944692    116   4808    0    0  5264  2436  836  875  0  3 93  3
 0  1      0 3943668    120   5364    0    0  5824  2420  926  993  1  5 92  2
 0  0      0 3943792    124   5384    0    0  4452  1972  770  765  1  3 93  4
 1  1      0 3945056    144   4484    0    0  5212  2384  798  818  0  4 93  3
 0  0      0 3943808    120   5428    0    0  5048  1984  830  862  0  4 92  3
 0  0      0 3943808    128   5532    0    0  5564  2868  885  936  1  5 92  3
 0  0      0 3943792    128   5512    0    0  5536  2408  872  939  0  4 94  2
 0  0      0 3943436    116   5440    0    0  5580  2020  854  914  1  3 92  4
 0  0      0 3943552    120   5544    0    0  4496  1916  732  740  1  3 92  3
 0  0      0 3943552    120   5484    0    0  4532  1936  695  757  0  2 96  3
procs -----------memory---------- ---swap-- -----io---- -system-- ----cpu----
 r  b   swpd   free   buff  cache   si   so    bi    bo   in   cs us sy id wa
 0  0      0 3943420    120   5608    0    0  4516  1916  689  747  0  1 97  2
procs -----------memory---------- ---swap-- -----io---- -system-- ----cpu----
 r  b   swpd   free   buff  cache   si   so    bi    bo   in   cs us sy id wa
 1  0      0 3926176  17004   6520    0    0   412    47   21   24  0  0 99  0
 0  0      0 3943684    104   5872    0    0  4708  3596  776  829  0  3 93  3
 0  0      0 3943568    116   5692    0    0  4420  3468  722  739  1  3 93  3
 1  0      0 3943684    124   5864    0    0  4448  3488  718  747  0  3 95  3
 0  0      0 3943568    116   5808    0    0  4424  3512  694  728  1  4 93  3
 0  0      0 3943444    128   5844    0    0  4396  3532  699  732  1  2 95  3
 0  0      0 3943320    128   5840    0    0  4396  3508  699  739  0  3 96  1
 0  0      0 3943436    132   5772    0    0  4412  3508  694  728  1  3 95  2
 0  0      0 3943436    140   5828    0    0  4400  3548  704  737  0  2 96  2
 0  0      0 3943312    140   5900    0    0  4408  3516  705  751  0  3 95  2
 0  0      0 3943312    144   5948    0    0  4400  3568  709  752  0  2 95  2
 0  1      0 3943320    140   5964    0    0  4420  3504  680  725  0  2 96  1
 0  0      0 3943196    140   5840    0    0  4408  3540  719  738  0  2 96  2
 0  0      0 3943072    140   5960    0    0  4424  3512  708  737  0  3 94  2
 0  0      0 3943196    148   6000    0    0  4416  4360  724  751  0  2 95  2
 0  0      0 3943196    152   5860    0    0  4432  3572  713  744  1  4 93  2
 0  0      0 3943196    144   6060    0    0  4444  3548  714  740  0  3 94  3
 0  0      0 3942972    148   5896    0    0  4456  3532  708  745  0  3 93  3
 0  1      0 3943064    140   5948    0    0  5536  3536  798  896  0  3 95  2
 0  0      0 3942948    140   6072    0    0  4456  3544  728  756  0  3 94  3
 0  0      0 3942940    148   5940    0    0  4448  4448  726  755  1  3 95  1
procs -----------memory---------- ---swap-- -----io---- -system-- ----cpu----
 r  b   swpd   free   buff  cache   si   so    bi    bo   in   cs us sy id wa
 0  0      0 3942816    140   6116    0    0  5592  3548  807  905  0  3 94  2
 0  0      0 3942948    140   5984    0    0  4460  3524  713  742  1  3 94  2
 0  0      0 3942940    148   5980    0    0  4472  4376  730  764  0  2 95  2
 0  0      0 3942940    140   6024    0    0  5576  3576  811  904  0  2 95  2
procs -----------memory---------- ---swap-- -----io---- -system-- ----cpu----
 r  b   swpd   free   buff  cache   si   so    bi    bo   in   cs us sy id wa
 1  0      0 3926184  16876   6380    0    0   443    77   26   30  0  0 99  0
 1  0      0 3944832    112   4824    0    0  3468  5104  661  622  1  4 93  2
 0  0      0 3942832    128   6684    0    0  4496  6688  777  757  1  4 91  3
 0  0      0 3942732    148   6620    0    0  4452  8348  765  757  1  4 93  2
 0  0      0 3942476    136   6532    0    0  5484  6692  841  883  2  4 92  2
 0  0      0 3942344    140   6628    0    0  4432  6716  746  739  1  6 91  3
 0  1      0 3942344    128   6552    0    0  4476  6688  672  711  1  2 96  2
 1  1      0 3944220    124   4892    0    0  4164  6724  648  681  0  1 95  3
 0  0      0 3942228    132   6708    0    0  3576  5052  627  621  0  4 94  2
 0  1      0 3942344    148   6740    0    0  3368  6700  613  581  0  3 95  2
 1  1      0 3944220    124   4980    0    0  4140  5040  649  656  0  2 95  3
 1  0      0 3942252    152   6824    0    0  2512  5080  540  476  0  4 93  3
 0  0      0 3942220    136   6692    0    0  4444  5088  690  727  0  3 95  2
 0  0      0 3942220    144   6876    0    0  3336  6696  615  589  0  2 96  1
 0  0      0 3942252    144   6896    0    0  3360  5036  604  570  0  4 93  3
 1  0      0 3942128    148   6860    0    0  3336  5032  592  582  0  2 96  2
 0  0      0 3942104    140   7016    0    0  4436  5056  694  723  0  3 94  3
 0  0      0 3941972    148   6860    0    0  3360  5128  601  578  1  4 94  2
 1  1      0 3943848    132   5156    0    0  4212  6700  663  682  0  3 95  2
 0  0      0 3941980    140   7088    0    0  3600  5052  625  626  0  3 94  3
 0  0      0 3942004    160   7028    0    0  3388  6712  618  581  0  3 96  1
procs -----------memory---------- ---swap-- -----io---- -system-- ----cpu----
 r  b   swpd   free   buff  cache   si   so    bi    bo   in   cs us sy id wa
 0  0      0 3941972    140   6996    0    0  4464  5052  693  732  0  3 94  2
 0  0      0 3941848    140   7168    0    0  3364  5076  591  573  0  4 93  3
 0  0      0 3941980    148   6928    0    0  3360  5092  600  573  1  3 94  2
 0  0      0 3942096    140   7072    0    0  3328  5048  596  568  1  6 91  3
 1  1      0 3943980    132   5164    0    0  3064  5028  550  504  1  4 92  3
 0  0      0 3941864    156   7084    0    0  2492  5044  537  461  1  5 92  2
 0  0      0 3941848    140   7008    0    0  3324  3388  592  562  0  5 91  4
 1  0      0 3943980    132   5252    0    0  3180  5076  567  536  1  5 91  3
 0  0      0 3942128    152   7136    0    0  2432  5044  531  447  0  4 93  4
 0  0      0 3942004    152   7160    0    0  3336  5064  596  572  0  6 92  2
