vdb1          reads   read sectors  writes    requested writes
                8972      71722      18456    8513536
                8973      71730      18456    8513536
                8983      71810      18494    8520224
                8997      71922      18528    8526944
                9011      72034      18555    8532048
                9025      72146      18588    8537208
                9041      72274      18624    8543936
                9061      72434      18666    8550800
                9077      72562      18699    8555896
                9098      72730      18739    8562656
                9114      72858      18772    8567752
                9129      72978      18804    8572832
                9145      73106      18837    8577944
                9166      73274      18888    8584800
                9175      73346      18936    8588152
                9175      73346      18936    8588152
                9175      73346      18936    8588152
                9175      73346      18936    8588152
                9175      73346      18936    8588152
                9196      73514      18968    8593248
                9220      73706      19021    8601736
vdb1          reads   read sectors  writes    requested writes
                9241      73874      19064    8608544
                9266      74074      19111    8615408
                9283      74210      19155    8622216
                9303      74370      19190    8628936
                9319      74498      19229    8634104
                9344      74698      19267    8640856
                9361      74834      19304    8646008
                9381      74994      19337    8652656
                9398      75130      19378    8657904
                9419      75298      19416    8664640
                9436      75434      19455    8669808
                9458      75610      19487    8674920
                9480      75786      19527    8681688
