vdb1          reads   read sectors  writes    requested writes
               11268      90078      23154   10619584
               11279      90166      23195   10626224
               11293      90278      23243   10634552
               11304      90366      23271   10639536
               11320      90494      23316   10647864
               11334      90606      23349   10654472
               11352      90750      23385   10661200
               11373      90918      23431   10669616
               11388      91038      23458   10674648
               11406      91182      23501   10681424
               11424      91326      23532   10688064
               11438      91438      23564   10693136
               11456      91582      23596   10699808
               11470      91694      23628   10704888
               11488      91838      23662   10711568
               11503      91958      23693   10716672
               11521      92102      23722   10723328
               11538      92238      23758   10730040
               11554      92366      23787   10735072
               11570      92494      23818   10740136
               11586      92622      23850   10746824
vdb1          reads   read sectors  writes    requested writes
               11604      92766      23885   10753552
               11621      92902      23923   10760264
               11639      93046      23963   10766976
               11653      93158      24000   10772080
               11674      93326      24045   10780432
               11691      93462      24085   10787144
