vdb1          reads   read sectors  writes    requested writes
                6988      55862      14128    6569504
                6989      55870      14128    6569504
                7007      56014      14178    6574768
                7018      56102      14205    6578232
                7029      56190      14235    6580936
                7043      56302      14263    6584400
                7054      56390      14289    6587056
                7071      56526      14318    6590616
                7089      56670      14349    6594192
                7104      56790      14376    6596920
                7121      56926      14406    6600472
                7139      57070      14437    6604048
                7154      57190      14464    6606776
                7169      57310      14489    6609496
                7187      57454      14517    6613016
                7201      57566      14543    6615728
                7220      57718      14574    6619272
                7242      57894      14618    6623808
                7266      58086      14663    6629128
                7282      58214      14690    6631856
                7300      58358      14718    6635408
vdb1          reads   read sectors  writes    requested writes
                7315      58478      14746    6638152
                7333      58622      14774    6641672
                7351      58766      14801    6645160
                7369      58910      14834    6647968
                7385      59038      14860    6650656
                7403      59182      14903    6654208
                7421      59326      14939    6657784
