vdb1          reads   read sectors  writes    requested writes
               13316     106450      27632   12720432
               13332     106578      27681   12733416
               13351     106730      27723   12746408
               13370     106882      27774   12759512
               13394     107074      27830   12775824
               13427     107338      27920   12795424
               13442     107458      27966   12808408
               13462     107618      28021   12821480
               13478     107746      28064   12831312
               13499     107914      28115   12844328
               13514     108034      28158   12854160
               13532     108178      28207   12867176
               13549     108314      28248   12876968
               13552     108338      28264   12880264
               13564     108434      28288   12886752
               13584     108594      28332   12896608
               13599     108714      28384   12909600
               13615     108842      28430   12919464
               13634     108994      28477   12932448
               13650     109122      28516   12942240
               13667     109258      28562   12952112
vdb1          reads   read sectors  writes    requested writes
               13686     109410      28608   12965088
               13703     109546      28655   12974944
               13723     109706      28695   12984736
               13739     109834      28748   12997760
               13755     109962      28798   13007608
               13770     110082      28839   13017384
               13794     110274      28894   13030400
               13809     110394      28944   13040240
