vdb1          reads   read sectors  writes    requested writes
               14480     115756      30282   13930624
               14496     115884      30328   13943528
               14508     115980      30362   13953248
               14517     116052      30398   13962952
               14531     116164      30435   13972704
               14551     116324      30483   13985776
               14567     116452      30528   13998736
               14582     116572      30564   14008496
               14597     116692      30599   14018248
               14612     116812      30641   14028048
               14626     116924      30670   14037760
               14641     117044      30709   14047560
               14659     117188      30749   14060528
               14672     117292      30790   14070344
               14690     117436      30826   14080080
               14703     117540      30877   14093104
               14722     117692      30940   14106056
               14737     117812      30981   14115808
               14755     117956      31025   14125608
               14758     117980      31048   14132096
               14771     118084      31076   14138616
vdb1          reads   read sectors  writes    requested writes
               14787     118212      31124   14151568
               14803     118340      31171   14161392
               14820     118476      31220   14174320
               14834     118588      31260   14184072
               14851     118724      31304   14193872
               14866     118844      31356   14206864
               14880     118956      31401   14216648
               14897     119092      31440   14226408
               14912     119212      31487   14239376
               14925     119316      31526   14249112
