vdb1          reads   read sectors  writes    requested writes
                1570      12548       3322    1819880
                1571      12556       3322    1819880
                1585      12668       3361    1822304
                1595      12748       3387    1823792
                1608      12852       3417    1825768
                1624      12980       3442    1827744
                1638      13092       3468    1829296
                1654      13220       3499    1831304
                1670      13348       3525    1832872
                1689      13500       3551    1834872
                1710      13668       3581    1836920
                1726      13796       3608    1838504
                1745      13948       3642    1840544
                1765      14108       3673    1842552
                1785      14268       3709    1844592
                1801      14396       3741    1846168
                1820      14548       3777    1848208
                1839      14700       3809    1850208
                1859      14860       3846    1852264
                1878      15012       3882    1854320
                1895      15148       3915    1855904
vdb1          reads   read sectors  writes    requested writes
                1914      15300       3947    1857896
                1934      15460       3983    1859936
                1950      15588       4014    1861504
                1970      15748       4046    1863528
                1989      15900       4083    1865568
                2009      16060       4118    1867608
                2026      16196       4151    1869200
