vdb1          reads   read sectors  writes    requested writes
                4743      37914       9670    4620144
                4744      37922       9672    4620248
                4759      38042       9720    4625488
                4773      38154       9751    4629096
                4796      38338       9797    4634560
                4817      38506       9839    4639200
                4841      38698       9899    4644720
                4860      38850       9948    4648336
                4877      38986       9981    4651136
                4902      39186      10025    4655664
                4924      39362      10059    4658472
                4945      39530      10109    4663072
                4970      39730      10158    4667664
                4996      39938      10198    4671344
                5017      40106      10247    4675936
                5042      40306      10290    4680456
                5059      40442      10324    4683264
                5084      40642      10358    4686872
                5105      40810      10398    4690560
                5122      40946      10427    4693312
                5139      41082      10461    4696120
vdb1          reads   read sectors  writes    requested writes
                5160      41250      10494    4699752
                5181      41418      10533    4703416
                5198      41554      10567    4706224
                5218      41714      10600    4709832
