vdb1          reads   read sectors  writes    requested writes
                5888      47068      11923    5595568
                5896      47132      11970    5600816
                5902      47180      11997    5603488
                5917      47300      12027    5607040
                5935      47444      12058    5610648
                5949      47556      12084    5613392
                5967      47700      12113    5616984
                5985      47844      12144    5620592
                6002      47980      12171    5623352
                6020      48124      12202    5626920
                6037      48260      12228    5629664
                6054      48396      12255    5633232
                6073      48548      12292    5636856
                6081      48612      12314    5638688
                6089      48676      12324    5639616
                6108      48828      12368    5643168
                6127      48980      12405    5646784
                6142      49100      12437    5649528
                6164      49276      12480    5654008
                6186      49452      12526    5658520
                6209      49636      12580    5663120
vdb1          reads   read sectors  writes    requested writes
                6228      49788      12617    5666720
                6247      49940      12649    5670272
                6267      50100      12685    5673896
                6282      50220      12717    5676640
                6301      50372      12749    5680200
                6319      50516      12787    5683808
