vdb1          reads   read sectors  writes    requested writes
               16651     133112      35365   16347648
               16662     133200      35411   16360568
               16672     133280      35445   16370240
               16681     133352      35479   16379872
               16692     133440      35509   16386360
               16703     133528      35551   16399232
               16713     133608      35594   16408952
               16726     133712      35636   16421792
               16738     133808      35681   16434680
               16751     133912      35731   16447584
               16760     133984      35768   16457280
               16772     134080      35819   16470192
               16784     134176      35853   16479856
               16795     134264      35894   16492728
               16807     134360      35935   16502440
               16820     134464      35976   16515288
               16832     134560      36021   16528184
               16841     134632      36059   16537896
               16853     134728      36101   16550768
               16863     134808      36140   16560480
               16877     134920      36175   16570152
vdb1          reads   read sectors  writes    requested writes
               16887     135000      36217   16583024
               16900     135104      36250   16592696
               16911     135192      36291   16605576
               16920     135264      36329   16615272
               16931     135352      36363   16624944
               16943     135448      36404   16637808
               16954     135536      36443   16647528
               16966     135632      36486   16660384
