vdb1          reads   read sectors  writes    requested writes
               12349      98720      25397   11671048
               12357      98784      25435   11677680
               12358      98792      25441   11679304
               12365      98848      25470   11684288
               12373      98912      25503   11689304
               12386      99016      25535   11695872
               12397      99104      25574   11702496
               12408      99192      25607   11707512
               12420      99288      25639   11714088
               12433      99392      25682   11720752
               12449      99520      25735   11730648
               12460      99608      25776   11737280
               12471      99696      25810   11742280
               12484      99800      25838   11747464
               12493      99872      25872   11753824
               12505      99968      25905   11758840
               12517     100064      25938   11765408
               12528     100152      25971   11770424
               12543     100272      26015   11778672
               12556     100376      26051   11785288
               12567     100464      26079   11790256
vdb1          reads   read sectors  writes    requested writes
               12579     100560      26111   11795272
               12594     100680      26152   11803520
               12606     100776      26188   11810136
               12619     100880      26224   11816752
               12630     100968      26253   11821736
               12643     101072      26287   11828352
               12654     101160      26319   11833344
