vdb1          reads   read sectors  writes    requested writes
                2699      21574       5493    2754560
                2714      21694       5522    2756048
                2717      21718       5536    2757008
                2729      21814       5564    2758896
                2738      21886       5590    2760368
                2752      21998       5626    2762760
                2764      22094       5659    2764744
                2782      22238       5689    2766728
                2802      22398       5719    2768744
                2824      22574       5759    2771304
                2853      22806       5798    2773808
                2878      23006       5845    2776872
                2900      23182       5879    2779336
                2918      23326       5908    2781344
                2937      23478       5938    2783360
                2952      23598       5964    2784912
                2970      23742       5995    2786928
                2988      23886       6026    2788904
                3003      24006       6051    2790440
                3025      24182       6090    2792976
                3044      24334       6116    2794936
vdb1          reads   read sectors  writes    requested writes
                3062      24478       6152    2797016
                3080      24622       6188    2799024
                3097      24758       6224    2801040
                3114      24894       6260    2803048
