vdb1          reads   read sectors  writes    requested writes
               10142      81076      20834    9567256
               10157      81196      20872    9573912
               10170      81300      20910    9580592
               10186      81428      20939    9585640
               10202      81556      20969    9592312
               10216      81668      21000    9597424
               10234      81812      21033    9604128
               10250      81940      21063    9609248
               10267      82076      21092    9614296
               10286      82228      21127    9621056
               10308      82404      21172    9629496
               10327      82556      21203    9636168
               10342      82676      21236    9641272
               10361      82828      21273    9647976
               10376      82948      21309    9653088
               10395      83100      21346    9659784
               10410      83220      21381    9664904
               10430      83380      21416    9671592
               10445      83500      21453    9676688
               10464      83652      21492    9683384
               10479      83772      21527    9688480
vdb1          reads   read sectors  writes    requested writes
               10498      83924      21569    9695240
               10517      84076      21612    9701984
               10535      84220      21650    9708688
               10551      84348      21686    9713808
               10570      84500      21726    9720512
               10585      84620      21760    9725600
               10607      84796      21802    9732432
