vdb1          reads   read sectors  writes    requested writes
                3787      30272       7588    3688376
                3788      30280       7588    3688376
                3792      30312       7624    3690328
                3800      30376       7667    3693168
                3807      30432       7699    3695080
                3814      30488       7726    3696552
                3824      30568       7754    3698432
                3834      30648       7782    3699928
                3848      30760       7809    3701816
                3862      30872       7841    3703728
                3875      30976       7877    3705672
                3890      31096       7913    3708032
                3901      31184       7942    3709536
                3913      31280       7970    3711416
                3923      31360       7998    3712888
                3936      31464       8022    3714320
                3953      31600       8069    3717192
                3965      31696       8095    3718736
                3975      31776       8126    3720568
                3992      31912       8159    3722928
                4006      32024       8189    3724840
vdb1          reads   read sectors  writes    requested writes
                4018      32120       8212    3726280
                4029      32208       8239    3727744
                4042      32312       8269    3729664
                4058      32440       8306    3732056
                4072      32552       8340    3734000
                4084      32648       8368    3735880
