vdb1          reads   read sectors  writes    requested writes
                8082      64608      16363    7542560
                8083      64616      16363    7542560
                8092      64688      16402    7546912
                8099      64744      16433    7550384
                8107      64808      16462    7553056
                8115      64872      16493    7556536
                8124      64944      16516    7559144
                8133      65016      16551    7562672
                8142      65088      16578    7566112
                8151      65160      16609    7569592
                8158      65216      16639    7572256
                8168      65296      16666    7575696
                8177      65368      16693    7578336
                8186      65440      16723    7581816
                8195      65512      16754    7585296
                8204      65584      16781    7587936
                8213      65656      16811    7591408
                8222      65728      16842    7594888
                8230      65792      16869    7597528
                8239      65864      16899    7600992
                8248      65936      16930    7604472
vdb1          reads   read sectors  writes    requested writes
                8256      66000      16954    7607096
                8264      66064      16983    7609752
                8273      66136      17014    7613232
                8282      66208      17042    7616680
                8290      66272      17075    7620168
                8299      66344      17106    7623648
                8307      66408      17136    7626312
                8315      66472      17163    7629752
