vdb1          reads   read sectors  writes    requested writes
                 389       3106       1095     883728
                 390       3114       1100     884192
                 404       3226       1120     885232
                 421       3362       1146     887192
                 436       3482       1169     888728
                 453       3618       1195     890304
                 467       3730       1226     892352
                 484       3866       1254     894344
                 500       3994       1287     895984
                 521       4162       1321     898040
                 538       4298       1355     899672
                 560       4474       1394     901720
                 585       4674       1443     904360
                 606       4842       1482     906480
                 623       4978       1516     908112
                 644       5146       1549     910168
                 665       5314       1583     911800
                 683       5458       1616     913856
                 709       5666       1659     916016
                 726       5802       1691     918056
                 747       5970       1729     920160
vdb1          reads   read sectors  writes    requested writes
                 764       6106       1763     921800
                 785       6274       1797     923848
                 807       6450       1829     925488
                 824       6586       1862     927536
                 847       6770       1900     929656
                 869       6946       1938     931768
                 890       7114       1977     933872
                 912       7290       2015     935976
