vdb1          reads   read sectors  writes    requested writes
               15594     124662      32858   15139536
               15609     124782      32906   15152424
               15620     124870      32942   15162128
               15630     124950      32983   15171856
               15644     125062      33026   15184752
               15657     125166      33064   15194480
               15668     125254      33106   15207376
               15685     125390      33157   15220400
               15700     125510      33203   15233352
               15713     125614      33242   15243128
               15730     125750      33286   15256104
               15750     125910      33339   15272288
               15770     126070      33401   15288560
               15777     126126      33424   15295040
               15798     126294      33470   15308008
               15825     126510      33551   15330688
               15845     126670      33612   15346952
               15871     126878      33687   15369624
               15884     126982      33723   15379352
               15898     127094      33764   15389144
               15915     127230      33806   15402064
vdb1          reads   read sectors  writes    requested writes
               15937     127406      33879   15418352
               15959     127582      33956   15437832
               15976     127718      34003   15450768
               15990     127830      34042   15460496
