vdb1          reads   read sectors  writes    requested writes
               76982     615670      71237   33989616
               77117     616750      71302   34029696
               77983     623678      71339   34053696
               78634     628886      71406   34093696
               79362     634710      71457   34125696
               79990     639734      71513   34157720
               80953     647438      71553   34182064
               81095     648574      71627   34222064
               81687     653310      71680   34254064
               82246     657782      71744   34294064
               82693     661358      71831   34334064
               83300     666214      71914   34384240
               83945     671374      71979   34424240
               84560     676294      72034   34456240
               85485     683694      72110   34496240
               86425     691214      72181   34536240
               86709     693486      72290   34601456
               86851     694622      72355   34641456
               87434     699286      72440   34681456
               88526     708022      72536   34721456
               89434     715286      72562   34737456
vdb1          reads   read sectors  writes    requested writes
               90076     720422      72660   34794864
               90687     725310      72730   34826864
               91687     733310      72785   34850864
