vdb1          reads   read sectors  writes    requested writes
               22280     178066      60931   29668056
               22834     182498      60981   29700136
               24738     197730      61026   29724136
               25661     205114      61064   29748136
               26827     214442      61103   29772136
               27918     223170      61142   29796160
               29371     234794      61281   29889672
               30441     243354      61306   29905672
               32324     258418      61349   29929672
               33326     266434      61389   29953672
               35066     280354      61434   29977672
               36130     288866      61589   30078256
               37291     298154      61618   30094256
               38566     308354      61646   30110256
               40033     320090      61684   30134256
               41884     334898      61726   30158256
               42826     342434      61867   30252048
               44083     352490      61894   30268048
               45215     361546      61949   30300048
               46011     367914      61991   30324048
               46434     371298      62046   30356048
vdb1          reads   read sectors  writes    requested writes
               47581     380474      62213   30462040
               47941     383354      62224   30467304
               48214     385538      62227   30470040
               48250     385826      62286   30502040
               48489     387738      62341   30534040
               48518     387970      62514   30643432
               48572     388402      62585   30683432
               48594     388578      62643   30715432
               48636     388914      62698   30747432
               48685     389306      62829   30780072
               48704     389458      63104   30954744
