vdb1          reads   read sectors  writes    requested writes
               49091     392548      66512   32028832
               49978     399644      66578   32068912
               50809     406292      66633   32100912
               52031     416068      66659   32116912
               52628     420844      66711   32148912
               53826     430428      66738   32164936
               55107     440676      66829   32222080
               55882     446876      66883   32254080
               56898     455004      66958   32294080
               57638     460924      67015   32326080
               58978     471644      67092   32366080
               60889     486932      67214   32443968
               62023     496004      67312   32475968
               62559     500292      67392   32507968
               63889     510932      67425   32523968
               64548     516204      67508   32571968
               66826     534428      67611   32634512
               67484     539692      67666   32666512
               68392     546956      67691   32682512
               69527     556036      67747   32714512
               70073     560404      67790   32738512
vdb1          reads   read sectors  writes    requested writes
               70948     567404      67894   32797648
               71515     571940      67944   32826280
               72082     576476      67992   32853648
               72758     581884      68037   32877648
               74200     593420      68075   32901648
               74622     596796      68075   32901648
               75622     604796      68199   32977368
