vdb1          reads   read sectors  writes    requested writes
                 389       3106       1125     883728
                 396       3162       1140     884696
                 412       3290       1168     886536
                 412       3290       1168     886536
                 412       3290       1168     886536
                 412       3290       1168     886536
                 412       3290       1168     886536
                 412       3290       1168     886536
                 412       3290       1168     886536
                 412       3290       1168     886536
                 412       3290       1168     886536
                 412       3290       1168     886536
                 412       3290       1168     886536
                 412       3290       1168     886536
                 412       3290       1168     886536
                 412       3290       1168     886536
                 412       3290       1168     886536
                 412       3290       1168     886536
                 412       3290       1168     886536
                 412       3290       1168     886536
                 412       3290       1168     886536
vdb1          reads   read sectors  writes    requested writes
                 412       3290       1168     886536
                 412       3290       1168     886536
                 412       3290       1168     886536
                 412       3290       1168     886536
                 412       3290       1168     886536
                 412       3290       1168     886536
                 412       3290       1168     886536
                 412       3290       1168     886536
                 412       3290       1168     886536
                 412       3290       1168     886536
                 412       3290       1168     886536
                 412       3290       1168     886536
                 412       3290       1168     886536
                 412       3290       1168     886536
                 412       3290       1168     886536
                 412       3290       1168     886536
                 412       3290       1168     886536
                 412       3290       1168     886536
                 412       3290       1168     886536
                 412       3290       1168     886536
                 412       3290       1168     886536
vdb1          reads   read sectors  writes    requested writes
                 412       3290       1168     886536
                 412       3290       1168     886536
                 412       3290       1168     886536
                 412       3290       1168     886536
                 412       3290       1168     886536
                 412       3290       1168     886536
                 412       3290       1168     886536
                 412       3290       1168     886536
                 412       3290       1168     886536
                 412       3290       1168     886536
                 412       3290       1168     886536
                 412       3290       1168     886536
                 412       3290       1168     886536
                 412       3290       1168     886536
                 412       3290       1168     886536
                 412       3290       1168     886536
                 412       3290       1168     886536
                 412       3290       1168     886536
                 412       3290       1168     886536
                 412       3290       1168     886536
                 412       3290       1168     886536
vdb1          reads   read sectors  writes    requested writes
                 412       3290       1168     886536
                 412       3290       1168     886536
                 412       3290       1168     886536
                 412       3290       1168     886536
                 412       3290       1168     886536
                 412       3290       1168     886536
                 412       3290       1168     886536
                 412       3290       1168     886536
                 412       3290       1168     886536
                 412       3290       1168     886536
                 412       3290       1168     886536
                 412       3290       1168     886536
                 412       3290       1168     886536
                 412       3290       1168     886536
                 412       3290       1168     886536
                 412       3290       1168     886536
                 412       3290       1168     886536
                 412       3290       1168     886536
                 412       3290       1168     886536
                 412       3290       1168     886536
                 412       3290       1168     886536
vdb1          reads   read sectors  writes    requested writes
                 412       3290       1168     886536
                 412       3290       1168     886536
                 412       3290       1168     886536
                 412       3290       1168     886536
                 412       3290       1168     886536
                 412       3290       1168     886536
                 412       3290       1168     886536
                 412       3290       1168     886536
                 412       3290       1168     886536
                 412       3290       1168     886536
                 412       3290       1168     886536
                 412       3290       1168     886536
                 412       3290       1168     886536
                 412       3290       1168     886536
                 412       3290       1168     886536
                 412       3290       1168     886536
                 412       3290       1168     886536
                 412       3290       1168     886536
                 412       3290       1168     886536
                 412       3290       1168     886536
                 412       3290       1168     886536
vdb1          reads   read sectors  writes    requested writes
                 412       3290       1168     886536
                 412       3290       1168     886536
                 412       3290       1168     886536
                 412       3290       1168     886536
                 412       3290       1168     886536
                 412       3290       1168     886536
                 412       3290       1168     886536
                 412       3290       1168     886536
                 412       3290       1168     886536
                 412       3290       1168     886536
                 412       3290       1168     886536
                 412       3290       1168     886536
                 412       3290       1168     886536
                 412       3290       1168     886536
                 412       3290       1168     886536
                 412       3290       1168     886536
                 412       3290       1168     886536
                 412       3290       1168     886536
                 412       3290       1168     886536
                 412       3290       1168     886536
                 412       3290       1168     886536
vdb1          reads   read sectors  writes    requested writes
                 412       3290       1168     886536
                 412       3290       1168     886536
                 412       3290       1168     886536
                 412       3290       1168     886536
                 412       3290       1168     886536
                 412       3290       1168     886536
                 412       3290       1168     886536
                 412       3290       1168     886536
                 412       3290       1168     886536
                 412       3290       1168     886536
                 412       3290       1168     886536
                 412       3290       1168     886536
                 412       3290       1168     886536
                 412       3290       1168     886536
                 412       3290       1168     886536
                 412       3290       1168     886536
                 412       3290       1168     886536
                 412       3290       1168     886536
                 412       3290       1168     886536
                 412       3290       1168     886536
                 412       3290       1168     886536
vdb1          reads   read sectors  writes    requested writes
                 412       3290       1168     886536
                 412       3290       1168     886536
                 412       3290       1168     886536
                 412       3290       1168     886536
                 412       3290       1168     886536
                 412       3290       1168     886536
                 412       3290       1168     886536
                 412       3290       1168     886536
                 412       3290       1168     886536
                 412       3290       1168     886536
                 412       3290       1168     886536
                 412       3290       1168     886536
                 412       3290       1168     886536
                 412       3290       1168     886536
                 412       3290       1168     886536
                 412       3290       1168     886536
                 412       3290       1168     886536
                 412       3290       1168     886536
                 412       3290       1168     886536
                 412       3290       1168     886536
                 412       3290       1168     886536
vdb1          reads   read sectors  writes    requested writes
                 412       3290       1168     886536
                 412       3290       1168     886536
                 412       3290       1168     886536
                 412       3290       1168     886536
                 412       3290       1168     886536
                 412       3290       1168     886536
                 412       3290       1168     886536
                 412       3290       1168     886536
                 412       3290       1168     886536
                 412       3290       1168     886536
                 412       3290       1168     886536
                 412       3290       1168     886536
                 412       3290       1168     886536
                 412       3290       1168     886536
                 412       3290       1168     886536
                 412       3290       1168     886536
                 412       3290       1168     886536
                 412       3290       1168     886536
                 412       3290       1168     886536
