procs -----------memory---------- ---swap-- -----io---- -system-- ----cpu----
 r  b   swpd   free   buff  cache   si   so    bi    bo   in   cs us sy id wa
 1  0      0 2972832  19012 835056    0    0  1622    22   33   63  0  1 98  1
 1  0      0 2959316  19072 846936    0    0   712     0 1885 5604  7 17 76  0
procs -----------memory---------- ---swap-- -----io---- -system-- ----cpu----
 r  b   swpd   free   buff  cache   si   so    bi    bo   in   cs us sy id wa
 1  0      0 2970428  19060 835920    0    0  1559    38   38   76  0  1 98  1
 1  0      0 2958076  19104 847152    0    0    16     0 1873 5678  5 21 75  0
procs -----------memory---------- ---swap-- -----io---- -system-- ----cpu----
 r  b   swpd   free   buff  cache   si   so    bi    bo   in   cs us sy id wa
 1  0      0 2970412  19060 835956    0    0  1512    38   42   88  1  1 98  1
 1  0      0 2958404  19100 847020    0    0    16     0 1779 5415  5 22 73  0
procs -----------memory---------- ---swap-- -----io---- -system-- ----cpu----
 r  b   swpd   free   buff  cache   si   so    bi    bo   in   cs us sy id wa
 1  0      0 2970180  19060 835920    0    0  1484    38   46  100  1  1 97  1
 1  0      0 2969556  19100 835900    0    0    20     0 1734 5425  5 20 75  0
procs -----------memory---------- ---swap-- -----io---- -system-- ----cpu----
 r  b   swpd   free   buff  cache   si   so    bi    bo   in   cs us sy id wa
 1  0      0 2970380  19060 835920    0    0  1366    35   47  105  1  1 97  1
 1  0      0 2959120  19116 846708    0    0    20     0 1817 5563  4 20 76  0
