vdb1          reads   read sectors  writes    requested writes
               84877     678866      54221   28681904
               84891     678978      54270   28690216
               84911     679138      54313   28697064
               84936     679338      54357   28705520
               84956     679498      54393   28712304
               84973     679634      54418   28717400
               84994     679802      54459   28724208
               85015     679970      54501   28730952
               85032     680106      54529   28734472
               85048     680234      54569   28741256
               85067     680386      54608   28748016
               85084     680522      54645   28753168
               85105     680690      54713   28759920
               85125     680850      54755   28766704
               85150     681050      54803   28773568
               85172     681226      54841   28780320
               85190     681370      54878   28785480
               85211     681538      54920   28792264
               85239     681762      54979   28802416
               85257     681906      55016   28807584
               85283     682114      55063   28816024
vdb1          reads   read sectors  writes    requested writes
               85307     682306      55115   28824512
               85325     682450      55152   28829672
               85346     682618      55191   28836424
