vdb1          reads   read sectors  writes    requested writes
               83059     664346      45536   24789368
               83064     664386      45565   24792072
               83076     664482      45598   24795664
               83098     664658      45647   24801152
               83119     664826      45675   24804760
               83138     664978      45702   24807568
               83157     665130      45737   24811200
               83178     665298      45787   24814872
               83198     665458      45832   24818536
               83202     665490      45845   24819504
               83223     665658      45884   24823168
               83244     665826      45917   24826784
               83266     666002      45963   24830528
               83287     666170      45997   24834136
               83308     666338      46038   24837824
               83325     666474      46072   24840632
               83346     666642      46110   24844304
               83367     666810      46145   24847912
               83392     667010      46198   24852544
               83413     667178      46233   24856168
               83434     667346      46278   24859904
vdb1          reads   read sectors  writes    requested writes
               83459     667546      46322   24864432
               83479     667706      46367   24868176
               83504     667906      46411   24872704
               83525     668074      46451   24876384
               83542     668210      46478   24879112
