vdb1          reads   read sectors  writes    requested writes
               82666     661208      43455   23856744
               82682     661336      43486   23858664
               82692     661416      43517   23860576
               82700     661480      43545   23862048
               82711     661568      43572   23863928
               82722     661656      43605   23865840
               82723     661664      43616   23866352
               82734     661752      43645   23868264
               82748     661864      43675   23870184
               82759     661952      43701   23871648
               82773     662064      43732   23873560
               82786     662168      43764   23875480
               82799     662272      43793   23877376
               82812     662376      43825   23879304
               82826     662488      43856   23881224
               82837     662576      43882   23882688
               82851     662688      43913   23884608
               82865     662800      43940   23886488
               82875     662880      43970   23887976
               82888     662984      43996   23889864
               82902     663096      44026   23891776
vdb1          reads   read sectors  writes    requested writes
               82916     663208      44058   23893688
               82929     663312      44090   23895608
               82942     663416      44122   23897536
               82955     663520      44155   23899464
               82969     663632      44185   23901384
               82983     663744      44216   23903296
