vdb1          reads   read sectors  writes    requested writes
               81092     648634      36944   21052096
               81114     648810      36984   21054552
               81128     648922      37010   21056120
               81145     649058      37037   21058112
               81160     649178      37063   21059696
               81177     649314      37091   21061688
               81195     649458      37125   21063776
               81212     649594      37159   21065408
               81233     649762      37192   21067456
               81254     649930      37234   21069568
               81272     650074      37267   21071200
               81293     650242      37306   21073304
               81314     650410      37341   21075376
               81335     650578      37380   21077480
               81363     650802      37427   21080112
               81385     650978      37465   21082224
               81406     651146      37504   21084328
               81422     651274      37536   21085952
               81444     651450      37570   21088008
               81465     651618      37608   21090112
               81483     651762      37637   21091688
vdb1          reads   read sectors  writes    requested writes
               81504     651930      37676   21093800
               81513     652002      37700   21094904
               81528     652122      37719   21095960
               81549     652290      37753   21098024
               81571     652466      37792   21100136
               81588     652602      37826   21101768
               81610     652778      37859   21103816
