vdb1          reads   read sectors  writes    requested writes
               82205     657526      41322   22922928
               82221     657654      41356   22924880
               82233     657750      41383   22926776
               82244     657838      41419   22928736
               82255     657926      41450   22930672
               82267     658022      41482   22932600
               82284     658158      41523   22935096
               82304     658318      41563   22937616
               82324     658478      41605   22940120
               82342     658622      41637   22942136
               82359     658758      41675   22944216
               82382     658942      41712   22946680
               82403     659110      41757   22949256
               82427     659302      41803   22952216
               82447     659462      41844   22954736
               82464     659598      41879   22956760
               82481     659734      41918   22958808
               82498     659870      41949   22960816
               82519     660038      41987   22963360
               82540     660206      42030   22965880
               82562     660382      42074   22968384
vdb1          reads   read sectors  writes    requested writes
               82581     660534      42105   22970352
               82599     660678      42142   22972360
