vdb1          reads   read sectors  writes    requested writes
               84613     676760      52100   27710928
               84624     676848      52157   27717016
               84628     676880      52190   27720512
               84634     676928      52220   27723168
               84635     676936      52223   27724000
               84643     677000      52264   27728352
               84649     677048      52295   27731024
               84657     677112      52331   27735336
               84663     677160      52358   27737976
               84669     677208      52389   27741440
               84676     677264      52421   27744920
               84683     677320      52452   27747576
               84693     677400      52483   27751056
               84701     677464      52516   27754528
               84709     677528      52551   27758040
               84716     677584      52579   27760680
               84724     677648      52606   27764128
               84732     677712      52640   27767624
               84741     677784      52676   27771136
               84748     677840      52708   27774608
               84756     677904      52743   27778120
vdb1          reads   read sectors  writes    requested writes
               84764     677968      52771   27781568
               84772     678032      52803   27785048
               84779     678088      52832   27787696
               84790     678176      52864   27791176
               84803     678280      52895   27794648
               84815     678376      52927   27798120
