vdb1          reads   read sectors  writes    requested writes
               81678     653316      39169   21988248
               81695     653452      39206   21990216
               81707     653548      39232   21992128
               81720     653652      39262   21994096
               81734     653764      39290   21995656
               81749     653884      39316   21997616
               81767     654028      39349   21999672
               81787     654188      39377   22001712
               81810     654372      39414   22004264
               81829     654524      39446   22006304
               81848     654676      39477   22008352
               81870     654852      39530   22010976
               81889     655004      39562   22012960
               81908     655156      39599   22015000
               81929     655324      39641   22017104
               81950     655492      39671   22019088
               81970     655652      39708   22021144
               81985     655772      39741   22022728
               82008     655956      39783   22025240
               82024     656084      39814   22026808
               82051     656300      39856   22029328
vdb1          reads   read sectors  writes    requested writes
               82071     656460      39892   22031376
               82093     656636      39937   22033936
               82118     656836      39988   22036544
               82137     656988      40019   22038528
