vdb1          reads   read sectors  writes    requested writes
               84121     672830      49975   26737872
               84134     672934      50012   26741384
               84142     672998      50041   26744848
               84152     673078      50075   26748368
               84167     673198      50106   26751880
               84179     673294      50133   26754552
               84195     673422      50162   26758104
               84216     673590      50205   26762600
               84234     673734      50234   26766144
               84255     673902      50267   26769728
               84270     674022      50294   26772456
               84288     674166      50322   26776008
               84306     674310      50354   26779592
               84321     674430      50381   26782320
               84339     674574      50412   26785872
               84357     674718      50448   26789488
               84368     674806      50468   26792120
               84379     674894      50486   26793944
               84400     675062      50521   26797536
               84418     675206      50549   26801072
               84436     675350      50582   26804680
vdb1          reads   read sectors  writes    requested writes
               84451     675470      50609   26807408
               84469     675614      50641   26810976
               84486     675750      50671   26814528
               84504     675894      50706   26818104
               84523     676046      50752   26821672
               84540     676182      50789   26825264
