vdb1          reads   read sectors  writes    requested writes
               83611     668756      47785   25763936
               83620     668828      47825   25768312
               83624     668860      47849   25770976
               83638     668972      47888   25775408
               83659     669140      47927   25779912
               83675     669268      47954   25782672
               83694     669420      47984   25786256
               83713     669572      48016   25789864
               83728     669692      48044   25792632
               83746     669836      48072   25796192
               83765     669988      48104   25799800
               83783     670132      48137   25803416
               83802     670284      48175   25807024
               83810     670348      48193   25808824
               83822     670444      48223   25810632
               83849     670660      48271   25815152
               83864     670780      48303   25817896
               83883     670932      48337   25821472
               83900     671068      48375   25825088
               83920     671228      48411   25828696
               83936     671356      48441   25831432
vdb1          reads   read sectors  writes    requested writes
               83955     671508      48478   25835032
               83970     671628      48510   25837776
               83989     671780      48547   25841400
               84007     671924      48581   25844968
               84026     672076      48618   25848568
               84042     672204      48650   25851320
