vdb1          reads   read sectors  writes    requested writes
                 992       7882      15215    9156096
                1150       9146      15252    9173752
                1165       9266      15255    9176176
                1212       9642      15308    9200176
                1380      10986      15355    9224176
                1406      11194      15400    9244200
                1433      11410      15448    9268448
                1588      12650      15486    9288448
                1884      15018      15524    9308448
                2181      17394      15563    9328448
                2336      18634      15600    9348448
                2639      21058      15641    9368728
                2979      23778      15685    9392728
                2992      23882      15730    9416728
                3005      23986      15769    9438880
                3030      24186      15817    9464728
                3056      24394      15857    9485040
                3068      24490      15900    9509040
                3081      24594      15942    9533040
