vdb1          reads   read sectors  writes    requested writes
               42035     336196      28696   15990528
               43063     344420      28760   16030608
               43941     351444      28840   16078608
               45489     363828      28889   16110608
               47363     378820      28978   16158608
               48959     391588      29046   16198632
               51020     408076      29113   16238792
               53263     426020      29194   16286792
               54528     436140      29260   16318792
               55941     447444      29363   16366792
               57291     458244      29463   16406792
               57636     461004      29544   16454960
               59456     475564      29627   16494960
               60445     483476      29712   16530520
               61129     488948      29786   16574960
               62197     497492      29857   16614960
               63708     509580      29932   16655144
               65384     522988      30022   16703144
               66119     528868      30084   16743144
               68261     546004      30152   16783144
