vdb1          reads   read sectors  writes    requested writes
               68323     546494      31709   17683552
               68980     551750      31774   17723632
               69591     556638      31837   17763632
               70591     564638      31916   17811632
               70875     566910      31983   17851632
               71513     572014      32072   17899656
               71750     573910      32156   17947760
               72728     581734      32209   17979760
               73370     586870      32272   18019760
               73970     591670      32351   18067760
               75198     601494      32416   18107760
               75792     606246      32483   18147872
               76617     612846      32565   18195872
               77172     617286      32619   18227872
               77953     623534      32692   18267872
               78568     628454      32763   18307872
               79167     633246      32833   18347976
               79915     639230      32914   18395976
               80876     646918      32984   18435976
