vdb1          reads   read sectors  writes    requested writes
               11183      89386      25924   14296600
               13436     107410      25987   14332424
               16695     133482      26035   14360680
               19435     155402      26104   14400680
               20577     164538      26137   14417816
               21785     174202      26177   14440704
               24242     193858      26234   14472904
               26129     208954      26298   14512904
               28871     230890      26365   14552904
               31589     252634      26406   14576904
               34454     275554      26462   14608904
               36699     293514      26530   14649160
               38876     310930      26584   14681160
               41207     329578      26625   14705160
               41505     331962      26665   14729160
               41678     333346      26720   14761160
               41704     333554      26789   14801384
               41717     333658      26854   14841384
               41742     333858      26919   14881384
               41754     333954      26997   14929384
               41767     334058      27122   14969880
vdb1          reads   read sectors  writes    requested writes
               41934     335394      27190   15010168
               41947     335498      27255   15050168
               41960     335602      27327   15093448
