vdb1          reads   read sectors  writes    requested writes
                 389       3106       1288     883728
                 390       3114       1293     884192
                 403       3218       1311     885192
                 416       3322       1335     886728
                 434       3466       1363     888728
                 437       3490       1368     889176
                 437       3490       1368     889176
                 437       3490       1368     889176
                 437       3490       1368     889176
                 437       3490       1368     889176
                 437       3490       1368     889176
                 437       3490       1368     889176
                 437       3490       1368     889176
                 437       3490       1368     889176
                 437       3490       1368     889176
                 437       3490       1368     889176
                 437       3490       1368     889176
                 437       3490       1368     889176
                 437       3490       1368     889176
                 437       3490       1368     889176
                 437       3490       1368     889176
vdb1          reads   read sectors  writes    requested writes
                 437       3490       1368     889176
                 437       3490       1368     889176
                 437       3490       1368     889176
                 437       3490       1368     889176
                 437       3490       1368     889176
                 437       3490       1368     889176
                 437       3490       1368     889176
                 437       3490       1368     889176
                 437       3490       1368     889176
                 437       3490       1368     889176
                 437       3490       1368     889176
                 437       3490       1368     889176
                 437       3490       1368     889176
                 437       3490       1368     889176
                 437       3490       1368     889176
                 437       3490       1368     889176
                 437       3490       1368     889176
                 437       3490       1368     889176
                 437       3490       1368     889176
