sda1          reads   read sectors  writes    requested writes
                 404       2962      52445    5934648
                 412       3026      52683    5936600
                 422       3106      52918    5938480
                 429       3162      53157    5940392
                 435       3210      53397    5942312
                 441       3258      53636    5944224
                 448       3314      53883    5946200
                 457       3386      54119    5948088
                 463       3434      54298    5949520
                 470       3490      54482    5950992
                 477       3546      54717    5952872
                 485       3610      54896    5954304
                 491       3658      55084    5955808
                 498       3714      55319    5957688
                 504       3762      55503    5959160
                 514       3842      55682    5960592
                 522       3906      55977    5962952
                 529       3962      56217    5964872
                 535       4010      56399    5966328
                 544       4082      56583    5967800
                 553       4154      56818    5969680
sda1          reads   read sectors  writes    requested writes
                 564       4242      57001    5971144
                 572       4306      57237    5973032
                 581       4378      57416    5974464
                 588       4434      57604    5975968
                 598       4514      57839    5977848
                 608       4594      58078    5979760
                 616       4658      58258    5981200
                 624       4722      58441    5982664
