sda1          reads   read sectors  writes    requested writes
                1296      10080      85202    8886752
                1313      10216      86568    8902856
                1328      10336      87118    8915760
                1338      10416      87773    8925432
                1346      10480      88209    8935104
                1353      10536      88700    8944768
                1357      10568      89096    8954440
                1362      10608      89550    8964152
                1373      10696      90300    8977016
                1381      10760      90583    8986688
                1389      10824      91286    8999576
                1397      10888      92216    9009264
                1403      10936      93163    9022160
                1416      11040      94221    9035056
                1424      11104      94534    9044752
                1434      11184      94958    9057624
                1442      11248      95312    9067288
                1455      11352      96057    9078072
                1463      11416      96565    9089872
                1471      11480      96922    9099584
                1481      11560      97793    9115664
sda1          reads   read sectors  writes    requested writes
                1493      11656      98561    9128552
                1504      11744      99063    9141456
                1513      11816      99861    9154344
                1522      11888     100228    9167248
                1535      11992     101005    9180168
                1545      12072     101504    9193088
                1557      12168     102207    9205960
