sda1          reads   read sectors  writes    requested writes
                 687       5220      59526    6866408
                 701       5332      59985    6870760
                 711       5412      60402    6874232
                 721       5492      60699    6876872
                 730       5564      61013    6879512
                 737       5620      61412    6882960
                 745       5684      61721    6885584
                 753       5748      62150    6889080
                 760       5804      62442    6891688
                 769       5876      62762    6894352
                 777       5940      63177    6897792
                 789       6036      63478    6900432
                 797       6100      63871    6903896
                 803       6148      64199    6906520
                 811       6212      64508    6909128
                 818       6268      64805    6911768
                 826       6332      65197    6915240
                 836       6412      65603    6918720
                 840       6444      65919    6921360
                 851       6532      66277    6924824
                 858       6588      66575    6927464
sda1          reads   read sectors  writes    requested writes
                 867       6660      66962    6930928
                 874       6716      67282    6933584
                 883       6788      67675    6937032
                 890       6844      67976    6939672
                 896       6892      68363    6943128
                 901       6932      68671    6945768
                 913       7028      69066    6949232
                 919       7076      69368    6951880
