sda1          reads   read sectors  writes    requested writes
                 987       7614      70645    7837360
                 998       7702      71269    7845616
                1011       7806      71880    7852248
                1018       7862      72332    7857232
                1025       7918      72743    7862216
                1036       8006      73280    7868808
                1044       8070      73650    7873776
                1054       8150      74232    7880400
                1061       8206      74576    7885384
                1072       8294      74987    7890392
                1079       8350      75517    7896992
                1090       8438      76077    7903624
                1096       8486      76648    7910208
                1103       8542      77191    7916824
                1109       8590      77668    7921784
                1123       8702      78166    7928424
                1131       8766      78584    7933440
                1144       8870      79146    7941672
                1152       8934      79721    7948312
                1164       9030      80208    7954952
                1173       9102      80739    7961584
sda1          reads   read sectors  writes    requested writes
                1186       9206      81239    7968216
                1193       9262      81873    7976448
                1205       9358      82351    7983096
                1215       9438      83157    7991384
                1225       9518      83679    7997992
