procs -----------memory---------- ---swap-- -----io---- -system-- ----cpu----
 r  b   swpd   free   buff  cache   si   so    bi    bo   in   cs us sy id wa
 2  1      0 2902912  11724 205800    0    0   536  1721   57  213  1  1 96  2
 0  1      0 3072632    352  50600    0    0  8204  5180 1337 2061  3  3 91  2
 0  0      0 3073004    184  50644    0    0  8296  1448  953 1972  1  5 92  2
 1  0      0 3073136    184  50628    0    0  8200  1464  969 2045  1  4 93  3
 0  0      0 3073136    212  50716    0    0  6856  1256  863 1796  0  4 93  2
 0  0      0 3073004    204  50628    0    0  8216  1448  958 1997  1  5 91  3
 0  0      0 3073004    200  50656    0    0  6848  1224  848 1747  1  3 93  2
 1  0      0 3072028    188  51736    0    0  7908  1240  925 1937  0  5 92  3
 0  0      0 3073128    192  50704    0    0  7156  1464  877 1844  0  5 92  3
 0  1      0 3073020    196  50960    0    0  7156  1240  879 1835  1  5 93  0
 0  0      0 3073128    200  50736    0    0  7948  1448  913 1877  3  4 91  1
 0  0      0 3073128    200  50736    0    0  8396  1464 1030 2149  3  4 92  1
 1  0      0 3073384    192  50744    0    0  8252  1252  951 1979  2  6 91  1
 0  0      0 3073252    196  50732    0    0  6880  1460  891 1886  2  4 92  1
 0  0      0 3073252    196  50736    0    0  8240  1444  943 1981  2  6 91  1
 0  0      0 3073260    196  50736    0    0  8240  1460  977 2057  4  4 92  0
 1  0      0 3072152    192  51740    0    0  7900  1256  945 1949  4  4 91  1
 0  0      0 3073260    184  50712    0    0  7060  1444  887 1905  3  4 92  0
procs -----------memory---------- ---swap-- -----io---- -system-- ----cpu----
 r  b   swpd   free   buff  cache   si   so    bi    bo   in   cs us sy id wa
 2  1      0 3067128   2532  54224    0    0   611  3164   72  234  1  1 95  2
 3  0      0 3063996    260  55968    0    0 33608  2804 2788 5505 10  4 77  9
 0  0      0 3064392    228  55980    0    0  8856  2648 1129 2302  3  5 91  1
 0  0      0 3064268    196  55908    0    0  6912  2212  887 1850  1  4 93  1
 1  0      0 3064508    204  55908    0    0  8340  2640 1001 2145  3  5 91  2
 1  0      0 3064276    212  56280    0    0  7372  2240  962 2022  3  4 91  2
 0  0      0 3064384    160  55924    0    0  7956  2628  963 2018  1  5 92  1
 0  0      0 3064128    244  55948    0    0  7212  2212  928 1857  3  5 92  1
 1  0      0 3063160    192  56908    0    0  7856  2248  956 1996  2  4 92  1
 0  0      0 3064136    176  55896    0    0  7164  2632  897 1869  3  4 91  1
 1  0      0 3063896    184  56684    0    0  7924  2244 1008 2108  2  4 91  2
 0  0      0 3064656    204  55984    0    0  7072  2632  940 1981  2  3 93  2
 0  0      0 3064640    204  55916    0    0  8232  2648  956 2011  3  6 91  0
 0  1      0 3064276    200  56380    0    0  7428  2236  903 1911  3  4 92  1
 1  0      0 3065012    192  55356    0    0  9540  2668 1172 2307  3  5 90  2
 0  1      0 3063656    196  56720    0    0  6476  2200  807 1701  2  4 92  1
 0  0      0 3064284    196  55932    0    0  7636  2660  967 2067  2  5 91  1
 1  0      0 3064656    208  55964    0    0  8408  2636  999 2146  3  4 92  2
 0  0      0 3064648    204  55888    0    0  8628  2648 1144 2886  2  5 90  4
procs -----------memory---------- ---swap-- -----io---- -system-- ----cpu----
 r  b   swpd   free   buff  cache   si   so    bi    bo   in   cs us sy id wa
 2  0      0 3056008   3216  59312    0    0   697  4423   86  255  1  2 95  2
 0  0      0 3062732    496  56388    0    0 11644  5408 1886 3389  5  5 87  3
 0  0      0 3062980    288  56304    0    0  8648  4996 1068 2181  1  5 91  3
 0  0      0 3063228    200  56276    0    0  8504  5008 1078 2192  1  5 92  1
 1  0      0 3063360    196  56324    0    0  8500  4172 1024 2110  2  4 91  3
 0  1      0 3064476    180  55352    0    0  8164  5012  993 2103  2  5 91  1
 0  0      0 3063360    184  56356    0    0  7192  5004  934 1973  2  4 92  2
 0  0      0 3063236    200  56284    0    0  8452  5012 1061 2284  2  6 89  2
 0  0      0 3063112    188  56456    0    0  8408  5072 1044 2096  2  5 91  2
 0  0      0 3062980    184  56260    0    0  7008  4212  946 1959  2  3 92  2
 0  0      0 3063104    256  56292    0    0  6904  4168  907 1872  2  4 92  2
 0  0      0 3062740    204  56324    0    0  8432  5004 1066 2239  2  5 90  3
 0  1      0 3063344    248  56444    0    0  7580  4192 1009 1933  1  6 92  1
 0  0      0 3063228    188  56352    0    0  7900  5004 1009 2091  1  6 91  2
 0  0      0 3063360    232  56200    0    0  6896  4208  908 1874  2  4 92  1
 1  0      0 3062864    224  56336    0    0  7092  4168  932 1949  2  3 92  2
 0  0      0 3063368    200  56252    0    0  8328  4984  995 2107  2  4 92  2
 0  0      0 3063360    212  56236    0    0  6888  4168  884 1827  2  3 94  1
 0  0      0 3063360    220  56352    0    0  6900  4180  861 1780  1  3 94  1
procs -----------memory---------- ---swap-- -----io---- -system-- ----cpu----
 r  b   swpd   free   buff  cache   si   so    bi    bo   in   cs us sy id wa
 1  1      0 3058152   2860  59100    0    0   756  5546   97  273  1  2 94  3
 1  0      0 3061624    188  57156    0    0  9196 10088 1458 3292  5  5 86  4
 0  0      0 3061740    208  57108    0    0  7328  8108 1015 2020  2  5 91  3
 1  0      0 3061864    208  57188    0    0  6920  8116  881 1817  2  3 93  1
 0  0      0 3061996    204  57160    0    0  7132  8092  960 1974  2  4 92  2
 2  0      0 3062004    184  57128    0    0  6832  8080  892 1843  2  4 90  4
 0  0      0 3061740    196  57164    0    0  8420  9712 1064 2207  1  5 90  3
 0  0      0 3061748    200  57204    0    0  7336  8080  977 1952  2  2 92  3
 0  0      0 3062112    256  57156    0    0  8360  9696 1060 2191  2  6 89  3
 1  0      0 3062244    180  57232    0    0  8340  8104 1003 2069  0  7 90  3
 1  0      0 3060856    196  57072    0    0  8420  9696 1046 2188  2  5 90  3
 0  1      0 3062012    184  57164    0    0  6968  9696  945 2009  2  4 89  5
 0  1      0 3061764    284  57472    0    0  7736  8088 1040 2026  2  4 91  3
 0  0      0 3062260    164  57172    0    0  6552  8088  811 1694  4  3 93  1
 0  0      0 3062260    168  57216    0    0  5536  6488  762 1587  3  2 94  0
 0  0      0 3062104    236  57144    0    0  5628  6688  792 1610  3  3 91  2
 0  0      0 3062136    204  57136    0    0  5688  6476  821 1702  2  2 94  2
 0  0      0 3071328   1240  56736    0    0  8372  8140 1137 1961  3  3 91  2
 0  0      0 3072756    192  56720    0    0  7940  8088 1096 1941  1  5 91  3
 2  0      0 3072508    200  57592    0    0  6996  6508  939 1798  1  4 93  2
