procs -----------memory---------- ---swap-- -----io---- -system-- ----cpu----
 r  b   swpd   free   buff  cache   si   so    bi    bo   in   cs us sy id wa
 1  1      0 3068884   2844  58824    0    0   805  6558  108  286  1  2 93  3
 0  0      0 3053400   4596  71060    0    0  2632   608  889 2615  5  5 88  1
 1  0      0 3057780   4596  66600    0    0     0   420  594 1252  1  5 94  0
 0  0      0 3053632   4596  71060    0    0     0   360  610 1330  1  6 93  0
 1  0      0 3053780   4596  71060    0    0     0   360  580 1254  1  5 94  0
 1  0      0 3056152   4596  68320    0    0     0   420  641 1357  2  5 93  0
 0  0      0 3053548   4616  71060    0    0     4   344  513 1141  2  3 90  4
 0  0      0 3053400   4616  71080    0    0     0   420  602 1300  0  6 94  0
 0  0      0 3053276   4616  71060    0    0     0   360  607 1319  2  5 93  0
 0  0      0 3053144   4616  71060    0    0     0   360  597 1295  0  6 93  0
 1  0      0 3053936   4616  71060    0    0     0   420  608 1278  2  5 93  0
 0  0      0 3053416   4640  71060    0    0     8   344  524 1166  2  4 90  4
 1  0      0 3064980   4640  59896    0    0     0   420  578 1217  1  5 94  0
 0  0      0 3053284   4640  71060    0    0     0   360  618 1341  2  5 93  0
 0  0      0 3053432   4660  71148    0    0     4   488  594 1253  1  5 89  4
 0  0      0 3053516   4660  71144    0    0     0   420  626 1336  1  6 93  0
procs -----------memory---------- ---swap-- -----io---- -system-- ----cpu----
 r  b   swpd   free   buff  cache   si   so    bi    bo   in   cs us sy id wa
 3  0      0 3064628   4704  59936    0    0   766  7425  111  289  1  2 93  3
 0  0      0 3053540   4732  71352    0    0    16  1416  594 1335  1  4 89  6
 1  0      0 3064684   4732  60152    0    0     8  1764  674 1263  1  5 94  0
 1  0      0 3053268   4732  71372    0    0     8  1512  659 1307  2  6 93  0
 0  0      0 3053276   4732  71352    0    0     8  1764  701 1237  1  5 94  0
 0  0      0 3053392   4732  71372    0    0     8  1512  692 1338  1  6 93  0
 0  1      0 3053300   4748  71348    0    0    12  1552  633 1167  2  3 90  4
 0  0      0 3053244   4752  71352    0    0     8  1516  690 1338  1  5 93  1
 0  0      0 3053416   4752  71352    0    0    12  1764  745 1242  1  4 94  0
 0  0      0 3053244   4752  71352    0    0     8  1512  675 1354  1  6 93  0
 0  0      0 3053268   4752  71320    0    0     8  1512  692 1236  2  4 94  0
 1  1      0 3053300   4768  71312    0    0     8  1556  683 1274  1  5 90  4
 0  0      0 3053392   4768  71372    0    0     8  1512  669 1214  2  5 93  0
 1  0      0 3061344   4768  63064    0    0     8  1764  688 1238  1  4 94  0
 0  0      0 3053120   4768  71352    0    0     8  1536  721 1311  2  6 93  0
 1  0      0 3053300   4768  71352    0    0    12  1764  737 1312  1  5 94  0
procs -----------memory---------- ---swap-- -----io---- -system-- ----cpu----
 r  b   swpd   free   buff  cache   si   so    bi    bo   in   cs us sy id wa
 3  0      0 3064332   4768  59952    0    0   729  8221  116  291  1  3 92  4
 0  0      0 3051748   4796  72076    0    0     8  5136  815 1409  2  7 87  5
 0  0      0 3052020   4796  72196    0    0     0  6000 1380 1295  1  7 93  0
 0  0      0 3051764   4796  72220    0    0     0  6000 1579 1259  1  6 93  0
 1  0      0 3063196   4796  60956    0    0     0  7000 1422 1229  2  8 90  0
 0  0      0 3051864   4796  72192    0    0     0  6000 1159 1267  2  6 92  0
 0  1      0 3051848   4812  72080    0    0     4  6040 1290 1199  1  5 94  0
 0  0      0 3051864   4816  72216    0    0     0  6004 1762 1170  2  5 89  4
 0  0      0 3052112   4816  72208    0    0     0  6000 1350 1314  3  8 90  0
 0  0      0 3051764   4816  72304    0    0     0  6000 1226 1256  1  6 92  0
 1  0      0 3051996   4816  72192    0    0     0  6000 1785 1232  1  7 91  0
 1  1      0 3052020   4832  72132    0    0     0  6044 1170 1130  2  6 88  4
 0  0      0 3051756   4832  72152    0    0     0  6000 1186 1320  1  7 92  0
 1  0      0 3050920   4832  72184    0    0     0  6000 1235 1191  2  5 93  0
 0  0      0 3051756   4832  72228    0    0     0  7000 2029 1245  1  7 92  0
 3  0      0 3063172   4832  61020    0    0     0  6024 1528 1214  1  8 91  0
 0  1      0 3052020   4844  72188    0    0     0  6040 1034 1287  2  6 90  2
procs -----------memory---------- ---swap-- -----io---- -system-- ----cpu----
 r  b   swpd   free   buff  cache   si   so    bi    bo   in   cs us sy id wa
 4  0      0 3062548   4808  60076    0    0   694  8970  126  292  1  3 92  4
 0  0      0 3048336   4828  75288    0    0     8 24040  645 1726  3  5 91  0
 1  0      0 3048228   4828  75288    0    0     0 24000  697 1137  4  6 90  0
 1  0      0 3045036   4836  75244    0    0     0 20100  668 1158  3  6 87  5
 1  0      0 3047848   4836  75288    0    0     0 20000  697 1207  3  5 91  0
 0  0      0 3048204   4836  75308    0    0     0 24000  735 1228  4  6 90  0
 0  0      0 3047948   4848  75308    0    0     4 24012  639 1241  3  6 90  1
 0  0      0 3048360   4848  75288    0    0     0 24000  700 1289  5  5 90  0
 0  0      0 3048640   4856  75168    0    0     0 20032  652 1092  4  3 89  4
 0  0      0 3048328   4856  75288    0    0     0 24000  740 1254  4  6 91  0
 2  0      0 3055264   4856  68344    0    0     0 24000  735 1197  4  6 90  0
 0  0      0 3048104   4864  75280    0    0     0 20012  629 1239  4  6 90  0
 0  0      0 3048352   4864  75272    0    0     0 24000  655 1196  4  6 90  0
 1  0      0 3051104   4872  72592    0    0     0 20032  666 1093  3  6 87  4
 1  0      0 3051964   4872  72040    0    0     0 24000  734 1243  4  5 91  0
 0  0      0 3048112   4872  75288    0    0     0 24024  725 1234  4  4 92  0
 0  0      0 3047508   4880  75280    0    0     0 24012  653 1259  2  7 90  0
 0  0      0 3048136   4880  75288    0    0     0 24000  679 1254  3  6 91  0
