procs -----------memory---------- ---swap-- -----io---- -system-- ----cpu----
 r  b   swpd   free   buff  cache   si   so    bi    bo   in   cs us sy id wa
 1  0      0 2633936  27188 1149564    0    0   205   295   29   89  0  0 99  0
 0  0      0 2621696  27224 1161484    0    0   652   404  700 1509  1  6 93  0
 0  0      0 2621224  27252 1161544    0    0     0   420  668 1384  1  5 93  0
 0  0      0 2621100  27272 1161548    0    0     0   416  651 1331  0  6 88  5
 0  0      0 2620928  27300 1161380    0    0     0   360  667 1396  1  6 93  0
 1  0      0 2627036  27328 1155936    0    0     0   420  701 1464  1  6 93  0
 0  0      0 2621168  27356 1161600    0    0     0   520  695 1382  1  7 92  0
 1  0      0 2631700  27384 1150592    0    0     0   420  653 1370  1  7 92  0
 0  0      0 2620756  27404 1161652    0    0     0   332  607 1303  0  6 89  5
 0  0      0 2621284  27432 1161608    0    0     0   360  663 1393  1  6 93  0
 0  0      0 2620912  27460 1161544    0    0     0   420  705 1498  1  8 91  0
 0  0      0 2620796  27488 1161704    0    0     0   524  706 1419  1  7 93  0
 1  0      0 2625384  27516 1156812    0    0     0   420  708 1491  1  7 92  0
 1  0      0 2620500  27536 1161408    0    0     0   332  581 1217  1  5 90  5
 0  0      0 2620476  27568 1161692    0    0     0   420  667 1403  1  5 93  0
 0  0      0 2620104  27592 1161600    0    0     0   372  687 1505  1  7 92  0
 0  0      0 2620608  27620 1161536    0    0     0   528  700 1401  1  5 94  0
procs -----------memory---------- ---swap-- -----io---- -system-- ----cpu----
 r  b   swpd   free   buff  cache   si   so    bi    bo   in   cs us sy id wa
 2  0      0 2635104  24596 1150336    0    0   200   290   31   92  0  0 99  0
 0  0      0 2623052  24636 1161716    0    0    88   300  701 1534  2  5 92  0
 0  0      0 2623432  24652 1161436    0    0     0   420  654 1346  1  6 93  0
 1  0      0 2623324  24664 1161680    0    0     0   360  671 1450  1  6 93  0
 0  0      0 2624192  24676 1161552    0    0     0   420  655 1348  1  5 94  0
 0  1      0 2623348  24692 1161608    0    0     0   372  625 1307  0  6 88  5
 0  0      0 2623480  24716 1161724    0    0     4   468  650 1331  1  5 93  0
 1  0      0 2628624  24728 1156552    0    0     0   420  684 1495  1  7 92  0
 0  0      0 2623340  24740 1161724    0    0     0   360  635 1360  1  5 93  0
 1  0      0 2623424  24756 1161452    0    0     0   420  696 1474  1  7 92  0
 0  1      0 2623464  24772 1161608    0    0     0   392  604 1245  1  5 91  3
 0  0      0 2623060  24792 1161452    0    0     0   464  719 1478  0  6 91  3
 0  0      0 2623044  24804 1161604    0    0     0   420  646 1333  1  4 94  0
 0  0      0 2623036  24816 1161452    0    0     0   360  653 1438  1  6 92  0
 0  0      0 2623092  24832 1161828    0    0     0   420  653 1381  1  5 94  0
 1  1      0 2623348  24844 1161664    0    0     0   336  651 1374  0  6 89  5
procs -----------memory---------- ---swap-- -----io---- -system-- ----cpu----
 r  b   swpd   free   buff  cache   si   so    bi    bo   in   cs us sy id wa
 1  0      0 2634616  24596 1150368    0    0   196   285   33   96  0  0 99  0
 0  0      0 2623076  24632 1161692    0    0    88   300  675 1459  1  6 93  0
 1  0      0 2634020  24636 1150604    0    0     0   420  643 1358  0  6 93  0
 0  0      0 2623076  24640 1161720    0    0     0   360  647 1401  1  6 93  0
 1  0      0 2632336  24648 1152696    0    0     0   420  657 1390  1  6 93  0
 0  0      0 2622756  24652 1161496    0    0     0   360  632 1351  1  5 93  0
 0  0      0 2622820  24668 1161784    0    0     4   500  654 1302  1  4 89  5
 0  0      0 2623092  24672 1161608    0    0     0   420  630 1300  1  5 94  0
 0  0      0 2622640  24680 1161428    0    0     0   360  669 1435  0  7 93  0
 0  0      0 2623020  24684 1161716    0    0     0   420  645 1337  2  4 93  0
 0  0      0 2623268  24688 1161784    0    0     0   360  687 1479  1  7 92  0
 0  0      0 2623036  24704 1161704    0    0     0   452  637 1260  0  5 90  5
 0  0      0 2623028  24712 1161480    0    0     0   360  649 1436  2  6 92  0
 0  0      0 2622812  24716 1161612    0    0     0   420  656 1347  1  6 93  0
 0  0      0 2622664  24720 1161436    0    0     0   360  666 1441  0  7 93  0
 1  0      0 2633840  24728 1150596    0    0     0   420  630 1359  1  5 93  0
procs -----------memory---------- ---swap-- -----io---- -system-- ----cpu----
 r  b   swpd   free   buff  cache   si   so    bi    bo   in   cs us sy id wa
 1  0      0 2634640  24596 1150336    0    0   185   272   34   96  0  1 99  0
 0  0      0 2623184  24624 1161652    0    0    84   300  658 1469  1  6 93  0
 1  0      0 2628844  24632 1156440    0    0     4   420  665 1385  2  6 93  0
 0  0      0 2623448  24632 1161476    0    0     0   360  650 1395  2  5 93  0
 0  0      0 2622968  24636 1161612    0    0     0   420  685 1455  1  6 93  0
 0  1      0 2623620  24640 1161624    0    0     0   428  621 1275  0  5 92  3
 0  0      0 2622828  24652 1161840    0    0     4   420  697 1463  1  6 92  2
 0  0      0 2622812  24656 1161600    0    0     0   420  658 1346  1  5 94  0
 0  0      0 2622944  24660 1161724    0    0     0   360  654 1407  1  7 93  0
 1  0      0 2632484  24660 1152424    0    0     0   420  652 1377  1  6 93  0
 0  1      0 2623168  24664 1161396    0    0     0   392  607 1262  1  5 92  2
 0  0      0 2623160  24672 1161784    0    0     0   408  697 1492  1  6 90  2
 1  0      0 2631816  24676 1151928    0    0     0   420  670 1329  1  6 93  0
 0  0      0 2622788  24680 1161548    0    0     0   360  662 1429  1  6 92  0
 2  0      0 2627344  24680 1156440    0    0     0   420  639 1298  1  5 94  0
 0  1      0 2622896  24688 1161552    0    0     0   392  632 1335  1  6 91  3
procs -----------memory---------- ---swap-- -----io---- -system-- ----cpu----
 r  b   swpd   free   buff  cache   si   so    bi    bo   in   cs us sy id wa
 3  0      0 2634864  24596 1150372    0    0   182   269   36   99  0  1 99  0
 2  0      0 2623312  24648 1161456    0    0    16     0 2437 8045  5 23 73  0
procs -----------memory---------- ---swap-- -----io---- -system-- ----cpu----
 r  b   swpd   free   buff  cache   si   so    bi    bo   in   cs us sy id wa
 3  0      0 2634444  24596 1150340    0    0   181   267   36  101  0  1 99  0
 1  0      0 2630432  24640 1154328    0    0    16     0 2537 8786  6 19 76  0
procs -----------memory---------- ---swap-- -----io---- -system-- ----cpu----
 r  b   swpd   free   buff  cache   si   so    bi    bo   in   cs us sy id wa
 1  1      0 2634468  24596 1150380    0    0   180   265   37  104  0  1 99  0
 1  0      0 2625644  24636 1159296    0    0    16     0 2390 7941  6 17 77  0
procs -----------memory---------- ---swap-- -----io---- -system-- ----cpu----
 r  b   swpd   free   buff  cache   si   so    bi    bo   in   cs us sy id wa
 3  0      0 2634896  24596 1150340    0    0   180   265   37  106  0  1 99  0
 1  0      0 2625416  24632 1158504    0    0    16     0 2398 7892  5 21 75  0
procs -----------memory---------- ---swap-- -----io---- -system-- ----cpu----
 r  b   swpd   free   buff  cache   si   so    bi    bo   in   cs us sy id wa
 1  0      0 2634628  24596 1150436    0    0   179   264   38  108  0  1 99  0
 1  0      0 2623336  24652 1161544    0    0    20     0 2425 8146  3 23 74  0
procs -----------memory---------- ---swap-- -----io---- -system-- ----cpu----
 r  b   swpd   free   buff  cache   si   so    bi    bo   in   cs us sy id wa
 2  0      0 2634652  24596 1150340    0    0   179   264   39  110  0  1 99  0
 1  0      0 2630136  24644 1154532    0    0    16     0 2412 8121  4 21 75  0
procs -----------memory---------- ---swap-- -----io---- -system-- ----cpu----
 r  b   swpd   free   buff  cache   si   so    bi    bo   in   cs us sy id wa
 3  0      0 2634552  24596 1150340    0    0   179   263   39  112  0  1 99  0
 1  0      0 2630652  24632 1153900    0    0    16     0 2438 8092  6 20 74  0
procs -----------memory---------- ---swap-- -----io---- -system-- ----cpu----
 r  b   swpd   free   buff  cache   si   so    bi    bo   in   cs us sy id wa
 1  0      0 2634700  24596 1150340    0    0   178   263   40  114  0  1 99  0
 1  0      0 2630008  24632 1154720    0    0    16     0 2364 7790  6 19 75  0
procs -----------memory---------- ---swap-- -----io---- -system-- ----cpu----
 r  b   swpd   free   buff  cache   si   so    bi    bo   in   cs us sy id wa
 1  0      0 2634360  24596 1150440    0    0   178   263   41  116  0  1 98  0
 1  0      0 2627516  24652 1157132    0    0    20     0 2394 8448  3 22 75  0
procs -----------memory---------- ---swap-- -----io---- -system-- ----cpu----
 r  b   swpd   free   buff  cache   si   so    bi    bo   in   cs us sy id wa
 1  0      0 2634016  24596 1150772    0    0   178   262   41  119  0  1 98  0
 1  0      0 2632616  24644 1152356    0    0    20     0 2364 7991  4 25 72  0
procs -----------memory---------- ---swap-- -----io---- -system-- ----cpu----
 r  b   swpd   free   buff  cache   si   so    bi    bo   in   cs us sy id wa
 1  0      0 2634192  24596 1150444    0    0   177   262   42  121  0  1 98  0
 1  0      0 2629132  24636 1155720    0    0    16     0 2329 7811  6 20 75  0
procs -----------memory---------- ---swap-- -----io---- -system-- ----cpu----
 r  b   swpd   free   buff  cache   si   so    bi    bo   in   cs us sy id wa
 1  0      0 2634488  24596 1150432    0    0   177   261   43  123  0  1 98  0
 1  0      0 2631788  24636 1152908    0    0    16     0 2371 7887  7 20 74  0
