vdb1          reads   read sectors  writes    requested writes
                2698      21566       5649    2795304
                2699      21574       5649    2795304
                2718      21726       5698    2803656
                2737      21878       5736    2810464
                2757      22038       5775    2817280
                2780      22222       5819    2825704
                2800      22382       5857    2832504
                2820      22542       5901    2839312
                2842      22718       5945    2846120
                2862      22878       5986    2852904
                2883      23046       6033    2859768
                2902      23198       6065    2864864
                2921      23350       6133    2871624
                2938      23486       6166    2876720
                2954      23614       6200    2881856
                2974      23774       6238    2888616
                2996      23950       6286    2895480
                3017      24118       6318    2900576
                3033      24246       6357    2907304
                3054      24414       6401    2914112
                3071      24550       6432    2919208
vdb1          reads   read sectors  writes    requested writes
                3089      24694       6463    2924320
                3106      24830       6499    2929424
                3122      24958       6536    2934560
                3141      25110       6570    2939672
                3160      25262       6609    2946408
                3176      25390       6649    2951576
                3193      25526       6682    2956688
                3214      25694       6718    2963400
