vdb1          reads   read sectors  writes    requested writes
                1555      12428       3385    1819880
                1563      12492       3423    1824288
                1572      12564       3463    1827880
                1593      12732       3507    1832464
                1614      12900       3539    1836128
                1633      13052       3564    1838936
                1652      13204       3600    1842568
                1669      13340       3629    1845320
                1690      13508       3675    1849056
                1714      13700       3717    1853568
                1731      13836       3751    1856376
                1752      14004       3787    1860000
                1769      14140       3816    1862752
                1794      14340       3860    1866480
                1819      14540       3909    1871080
                1845      14748       3953    1875616
                1869      14940       4002    1880192
                1890      15108       4046    1883912
                1915      15308       4092    1888464
                1940      15508       4141    1893048
                1965      15708       4191    1897640
vdb1          reads   read sectors  writes    requested writes
                1990      15908       4241    1902240
                2015      16108       4290    1906832
                2036      16276       4333    1910536
