vdb1          reads   read sectors  writes    requested writes
                 389       3106       1134     883728
                 390       3114       1139     884192
                 404       3226       1155     885192
                 419       3346       1186     887192
                 433       3458       1212     888776
                 450       3594       1240     890768
                 472       3770       1277     893320
                 495       3954       1321     895928
                 520       4154       1365     898096
                 542       4330       1411     900672
                 563       4498       1445     902304
                 586       4682       1482     904416
                 612       4890       1532     907064
                 633       5058       1580     909696
                 659       5266       1624     912272
                 676       5402       1658     913912
                 697       5570       1692     915960
                 713       5698       1725     917584
                 734       5866       1764     919696
                 755       6034       1798     921744
                 772       6170       1832     923376
vdb1          reads   read sectors  writes    requested writes
                 793       6338       1866     925432
                 813       6498       1911     927592
                 834       6666       1946     929656
                 851       6802       1980     931296
                 876       7002       2024     933872
                 897       7170       2068     936032
