vdb1          reads   read sectors  writes    requested writes
                3876      30984       8046    3849024
                3877      30992       8046    3849024
                3901      31184       8112    3868464
                3920      31336       8152    3878304
                3941      31504       8197    3891368
                3956      31624       8239    3904368
                3972      31752       8274    3914216
                3989      31888       8306    3923960
                4002      31992       8342    3933736
                4014      32088       8387    3943608
                4026      32184       8425    3953400
                4038      32280       8461    3963176
                4053      32400       8512    3976240
                4071      32544       8568    3992496
                4086      32664       8611    4002352
                4098      32760       8660    4015400
                4112      32872       8707    4028408
                4127      32992       8811    4041456
                4141      33104       8852    4051256
                4156      33224       8904    4064304
                4169      33328       8944    4074104
vdb1          reads   read sectors  writes    requested writes
                4183      33440       8984    4083904
                4194      33528       9026    4093736
                4207      33632       9066    4103536
                4223      33760       9108    4113328
                4235      33856       9157    4126352
                4248      33960       9201    4136144
                4260      34056       9241    4145920
                4273      34160       9285    4155720
                4286      34264       9333    4165552
                4299      34368       9382    4175368
