vdb1          reads   read sectors  writes    requested writes
                6714      53664      16112    7981744
                7612      60848      16150    8005824
                7612      60848      16164    8013864
                9315      74472      16220    8046960
               10326      82560      16245    8062960
               11356      90800      16274    8078984
               13036     104240      16389    8134040
               14062     112448      16427    8158040
               14359     114824      16467    8182040
               15426     123360      16508    8206040
               16140     129072      16546    8230040
               16943     135496      16576    8246232
               17447     139528      16628    8278232
               17460     139632      16692    8318232
               17485     139832      16744    8350232
               17497     139928      16809    8390232
               18284     146224      16873    8422472
               18297     146328      16937    8462472
               18309     146424      16988    8494472
               18322     146528      17053    8534472
               18347     146728      17104    8566472
vdb1          reads   read sectors  writes    requested writes
               18372     146928      17173    8606720
               18385     147032      17225    8638720
               18385     147032      17290    8678720
               18397     147128      17344    8710824
               18410     147232      17407    8750720
