vdb1          reads   read sectors  writes    requested writes
                9051      72354      18428    8513520
                9052      72362      18429    8513528
                9072      72522      18465    8520208
                9087      72642      18498    8526928
                9104      72778      18530    8532096
                9129      72978      18572    8540536
                9145      73106      18599    8545616
                9161      73234      18631    8550784
                9178      73370      18663    8555880
                9195      73506      18696    8560992
                9217      73682      18732    8567736
                9237      73842      18778    8574576
                9262      74042      18829    8583024
                9283      74210      18897    8588192
                9303      74370      18947    8596632
                9327      74562      18994    8603488
                9350      74746      19042    8611936
                9371      74914      19089    8618792
                9391      75074      19132    8625576
                9412      75242      19176    8632384
                9438      75450      19225    8640840
vdb1          reads   read sectors  writes    requested writes
                9464      75658      19284    8649344
                9485      75826      19320    8654480
                9506      75994      19371    8662928
                9527      76162      19421    8669792
                9548      76330      19456    8675016
                9564      76458      19489    8681616
