vdb1          reads   read sectors  writes    requested writes
                1560      12468       3388    1819880
                1577      12604       3427    1822304
                1586      12676       3454    1823792
                1602      12804       3491    1826232
                1618      12932       3530    1828744
                1636      13076       3574    1831304
                1644      13140       3588    1832248
                1655      13228       3606    1833344
                1672      13364       3633    1834912
                1690      13508       3661    1836920
                1712      13684       3697    1839000
                1726      13796       3729    1841000
                1741      13916       3762    1842608
                1760      14068       3795    1844592
                1777      14204       3827    1846168
                1793      14332       3865    1848208
                1811      14476       3899    1850208
                1826      14596       3933    1851800
                1844      14740       3966    1853808
                1859      14860       3998    1855376
                1877      15004       4031    1857384
vdb1          reads   read sectors  writes    requested writes
                1896      15156       4068    1859424
                1912      15284       4103    1861016
                1930      15428       4137    1863008
                1948      15572       4170    1864584
                1965      15708       4202    1866592
                1981      15836       4235    1868176
                2000      15988       4272    1870216
