vdb1          reads   read sectors  writes    requested writes
                5875      46964      11989    5595568
                5890      47084      12025    5599096
                5902      47180      12056    5602608
                5919      47316      12094    5607040
                5938      47468      12125    5610648
                5957      47620      12151    5613392
                5972      47740      12180    5616984
                5991      47892      12215    5620632
                6018      48108      12265    5626064
                6041      48292      12304    5630584
                6060      48444      12333    5634144
                6077      48580      12365    5636896
                6096      48732      12402    5640496
                6113      48868      12447    5644080
                6129      48996      12480    5646840
                6148      49148      12512    5650392
                6162      49260      12547    5653160
                6180      49404      12578    5656720
                6180      49404      12582    5656752
                6199      49556      12615    5660328
                6217      49700      12650    5663120
vdb1          reads   read sectors  writes    requested writes
                6233      49828      12687    5666720
                6252      49980      12719    5670272
                6267      50100      12751    5673032
                6286      50252      12783    5676600
                6302      50380      12816    5679360
                6320      50524      12848    5682904
                6336      50652      12875    5685616
