vdb1          reads   read sectors  writes    requested writes
                4710      37650       9742    4620144
                4711      37658       9742    4620144
                4721      37738       9778    4623704
                4735      37850       9809    4627296
                4753      37994       9839    4630888
                4770      38130       9865    4633696
                4791      38298       9895    4637368
                4811      38458       9927    4641000
                4828      38594       9956    4643752
                4845      38730      10004    4646560
                4866      38898      10038    4650168
                4883      39034      10071    4652968
                4908      39234      10115    4657496
                4929      39402      10151    4661104
                4947      39546      10188    4663992
                4969      39722      10222    4667608
                4987      39866      10252    4670376
                5009      40042      10290    4674040
                5031      40218      10333    4677768
                5055      40410      10381    4682344
                5080      40610      10425    4686872
vdb1          reads   read sectors  writes    requested writes
                5103      40794      10470    4690616
                5125      40970      10514    4695144
                5150      41170      10563    4699752
                5176      41378      10612    4704336
                5197      41546      10652    4708016
                5213      41674      10684    4710800
