vdb1          reads   read sectors  writes    requested writes
                6994      55910      14190    6569504
                6995      55918      14190    6569504
                7009      56030      14225    6573016
                7020      56118      14253    6576480
                7030      56198      14278    6579120
                7041      56286      14308    6581808
                7054      56390      14332    6584448
                7066      56486      14361    6587912
                7087      56654      14397    6591576
                7102      56774      14428    6595096
                7115      56878      14457    6597832
                7135      57038      14498    6602320
                7156      57206      14538    6606776
                7177      57374      14576    6611224
                7195      57518      14603    6613952
                7211      57646      14637    6617544
                7229      57790      14660    6620232
                7244      57910      14691    6623808
                7261      58046      14720    6627336
                7275      58158      14748    6630056
                7293      58302      14775    6633592
vdb1          reads   read sectors  writes    requested writes
                7308      58422      14804    6636352
                7326      58566      14830    6639880
                7342      58694      14853    6642568
                7360      58838      14886    6646160
                7375      58958      14917    6648888
                7394      59110      14958    6652408
                7409      59230      14986    6655104
                7423      59342      15012    6657784
