vdb1          reads   read sectors  writes    requested writes
                2661      21270       5584    2754560
                2678      21406       5623    2756968
                2687      21478       5649    2758440
                2699      21574       5680    2760368
                2710      21662       5707    2762272
                2721      21750       5734    2763752
                2743      21926       5772    2766256
                2757      22038       5803    2768272
                2775      22182       5830    2770240
                2793      22326       5860    2772248
                2809      22454       5887    2773808
                2828      22606       5914    2775792
                2843      22726       5942    2777368
                2866      22910       5974    2779832
                2883      23046       6003    2781840
                2899      23174       6040    2784344
                2924      23374       6094    2787440
                2945      23542       6132    2789944
                2969      23734       6176    2792920
                2992      23918       6214    2795440
                3013      24086       6255    2797968
vdb1          reads   read sectors  writes    requested writes
                3032      24238       6290    2799976
                3054      24414       6334    2802480
