vdb1          reads   read sectors  writes    requested writes
                 389       3106       1143     883728
                 390       3114       1152     884240
                 410       3274       1184     886224
                 427       3410       1212     888216
                 441       3522       1238     889792
                 458       3658       1266     891792
                 476       3802       1297     893832
                 505       4034       1357     897040
                 531       4242       1401     899616
                 556       4442       1455     902248
                 577       4610       1499     904416
                 599       4786       1533     906480
                 625       4994       1585     909168
                 647       5170       1619     911216
                 668       5338       1663     913384
                 689       5506       1697     915432
                 706       5642       1732     917080
                 730       5834       1774     919640
                 752       6010       1807     921272
                 774       6186       1846     923376
                 795       6354       1875     924960
vdb1          reads   read sectors  writes    requested writes
                 813       6498       1912     927064
                 833       6658       1947     929136
                 855       6834       1986     931240
                 876       7002       2025     933344
                 897       7170       2063     935448
