vdb1          reads   read sectors  writes    requested writes
                3732      29832       7679    3688376
                3747      29952       7717    3690776
                3757      30032       7744    3692240
                3765      30096       7767    3693680
                3767      30112       7778    3694600
                3778      30200       7806    3696520
                3789      30288       7836    3698432
                3800      30376       7864    3699928
                3814      30488       7890    3701816
                3826      30584       7917    3703280
                3839      30688       7948    3705192
                3859      30848       7991    3708064
                3874      30968       8020    3709984
                3885      31056       8046    3711448
                3903      31200       8088    3714288
                3918      31320       8124    3716632
                3930      31416       8149    3718120
                3940      31496       8179    3719608
                3962      31672       8232    3722960
                3976      31784       8266    3725320
                3989      31888       8297    3727240
vdb1          reads   read sectors  writes    requested writes
                4006      32024       8346    3730144
                4017      32112       8368    3731576
                4028      32200       8395    3733048
                4041      32304       8421    3734928
