vdb1          reads   read sectors  writes    requested writes
                8084      64624      16328    7542560
                8097      64728      16363    7546072
                8107      64808      16386    7548680
                8115      64872      16414    7552144
                8137      65048      16463    7557376
                8153      65176      16502    7561736
                8168      65296      16542    7566096
                8183      65416      16582    7570456
                8196      65520      16624    7574816
                8210      65632      16665    7579160
                8224      65744      16707    7583536
                8236      65840      16739    7587016
                8248      65936      16778    7590560
                8260      66032      16809    7594032
                8274      66144      16836    7597480
                8284      66224      16866    7600144
                8297      66328      16893    7603584
                8310      66432      16925    7607080
                8325      66552      16966    7611440
                8340      66672      17001    7614952
                8352      66768      17033    7618448
vdb1          reads   read sectors  writes    requested writes
                8365      66872      17060    7621888
                8365      66872      17062    7621904
                8376      66960      17087    7624528
                8388      67056      17117    7628000
