vdb1          reads   read sectors  writes    requested writes
               10226      81748      20809    9567240
               10232      81796      20847    9573896
               10240      81860      20876    9578928
               10254      81972      20908    9585560
               10268      82084      20935    9590616
               10282      82196      20966    9595728
               10301      82348      21000    9602416
               10316      82468      21027    9607496
               10332      82596      21055    9612552
               10354      82772      21100    9620984
               10381      82988      21141    9627768
               10400      83140      21180    9634512
               10415      83260      21218    9641256
               10434      83412      21249    9646320
               10449      83532      21284    9652944
               10464      83652      21316    9658080
               10480      83780      21349    9663128
               10495      83900      21381    9668208
               10515      84060      21424    9674952
               10529      84172      21461    9680048
               10543      84284      21520    9685096
vdb1          reads   read sectors  writes    requested writes
               10559      84412      21552    9690160
               10573      84524      21585    9695224
               10591      84668      21624    9701928
               10605      84780      21656    9706968
               10624      84932      21700    9713736
               10638      85044      21739    9718856
               10654      85172      21772    9723920
               10668      85284      21804    9728960
               10685      85420      21835    9734016
