procs -----------memory---------- ---swap-- -----io---- -system-- ----cpu----
 r  b   swpd   free   buff  cache   si   so    bi    bo   in   cs us sy id wa
 4  0      0 6313960  27428 955324    0    0  1046  4652  228  331  1  4 94  1
 3  0      0 6308024  27456 961864    0    0  1876 12040 1642 2253  2  6 92  1
 1  0      0 6291244  27472 977816    0    0  2740 12000 1858 2503  3  5 91  1
 0  0      0 6286316  27484 982752    0    0  2848 10000 1803 2577  2  4 93  1
 0  0      0 6281448  27496 987732    0    0  2760 12076 1904 2559  1  5 92  1
 0  0      0 6276512  27508 992876    0    0  2740 12000 1875 2527  3  4 92  1
 0  0      0 6270684  27532 998328    0    0  1712 12084 1605 2009  3  4 92  1
 1  0      0 6271784  27548 997260    0    0  2768 12000 1865 2508  2  6 92  1
 2  0      0 6262584  27560 1005536    0    0  2792 12000 1879 2508  2  4 93  1
 1  1      0 6255136  27572 1011680    0    0  2232 12036 1741 2244  2  6 90  1
 0  0      0 6251260  27580 1017208    0    0  2168 10000 1608 2225  2  6 91  1
 0  0      0 6246060  27600 1022056    0    0  3176 12092 2099 2745  2  7 90  1
 0  0      0 6240556  27612 1028008    0    0  1248 12000 1480 1810  3  5 91  1
 0  0      0 6234588  27628 1033832    0    0  1536 12000 1571 1908  2  6 91  1
 1  0      0 6228744  27640 1039224    0    0  2516 12036 1784 2320  3  5 91  1
 2  0      0 6223156  27652 1044308    0    0  2544 10000 1697 2402  1  7 91  1
 1  0      0 6218048  27672 1049692    0    0  2132 12092 1770 2244  2  5 92  1
 0  0      0 6211940  27684 1055528    0    0  1256 12000 1488 1788  2  5 92  1
