sda1          reads   read sectors  writes    requested writes
               68797     549848     131643   14329736
               68927     550888     131992   14369816
               69087     552168     132327   14409816
               69277     553688     132729   14457816
               69437     554968     133064   14497816
               69594     556224     133399   14537816
               69757     557528     133769   14578088
               69949     559064     134170   14626088
               70291     561800     134561   14666088
               70451     563080     134896   14706088
               70611     564360     135231   14746088
               71733     573336     135656   14786384
               72057     575928     136034   14826384
               72219     577224     136437   14874384
               72597     580248     136836   14914384
               72757     581528     137171   14954384
               72918     582816     137540   14994680
               73078     584096     137875   15034680
               73270     585632     138277   15082680
               73427     586888     138611   15122680
