sda1          reads   read sectors  writes    requested writes
               31129     248738      80333    9174384
               31995     255666      80900    9194464
               33384     266778      81638    9218464
               34504     275738      82245    9238464
               35887     286802      82948    9262464
               37076     296314      83557    9282464
               38380     306746      84300    9306752
               39538     316010      84906    9326752
               40956     327354      85631    9350752
               42223     337490      86353    9374752
               43514     347818      86955    9394752
               44716     357434      87674    9419056
               45661     364994      88261    9439056
               46912     375002      88929    9463056
               47998     383690      89481    9483056
               49303     394130      90157    9507056
               50450     403306      90779    9527360
               51584     412386      91493    9551360
               52989     423618      92106    9571360
