procs -----------memory---------- ---swap-- -----io---- -system-- ----cpu----
 r  b   swpd   free   buff  cache   si   so    bi    bo   in   cs us sy id wa
 3  0      0 6467680  27428 955448    0    0  1040  4386  203  292  1  4 94  1
 0  0      0 6449044  27468 974704    0    0  3464 10040 1973 3067  3  4 91  2
 3  0      0 6446952  27492 976624    0    0  5556 12000 2686 4018  3  6 89  2
 0  0      0 6431528  27512 991564    0    0  4480 10000 2231 3352  2  6 91  1
 1  0      0 6425188  27544 997796    0    0  5532 12076 2623 3964  2  7 90  2
 0  0      0 6414228  27564 1008512    0    0  4756 10000 2307 3479  2  5 92  2
 0  0      0 6404788  27600 1017668    0    0  5216 12144 2582 3803  2  5 90  3
 1  0      0 6395232  27624 1025360    0    0  4632 10700 2262 3422  2  4 92  2
 0  0      0 6387200  27648 1034744    0    0  5672 11300 2680 4014  1  6 91  2
 0  1      0 6377644  27672 1042300    0    0  5348 12036 2559 3781  1  6 91  2
 2  0      0 6369900  27696 1051620    0    0  4884 10000 2370 3625  1  5 91  2
 3  0      0 6371388  27728 1050060    0    0  4808 12152 2443 3556  2  6 91  1
 0  0      0 6351896  27748 1068772    0    0  3780 10000 2048 3090  2  5 91  2
 1  0      0 6353864  27776 1067548    0    0  5004 12000 2436 3667  2  6 90  1
 0  0      0 6334324  27796 1086536    0    0  4344 10000 2159 3304  3  5 91  2
 1  0      0 6335556  27820 1084524    0    0  5220 12036 2487 3756  1  6 91  2
 0  0      0 6316512  27852 1103820    0    0  4588 10152 2307 3487  2  5 91  2
 1  1      0 6306792  27876 1111208    0    0  4916 12000 2445 3602  2  5 90  3
 0  0      0 6298832  27896 1120656    0    0  5240 10000 2469 3823  2  6 90  2
