vdb1          reads   read sectors  writes    requested writes
                2658      21246       5574    2754560
                2659      21254       5574    2754560
                2675      21382       5612    2756968
                2683      21446       5638    2758440
                2695      21542       5666    2760336
                2705      21622       5693    2761824
                2717      21718       5720    2763720
                2731      21830       5753    2765728
                2746      21950       5780    2767280
                2764      22094       5807    2769248
                2783      22246       5840    2771304
                2805      22422       5874    2773768
                2820      22542       5901    2775320
                2841      22710       5942    2777856
                2859      22854       5968    2779832
                2877      22998       5999    2781840
                2896      23150       6026    2783400
                2915      23302       6060    2785864
                2932      23438       6094    2787896
                2947      23558       6122    2789448
                2965      23702       6148    2791424
vdb1          reads   read sectors  writes    requested writes
                2983      23846       6175    2792976
                2999      23974       6202    2794936
                3017      24118       6230    2796864
                3032      24238       6264    2798496
                3051      24390       6298    2800512
                3070      24542       6328    2802480
                3086      24670       6361    2804032
