vdb1          reads   read sectors  writes    requested writes
                1536      12276       3401    1819880
                1550      12388       3442    1822344
                1561      12476       3473    1824288
                1574      12580       3496    1825768
                1587      12684       3523    1827744
                1602      12804       3553    1829752
                1620      12948       3587    1831808
                1636      13076       3613    1833400
                1656      13236       3640    1835384
                1675      13388       3670    1837424
                1691      13516       3688    1838504
                1695      13548       3700    1839472
                1714      13700       3737    1841520
                1730      13828       3769    1843104
                1749      13980       3801    1845104
                1769      14140       3834    1846688
                1789      14300       3866    1848680
                1804      14420       3894    1850208
                1823      14572       3931    1852264
                1839      14700       3964    1853864
                1858      14852       3996    1855848
vdb1          reads   read sectors  writes    requested writes
                1873      14972       4028    1857424
                1892      15124       4059    1859424
                1908      15252       4092    1861016
                1927      15404       4125    1863008
                1943      15532       4157    1864584
                1962      15684       4189    1866592
                1978      15812       4223    1868176
                1997      15964       4256    1870160
