vdb1          reads   read sectors  writes    requested writes
                 389       3106       1167     883728
                 390       3114       1172     884192
                 401       3202       1184     884736
                 413       3298       1212     886680
                 432       3450       1250     889240
                 451       3602       1288     891792
                 467       3730       1319     893832
                 483       3858       1349     895464
                 501       4002       1387     897568
                 522       4170       1420     899616
                 539       4306       1454     901256
                 559       4466       1488     903304
                 575       4594       1522     904936
                 595       4754       1558     907008
                 611       4882       1592     908640
                 631       5042       1625     910696
                 651       5202       1669     912856
                 671       5362       1707     914960
                 695       5554       1751     917536
                 715       5714       1794     919696
                 736       5882       1827     921744
vdb1          reads   read sectors  writes    requested writes
                 752       6010       1860     923376
                 773       6178       1894     925432
                 794       6346       1928     927064
                 814       6506       1974     929656
                 830       6634       2008     931296
                 855       6834       2051     933872
                 871       6962       2084     935504
