vdb1          reads   read sectors  writes    requested writes
                7861      62840      16294    7542560
                7861      62840      16294    7542560
                7871      62920      16316    7545168
                7873      62936      16335    7546944
                7880      62992      16350    7548680
                7887      63048      16365    7550416
                7893      63096      16383    7552192
                7898      63136      16398    7553928
                7907      63208      16409    7555632
                7916      63280      16424    7557376
                7925      63352      16435    7558272
                7933      63416      16450    7560016
                7939      63464      16467    7561784
                7947      63528      16482    7563520
                7955      63592      16497    7565264
                7960      63632      16508    7566968
                7969      63704      16523    7568704
                7978      63776      16539    7570456
                7986      63840      16553    7572160
                7995      63912      16566    7573104
                8003      63976      16581    7574848
vdb1          reads   read sectors  writes    requested writes
                8011      64040      16596    7576584
                8019      64104      16611    7578320
                8025      64152      16629    7580096
                8033      64216      16640    7581800
                8038      64256      16655    7583536
                8047      64328      16666    7584440
                8055      64392      16681    7586176
                8063      64456      16696    7587920
                8071      64520      16714    7589688
                8077      64568      16729    7591424
                8085      64632      16744    7593168
                8090      64672      16755    7594872
                8099      64744      16766    7595776
                8107      64808      16781    7597512
                8114      64864      16799    7599272
                8122      64928      16814    7601008
                8130      64992      16829    7602752
                8138      65056      16844    7604488
                8146      65120      16859    7606224
                8154      65184      16877    7608000
                8160      65232      16891    7609736
vdb1          reads   read sectors  writes    requested writes
                8169      65304      16906    7611472
                8177      65368      16917    7613184
                8182      65408      16932    7614920
                8191      65480      16947    7616664
                8200      65552      16959    7617576
                8208      65616      16974    7619312
                8216      65680      16989    7621056
                8224      65744      17004    7622792
                8232      65808      17019    7624528
                8239      65864      17037    7626296
                8247      65928      17052    7628032
