vdb1          reads   read sectors  writes    requested writes
               79292     634150      71063   33992888
               79293     634158      71088   34008968
               79293     634158      71115   34024968
               80293     642158      71127   34032968
               80293     642158      71167   34056968
               80882     646870      71181   34064968
               80883     646878      71216   34084328
               81025     648014      71240   34100320
               81025     648014      71277   34124320
               81840     654534      71291   34132320
               81866     654742      71319   34148320
               82406     659062      71361   34173032
               82866     662742      71385   34189024
               83259     665886      71411   34205024
               83848     670598      71438   34221024
               83977     671630      71463   34237024
               84476     675622      71486   34248240
               84490     675734      71528   34272224
               85040     680134      71542   34280224
               85040     680134      71568   34296224
               85567     684350      71593   34312224
vdb1          reads   read sectors  writes    requested writes
               85658     685078      71646   34343568
               86248     689798      71660   34351568
               86274     690006      71701   34375568
               86836     694502      71714   34383568
               86908     695078      71754   34407568
               87438     699318      71786   34424680
               87526     700022      71823   34448680
               87580     700454      71835   34456680
               87761     701902      71873   34480680
               88167     705150      71923   34496800
               88291     706142      71977   34523040
               88751     709822      71992   34531040
               88751     709822      72019   34547040
               88893     710958      72050   34563040
               88893     710958      72165   34584744
               89814     718326      72209   34606480
               89893     718958      72241   34627016
               90035     720094      72267   34643016
               90035     720094      72292   34659016
               90653     725038      72344   34670512
               90653     725038      72393   34698296
vdb1          reads   read sectors  writes    requested writes
