vdb1          reads   read sectors  writes    requested writes
               17600     140686      42226   19366552
               17601     140694      42239   19367232
               17601     140694      42257   19367952
               17601     140694      42272   19368552
               17601     140694      42287   19369152
               17601     140694      42308   19369896
               17617     140822      42349   19371440
               17617     140822      42358   19371800
               17617     140822      42370   19372280
               17617     140822      42388   19373000
               17617     140822      42403   19373600
               17620     140846      42446   19375152
               17620     140846      42461   19375752
               17620     140846      42479   19376472
               17620     140846      42497   19377192
               17620     140846      42512   19377792
               17624     140878      42560   19379440
               17624     140878      42575   19380040
               17624     140878      42597   19380760
