vdb1          reads   read sectors  writes    requested writes
                5446      43496      25315   11671032
                5460      43608      25354   11677672
                5461      43616      25355   11677680
                5469      43680      25388   11684272
                5476      43736      25421   11689288
                5485      43808      25452   11695856
                5492      43864      25485   11700864
                5501      43936      25519   11707448
                5509      44000      25552   11712448
                5520      44088      25587   11719056
                5531      44176      25618   11724064
                5545      44288      25652   11730664
                5564      44440      25709   11740616
                5580      44568      25754   11748880
                5592      44664      25787   11755472
                5606      44776      25823   11762112
                5620      44888      25860   11768744
                5631      44976      25890   11773728
                5643      45072      25928   11780352
                5656      45176      25965   11786984
                5669      45280      25996   11793576
vdb1          reads   read sectors  writes    requested writes
                5686      45416      26041   11801856
                5701      45536      26087   11810136
                5715      45648      26122   11816752
                5730      45768      26166   11825040
                5741      45856      26197   11830048
