vdb1          reads   read sectors  writes    requested writes
                6375      50916      30194   13930624
                6398      51100      30261   13950000
                6414      51228      30319   13966200
                6435      51396      30379   13982480
                6456      51564      30437   13998736
                6474      51708      30483   14011744
                6490      51836      30524   14021544
                6509      51988      30582   14037808
                6527      52132      30636   14050840
                6545      52276      30678   14063776
                6565      52436      30735   14076856
                6582      52572      30778   14089792
                6602      52732      30844   14106056
                6616      52844      30902   14119120
                6620      52876      30902   14119120
                6629      52948      30935   14128824
                6647      53092      30979   14138616
                6668      53260      31034   14154824
                6682      53372      31076   14164616
                6699      53508      31121   14177568
                6721      53684      31188   14193824
vdb1          reads   read sectors  writes    requested writes
                6740      53836      31252   14206920
                6756      53964      31302   14219888
                6778      54140      31371   14236160
                6798      54300      31439   14252424
