vdb1          reads   read sectors  writes    requested writes
                4948      39518      23050   10619568
                4966      39662      23096   10627832
                4977      39750      23129   10632856
                4991      39862      23161   10639488
                5006      39982      23196   10646136
                5017      40070      23225   10651128
                5036      40222      23271   10659504
                5051      40342      23304   10664608
                5058      40398      23313   10666272
                5068      40478      23336   10671264
                5089      40646      23374   10677984
                5103      40758      23409   10683072
                5122      40910      23441   10689736
                5136      41022      23474   10694824
                5156      41182      23509   10701480
                5169      41286      23541   10706544
                5191      41462      23584   10714896
                5213      41638      23634   10723352
                5230      41774      23667   10730024
                5248      41918      23704   10736744
                5266      42062      23741   10743464
vdb1          reads   read sectors  writes    requested writes
                5281      42182      23775   10748552
                5298      42318      23810   10755208
                5320      42494      23862   10763624
                5334      42606      23898   10768696
                5352      42750      23936   10775376
                5368      42878      23976   10782088
