vdb1          reads   read sectors  writes    requested writes
                1981      15818       9645    4620144
                1984      15842       9646    4620152
                2006      16018       9693    4625440
                2023      16154       9725    4629048
                2042      16306       9759    4632728
                2063      16474       9794    4636448
                2085      16650       9828    4640136
                2107      16826       9868    4643808
                2128      16994       9921    4647472
                2148      17154       9959    4651136
                2173      17354       9999    4654800
                2193      17514      10044    4659344
                2214      17682      10083    4663016
                2240      17890      10137    4667664
                2265      18090      10182    4672208
                2291      18298      10231    4676792
                2313      18474      10274    4680512
                2331      18618      10313    4684176
                2352      18786      10348    4687800
                2368      18914      10383    4690616
                2390      19090      10421    4694288
vdb1          reads   read sectors  writes    requested writes
                2416      19298      10470    4698888
                2437      19466      10504    4702504
                2454      19602      10538    4705312
                2478      19794      10581    4709832
