vdb1          reads   read sectors  writes    requested writes
                6866      54838      32757   15139536
                6884      54982      32815   15155656
                6895      55070      32849   15165352
                6905      55150      32891   15175096
                6920      55270      32931   15187984
                6936      55398      32991   15204136
                6953      55534      33037   15217104
                6973      55694      33099   15233352
                6987      55806      33146   15246320
                7005      55950      33196   15259320
                7018      56054      33234   15269096
                7036      56198      33289   15285272
                7056      56358      33352   15301552
                7071      56478      33387   15311288
                7087      56606      33428   15324192
                7101      56718      33467   15333960
                7121      56878      33523   15350144
                7135      56990      33556   15359872
                7151      57118      33604   15372864
                7158      57174      33628   15379368
                7158      57174      33632   15379408
vdb1          reads   read sectors  writes    requested writes
                7190      57430      33712   15402064
                7204      57542      33759   15411864
                7224      57702      33818   15428032
                7237      57806      33860   15437776
                7254      57942      33915   15450768
                7268      58054      33955   15460496
