vdb1          reads   read sectors  writes    requested writes
                1618      12920       7592    3688376
                1633      13040       7630    3690776
                1642      13112       7665    3692720
                1645      13136       7681    3693680
                1657      13232       7712    3695592
                1667      13312       7743    3697504
                1681      13424       7788    3700376
                1693      13520       7824    3702328
                1708      13640       7850    3704208
                1721      13744       7881    3706120
                1734      13848       7912    3708032
                1747      13952       7946    3709984
                1760      14056       7977    3711896
                1774      14168       8006    3713808
                1791      14304       8045    3716240
                1807      14432       8082    3718632
                1820      14536       8114    3720568
                1829      14608       8139    3722448
                1842      14712       8173    3724400
                1853      14800       8203    3726312
                1865      14896       8229    3728192
vdb1          reads   read sectors  writes    requested writes
                1878      15000       8263    3730144
                1892      15112       8302    3732536
                1905      15216       8337    3734480
