vdb1          reads   read sectors  writes    requested writes
                3506      28000      16250    7542560
                3523      28136      16291    7546912
                3531      28200      16318    7549552
                3535      28232      16325    7550416
                3543      28296      16350    7553056
                3559      28424      16378    7556504
                3574      28544      16417    7560848
                3589      28664      16463    7565264
                3604      28784      16502    7569608
                3616      28880      16532    7573072
                3629      28984      16563    7576552
                3640      29072      16590    7579192
                3653      29176      16624    7582704
                3666      29280      16651    7586144
                3679      29384      16685    7589656
                3690      29472      16712    7592296
                3704      29584      16739    7595744
                3715      29672      16769    7598408
                3727      29768      16796    7601848
                3742      29888      16835    7606192
                3753      29976      16865    7608864
vdb1          reads   read sectors  writes    requested writes
                3768      30096      16900    7613184
                3783      30216      16941    7617544
                3794      30304      16968    7620184
                3807      30408      16995    7623632
                3822      30528      17036    7628000
