vdb1          reads   read sectors  writes    requested writes
                  93        738       1104     883728
                  93        738       1109     884192
                 107        850       1128     885232
                 122        970       1159     887240
                 145       1154       1202     890256
                 166       1322       1243     892856
                 189       1506       1285     895464
                 218       1738       1344     898624
                 248       1978       1396     901256
                 272       2170       1454     904416
                 300       2394       1504     907064
                 329       2626       1557     910168
                 358       2858       1615     913328
                 375       2994       1648     914960
                 397       3170       1683     917016
                 415       3314       1715     918640
                 434       3466       1754     920744
                 455       3634       1793     922856
                 476       3802       1827     924904
                 493       3938       1861     926536
                 514       4106       1896     928608
vdb1          reads   read sectors  writes    requested writes
                 535       4274       1929     930240
                 552       4410       1966     932352
                 578       4618       1999     934400
                 597       4770       2033     936032
