vdb1          reads   read sectors  writes    requested writes
                1191       9510       5502    2754560
                1194       9534       5504    2754664
                1200       9582       5540    2756968
                1204       9614       5566    2758440
                1210       9662       5605    2760864
                1216       9710       5640    2763240
                1220       9742       5667    2764744
                1230       9822       5698    2766728
                1242       9918       5724    2768272
                1252       9998       5754    2770280
                1264      10094       5780    2772248
                1273      10166       5807    2773808
                1288      10286       5840    2775848
                1308      10446       5866    2777816
                1329      10614       5905    2780328
                1351      10790       5944    2782848
                1377      10998       5988    2785864
                1392      11118       6013    2787392
                1410      11262       6045    2789408
                1429      11414       6075    2791424
                1445      11542       6099    2792920
vdb1          reads   read sectors  writes    requested writes
                1463      11686       6129    2794936
                1481      11830       6156    2796864
                1496      11950       6189    2798496
                1515      12102       6218    2800472
                1534      12254       6252    2802480
                1550      12382       6283    2804032
