vdb1          reads   read sectors  writes    requested writes
                7335      58584      35274   16347648
                7352      58720      35325   16360568
                7364      58816      35367   16373432
                7376      58912      35416   16386328
                7386      58992      35450   16396000
                7397      59080      35513   16412120
                7410      59184      35566   16425048
                7423      59288      35620   16441128
                7437      59400      35688   16460456
                7452      59520      35747   16476584
                7467      59640      35818   16495936
                7481      59752      35879   16512072
                7493      59848      35927   16524992
                7505      59944      35985   16541112
                7521      60072      36050   16560432
                7536      60192      36108   16576560
                7546      60272      36157   16589480
                7551      60312      36170   16592880
                7559      60376      36198   16602352
                7577      60520      36256   16618472
                7592      60640      36311   16634576
vdb1          reads   read sectors  writes    requested writes
                7608      60768      36368   16650704
                7618      60848      36405   16660400
