vdb1          reads   read sectors  writes    requested writes
                 659       5260       3336    1819880
                 662       5284       3337    1819888
                 680       5428       3382    1822784
                 693       5532       3409    1824288
                 706       5636       3439    1826280
                 722       5764       3466    1828248
                 738       5892       3496    1830256
                 756       6036       3530    1832320
                 775       6188       3560    1834368
                 795       6348       3591    1836408
                 811       6476       3616    1837976
                 831       6636       3643    1839984
                 849       6780       3680    1842040
                 866       6916       3713    1843624
                 886       7076       3750    1845672
                 905       7228       3782    1847656
                 930       7428       3826    1850208
                 952       7604       3874    1852776
                 971       7756       3911    1854832
                 990       7908       3948    1856872
                1005       8028       3980    1858440
vdb1          reads   read sectors  writes    requested writes
                1025       8188       4012    1860448
                1044       8340       4048    1862488
                1065       8508       4085    1864544
                1085       8668       4120    1866592
                1102       8804       4151    1868176
                1127       9004       4191    1870672
