vdb1          reads   read sectors  writes    requested writes
                2553      20388      11909    5595568
                2570      20524      11945    5599096
                2584      20636      11981    5603448
                2596      20732      12009    5606176
                2622      20940      12052    5611544
                2645      21124      12095    5616088
                2672      21340      12142    5621496
                2687      21460      12170    5624264
                2706      21612      12199    5627824
                2714      21676      12217    5629656
                2726      21772      12229    5631432
                2748      21948      12268    5635088
                2771      22132      12310    5639560
                2794      22316      12364    5643232
                2813      22468      12395    5646784
                2827      22580      12428    5649528
                2852      22780      12475    5654056
                2874      22956      12533    5659480
                2899      23156      12587    5664864
                2917      23300      12630    5668528
                2943      23508      12686    5673952
vdb1          reads   read sectors  writes    requested writes
                2965      23684      12727    5678400
                2981      23812      12761    5681176
                3003      23988      12805    5685656
