vdb1          reads   read sectors  writes    requested writes
                4439      35452      20713    9567240
                4461      35628      20774    9577240
                4479      35772      20819    9585624
                4503      35964      20865    9594048
                4526      36148      20921    9604168
                4545      36300      20950    9610864
                4563      36444      20992    9617648
                4585      36620      21036    9626040
                4605      36780      21068    9631144
                4623      36924      21110    9639528
                4638      37044      21145    9644624
                4656      37188      21183    9651328
                4672      37316      21220    9656456
                4699      37532      21277    9666528
                4717      37676      21320    9673264
                4732      37796      21353    9678352
                4758      38004      21438    9688424
                4780      38180      21491    9696872
                4801      38348      21547    9705328
                4824      38532      21602    9713792
                4843      38684      21641    9720496
vdb1          reads   read sectors  writes    requested writes
                4862      38836      21689    9727296
