vdb1          reads   read sectors  writes    requested writes
                5816      46450      27520   12720432
                5830      46562      27570   12733416
                5847      46698      27615   12746408
                5859      46794      27657   12756248
                5880      46962      27700   12769256
                5897      47098      27736   12779088
                5914      47234      27784   12792160
                5937      47418      27843   12808408
                5959      47594      27897   12821480
                5975      47722      27937   12831312
                5999      47914      27996   12847592
                6019      48074      28050   12860696
                6045      48282      28112   12876968
                6064      48434      28154   12886808
                6081      48570      28250   12899872
                6097      48698      28287   12909600
                6118      48866      28340   12922664
                6140      49042      28405   12938976
                6164      49234      28479   12955368
                6188      49426      28540   12971624
                6208      49586      28590   12981496
vdb1          reads   read sectors  writes    requested writes
                6227      49738      28640   12994488
                6243      49866      28692   13004352
                6263      50026      28742   13017328
                6280      50162      28785   13027128
                6295      50282      28835   13036960
