vdb1          reads   read sectors  writes    requested writes
                3888      31050      18355    8513520
                3903      31170      18405    8521872
                3927      31362      18459    8532032
                3948      31530      18499    8538888
                3968      31690      18533    8545616
                3988      31850      18572    8552432
                4010      32026      18621    8559296
                4038      32250      18681    8569432
                4059      32418      18723    8576224
                4079      32578      18773    8583080
                4108      32810      18829    8591592
                4131      32994      18895    8601776
                4160      33226      18956    8611936
                4177      33362      18994    8617096
                4181      33394      19004    8618792
                4201      33554      19043    8625520
                4226      33754      19099    8634032
                4252      33962      19154    8642536
                4276      34154      19208    8651032
                4302      34362      19266    8659584
                4332      34602      19332    8669792
vdb1          reads   read sectors  writes    requested writes
                4354      34778      19376    8676600
