vdb1          reads   read sectors  writes    requested writes
                3067      24494      14108    6569504
                3077      24574      14159    6574768
                3085      24638      14206    6580000
                3098      24742      14254    6585280
                3114      24870      14296    6589736
                3131      25006      14332    6593344
                3155      25198      14381    6598728
                3177      25374      14431    6604088
                3198      25542      14470    6608536
                3216      25686      14502    6612112
                3233      25822      14538    6615728
                3252      25974      14568    6619272
                3270      26118      14599    6622848
                3289      26270      14636    6626488
                3316      26486      14688    6632704
                3334      26630      14721    6636312
                3337      26654      14731    6637224
                3357      26814      14763    6640808
                3381      27006      14808    6646160
                3400      27158      14840    6649000
                3415      27278      14880    6652408
vdb1          reads   read sectors  writes    requested writes
                3439      27470      14940    6657824
