vdb1          reads   read sectors  writes    requested writes
                  85        680       1254     883720
                  85        680       1254     883720
                  85        680       1254     883720
                  85        680       1254     883720
                  85        680       1254     883720
                  85        680       1254     883720
                  85        680       1254     883720
                  85        680       1254     883720
                  85        680       1254     883720
                  85        680       1254     883720
                  85        680       1254     883720
                  85        680       1254     883720
                  85        680       1254     883720
                  85        680       1254     883720
                  85        680       1254     883720
                  85        680       1254     883720
                  85        680       1254     883720
                  85        680       1254     883720
                  85        680       1254     883720
                  85        680       1254     883720
                  85        680       1254     883720
vdb1          reads   read sectors  writes    requested writes
                  85        680       1254     883720
                  85        680       1254     883720
                  85        680       1254     883720
                  85        680       1254     883720
                  85        680       1254     883720
