sda1          reads   read sectors  writes    requested writes
                5848      46700      36052    5637696
                5860      46796      36371    5642056
                5867      46852      36532    5644672
                5875      46916      36691    5647312
                5884      46988      36913    5650000
                5893      47060      37129    5653504
                5905      47156      37340    5657024
                5915      47236      37619    5660616
                5923      47300      37780    5663288
                5934      47388      37955    5666024
                5947      47492      38170    5669552
                5965      47636      38394    5673128
                5980      47756      38626    5676728
                5991      47844      38795    5679456
                5999      47908      39007    5682992
                6009      47988      39180    5685736
                6022      48092      39429    5689272
                6027      48132      39597    5691944
                6038      48220      39823    5694680
                6050      48316      40034    5698208
                6062      48412      40198    5700896
sda1          reads   read sectors  writes    requested writes
                6076      48524      40448    5704504
                6087      48612      40618    5707232
                6099      48708      40875    5710800
                6113      48820      41102    5714392
                6123      48900      41318    5717928
                6140      49036      41537    5721496
                6152      49132      41711    5724232
