sda1          reads   read sectors  writes    requested writes
                9867      78786      64758    9768232
                9882      78906      65102    9784416
                9894      79002      65317    9794208
                9905      79090      65547    9804048
                9917      79186      65758    9813784
                9928      79274      65976    9823576
                9939      79362      66195    9833368
                9944      79402      66347    9839960
                9959      79522      66560    9849688
                9972      79626      66779    9859480
                9985      79730      66995    9869280
                9992      79786      67148    9875848
               10016      79978      67437    9888864
               10031      80098      67661    9898656
               10044      80202      67881    9908440
               10063      80354      68105    9918296
               10072      80426      68322    9928072
               10095      80610      68609    9941088
               10110      80730      68833    9950880
               10119      80802      68988    9957464
               10138      80954      69204    9967264
sda1          reads   read sectors  writes    requested writes
               10154      81082      69424    9977056
               10169      81202      69636    9986776
               10186      81338      69858    9996576
               10205      81490      70078   10006360
               10217      81586      70303   10016208
               10232      81706      70548   10026040
               10245      81810      70759   10035816
               10260      81930      70975   10045560
               10274      82042      71195   10055352
               10288      82154      71433   10065184
               10302      82266      71646   10074984
               10314      82362      71865   10084760
               10330      82490      72084   10094576
