sda1          reads   read sectors  writes    requested writes
                4791      38250      28971    4663768
                4802      38338      29303    4667296
                4810      38402      29508    4670776
                4820      38482      29723    4674336
                4836      38610      29988    4677944
                4850      38722      30205    4680704
                4865      38842      30429    4684344
                4878      38946      30643    4687888
                4888      39026      30861    4691496
                4904      39154      31143    4695120
                4918      39266      31316    4697864
                4930      39362      31594    4701432
                4947      39498      31816    4705056
                4967      39658      31984    4707760
                4988      39826      32206    4711368
                5004      39954      32488    4714984
                5016      40050      32659    4717728
                5031      40170      32889    4721360
                5048      40306      33105    4724920
                5067      40458      33330    4728528
                5078      40546      33499    4731264
sda1          reads   read sectors  writes    requested writes
                5097      40698      33720    4734864
                5108      40786      33944    4737568
                5122      40898      34109    4740280
                5137      41018      34282    4743032
                5155      41162      34459    4745752
                5172      41298      34666    4749312
                5179      41354      34836    4752008
