sda1          reads   read sectors  writes    requested writes
                1570      12500       8055    1819872
                1581      12588       8339    1822336
                1594      12692       8577    1824240
                1605      12780       8814    1826224
                1617      12876       9062    1828288
                1633      13004       9274    1830296
                1644      13092       9503    1832312
                1669      13292       9747    1834360
                1684      13412       9859    1835432
                1698      13524      10154    1837928
                1711      13628      10399    1839976
                1728      13764      10656    1842032
                1739      13852      10854    1843616
                1764      14052      11128    1846120
                1782      14196      11372    1848160
                1799      14332      11627    1850200
                1815      14460      11891    1852312
                1837      14636      12192    1854824
                1852      14756      12436    1856864
                1864      14852      12602    1858392
                1883      15004      12789    1859984
sda1          reads   read sectors  writes    requested writes
                1900      15140      13037    1861968
                1922      15316      13287    1864088
                1945      15500      13585    1866584
                1959      15612      13783    1868168
                1975      15740      14016    1870152
