sda1          reads   read sectors  writes    requested writes
               10996      87764      73180   10978416
               11009      87868      73529   10994552
               11018      87940      73745   11004280
               11030      88036      73953   11013992
               11040      88116      74174   11023808
               11059      88268      74455   11036816
               11077      88412      74737   11049776
               11087      88492      75026   11062784
               11103      88620      75251   11072616
               11121      88764      75464   11082360
               11134      88868      75739   11095312
               11149      88988      75959   11105064
               11155      89036      76174   11114824
               11174      89188      76391   11124648
               11190      89316      76740   11140840
               11204      89428      77023   11153848
               11216      89524      77237   11163600
               11229      89628      77452   11173360
               11244      89748      77665   11183120
               11252      89812      77882   11192856
               11261      89884      78107   11202680
sda1          reads   read sectors  writes    requested writes
               11269      89948      78316   11212408
               11282      90052      78527   11222168
               11299      90188      78805   11235120
               11312      90292      79013   11244872
               11326      90404      79224   11254656
               11338      90500      79461   11264440
               11352      90612      79675   11274200
               11367      90732      79886   11283952
               11378      90820      80149   11296904
