sda1          reads   read sectors  writes    requested writes
                3639      29040      22232    3688352
                3649      29120      22445    3691872
                3658      29192      22609    3694600
                3669      29280      22825    3698176
                3684      29400      22992    3700936
                3704      29560      23167    3703744
                3722      29704      23334    3706496
                3740      29848      23556    3710120
                3758      29992      23735    3712928
                3782      30184      23953    3716544
                3797      30304      24128    3719288
                3812      30424      24299    3722040
                3826      30536      24473    3724848
                3844      30680      24643    3727616
                3862      30824      24861    3731224
                3878      30952      25034    3733976
                3894      31080      25216    3736800
                3909      31200      25380    3739552
                3923      31312      25597    3743168
                3937      31424      25765    3745920
                3948      31512      25881    3747752
sda1          reads   read sectors  writes    requested writes
                3948      31512      25881    3747752
                3948      31512      25881    3747752
                3948      31512      25881    3747752
                3948      31512      25881    3747752
                3956      31576      25948    3748720
                3971      31696      26113    3751416
                3986      31816      26282    3754168
                4002      31944      26467    3756992
                4021      32096      26687    3760600
                4033      32192      26856    3763352
                4049      32320      27037    3766176
                4064      32440      27206    3768928
                4080      32568      27365    3771624
                4100      32728      27534    3774376
                4114      32840      27703    3777128
                4132      32984      27867    3779872
