sda1          reads   read sectors  writes    requested writes
                2642      21070      15182    2754544
                2655      21174      15416    2756496
                2664      21246      15714    2758880
                2674      21326      15955    2760808
                2682      21390      16124    2762256
                2691      21462      16365    2764184
                2702      21550      16544    2765712
                2715      21654      16723    2767224
                2726      21742      16906    2768784
                2743      21878      17138    2770736
                2754      21966      17330    2772272
                2765      22054      17520    2773792
                2779      22166      17691    2775264
                2789      22246      17870    2776800
                2797      22310      18045    2778296
                2809      22406      18240    2779856
                2822      22510      18474    2781824
                2835      22614      18657    2783384
                2847      22710      18815    2784840
                2859      22806      19068    2786864
                2869      22886      19262    2788416
sda1          reads   read sectors  writes    requested writes
                2881      22982      19508    2790384
                2889      23046      19698    2791904
                2900      23134      19923    2793912
                2914      23246      20102    2795464
                2926      23342      20332    2797496
                2939      23446      20540    2799464
                2949      23526      20723    2801024
                2966      23662      20943    2802976
                2978      23758      21135    2804512
