sda1          reads   read sectors  writes    requested writes
                8862      70794      57647    8716776
                8872      70874      57898    8723384
                8879      70930      58135    8730064
                8888      71002      58424    8738368
                8899      71090      58598    8743344
                8906      71146      58779    8748368
                8918      71242      59015    8755048
                8929      71330      59255    8761760
                8942      71434      59379    8765184
                8957      71554      59611    8771840
                8971      71666      59811    8776904
                8984      71770      59988    8781912
                8997      71874      60226    8788616
                9006      71946      60406    8793656
                9029      72130      60648    8800368
                9047      72274      60893    8807088
                9061      72386      61135    8813808
                9075      72498      61372    8820520
                9082      72554      61552    8825552
                9097      72674      61795    8832264
                9107      72754      62033    8838968
sda1          reads   read sectors  writes    requested writes
                9120      72858      62282    8845760
                9131      72946      62518    8852464
                9146      73066      62761    8859208
                9158      73162      62995    8865904
                9173      73282      63239    8872640
                9185      73378      63474    8879296
