sda1          reads   read sectors  writes    requested writes
                6825      54510      42971    6610744
                6841      54638      43271    6619056
                6860      54790      43586    6627552
                6873      54894      43845    6634416
                6885      54990      44093    6641144
                6903      55134      44410    6649656
                6918      55254      44673    6656520
                6934      55382      44985    6664960
                6946      55478      45224    6671744
                6961      55598      45489    6678608
                6980      55750      45803    6687064
                6993      55854      46064    6693904
                7009      55982      46327    6700792
                7028      56134      46637    6709160
                7043      56254      46915    6716016
                7058      56374      47223    6724440
                7072      56486      47477    6731256
                7087      56606      47732    6738064
                7098      56694      47927    6743216
                7113      56814      48173    6749944
                7127      56926      48430    6756752
sda1          reads   read sectors  writes    requested writes
                7142      57046      48688    6763624
                7160      57190      48941    6770416
                7179      57342      49251    6778840
