sda1          reads   read sectors  writes    requested writes
                 396       3114       1046     883728
                 411       3234       1243     885688
                 426       3354       1446     887704
                 438       3450       1651     889744
                 451       3554       1858     891792
                 468       3690       2066     893832
                 482       3802       2282     895928
                 499       3938       2504     898096
                 517       4082       2768     900672
                 537       4242       2983     902776
                 554       4378       3214     904880
                 569       4498       3414     906480
                 598       4730       3664     908584
                 637       5042       3893     910752
                 668       5290       4130     912800
                 685       5426       4318     914376
                 700       5546       4516     915960
                 720       5706       4719     917584
                 742       5882       4976     919640
                 758       6010       5169     921272
                 776       6154       5360     922856
sda1          reads   read sectors  writes    requested writes
                 799       6338       5605     924904
                 820       6506       5855     927008
                 834       6618       6055     928608
                 853       6770       6312     930712
                 871       6914       6510     932296
                 887       7042       6701     933928
                 907       7202       6951     935976
