sda1          reads   read sectors  writes    requested writes
               12043      96134      81401   12187320
               12053      96214      81674   12200240
               12065      96310      81946   12213136
               12072      96366      82154   12222832
               12076      96398      82298   12229344
               12088      96494      82567   12242224
               12097      96566      82784   12251952
               12111      96678      83057   12264888
               12126      96798      83338   12277880
               12135      96870      83553   12287656
               12142      96926      83767   12297400
               12161      97078      83976   12307104
               12173      97174      84191   12316824
               12188      97294      84405   12326568
               12202      97406      84611   12336304
               12211      97478      84825   12346024
               12221      97558      85037   12355752
               12236      97678      85251   12365488
               12247      97766      85468   12375288
               12255      97830      85674   12385024
               12266      97918      85877   12394696
sda1          reads   read sectors  writes    requested writes
               12274      97982      86088   12404424
               12288      98094      86302   12414200
               12294      98142      86580   12427136
               12305      98230      86788   12436864
               12323      98374      87078   12449848
               12337      98486      87363   12462856
               12351      98598      87649   12475816
               12365      98710      87865   12485616
               12371      98758      88142   12498552
               12380      98830      88361   12508320
