sda1          reads   read sectors  writes    requested writes
                7841      62632      50424    7664456
                7856      62752      50715    7672736
                7872      62880      50959    7679472
                7885      62984      51140    7684504
                7897      63080      51386    7691264
                7904      63136      51572    7696320
                7916      63232      51821    7703088
                7930      63344      52071    7709832
                7951      63512      52372    7718200
                7968      63648      52619    7724944
                7984      63776      52872    7731680
                8001      63912      53119    7738432
                8013      64008      53364    7745176
                8025      64104      53608    7751920
                8037      64200      53792    7756984
                8051      64312      54043    7763744
                8071      64472      54286    7770480
                8085      64584      54473    7775568
                8093      64648      54714    7782312
                8108      64768      55018    7790720
                8124      64896      55203    7795808
sda1          reads   read sectors  writes    requested writes
                8134      64976      55439    7802496
                8149      65096      55691    7809304
                8165      65224      55937    7816072
                8178      65328      56180    7822800
                8192      65440      56417    7829488
