vdb1          reads   read sectors  writes    requested writes
                 389       3106       1281     883728
                 390       3114       1290     884240
                 406       3242       1319     886184
                 411       3282       1332     887056
                 411       3282       1332     887056
                 411       3282       1332     887056
                 411       3282       1332     887056
                 411       3282       1332     887056
                 411       3282       1332     887056
                 411       3282       1332     887056
                 411       3282       1332     887056
                 411       3282       1332     887056
                 411       3282       1332     887056
                 411       3282       1332     887056
                 411       3282       1332     887056
                 411       3282       1332     887056
                 411       3282       1332     887056
                 411       3282       1332     887056
                 411       3282       1332     887056
                 411       3282       1332     887056
                 411       3282       1332     887056
vdb1          reads   read sectors  writes    requested writes
                 411       3282       1332     887056
                 411       3282       1332     887056
                 411       3282       1332     887056
                 411       3282       1332     887056
                 411       3282       1332     887056
                 411       3282       1332     887056
                 411       3282       1332     887056
                 411       3282       1332     887056
                 411       3282       1332     887056
                 411       3282       1332     887056
                 411       3282       1332     887056
                 411       3282       1332     887056
                 411       3282       1332     887056
                 411       3282       1332     887056
                 411       3282       1332     887056
                 411       3282       1332     887056
                 411       3282       1332     887056
                 411       3282       1332     887056
                 411       3282       1332     887056
                 411       3282       1332     887056
                 411       3282       1332     887056
vdb1          reads   read sectors  writes    requested writes
                 411       3282       1332     887056
                 411       3282       1332     887056
                 411       3282       1332     887056
                 411       3282       1332     887056
                 411       3282       1332     887056
                 411       3282       1332     887056
                 411       3282       1332     887056
                 411       3282       1332     887056
                 411       3282       1332     887056
                 411       3282       1332     887056
                 411       3282       1332     887056
                 411       3282       1332     887056
                 411       3282       1332     887056
                 411       3282       1332     887056
                 411       3282       1332     887056
                 411       3282       1332     887056
                 411       3282       1332     887056
                 411       3282       1332     887056
                 411       3282       1332     887056
                 411       3282       1332     887056
                 411       3282       1332     887056
vdb1          reads   read sectors  writes    requested writes
                 411       3282       1332     887056
                 411       3282       1332     887056
                 411       3282       1332     887056
                 411       3282       1332     887056
                 411       3282       1332     887056
