procs -----------memory---------- ---swap-- -----io---- -system-- ----cpu----
 r  b   swpd   free   buff  cache   si   so    bi    bo   in   cs us sy id wa
 1  1      0 2792828  26032 916172    0    0   219  8508  109  112  1  2 95  3
 0  0      0 3720436    172  29528    0    0  9368  1764 1755 1701  1  4 92  2
 0  0      0 3720584    176  29488    0    0  8088  1308 1207 1543  1  1 96  2
 0  0      0 3720460    176  29544    0    0  7932  1304 1157 1509  0  2 96  2
 0  0      0 3720568    176  29516    0    0  8136  1304 1220 1637  0  3 95  1
 0  0      0 3720568    184  29488    0    0  7932  1352 1168 1527  1  2 95  2
 0  0      0 3720568    184  29480    0    0  7964  1344 1189 1556  1  2 95  2
 0  0      0 3720568    184  29524    0    0  8144  1344 1214 1614  0  2 95  2
 0  0      0 3720428    184  29496    0    0  7940  1344 1183 1546  1  3 95  1
 0  0      0 3720552    184  29544    0    0  7948  1356 1167 1506  1  3 95  2
 0  0      0 3720576    184  29520    0    0 10424  1344 1804 1692  0  3 94  2
 0  0      0 3720600    184  29548    0    0  7948  1344 1177 1530  0  4 94  1
 0  0      0 3720600    184  29548    0    0  7940  1344 1187 1551  1  2 95  2
 0  0      0 3720600    184  29548    0    0  7936  1340 1160 1509  1  2 95  2
 0  0      0 3720444    184  29548    0    0  8288  1344 1258 1631  1  2 96  1
 0  0      0 3720568    184  29544    0    0  7940  1344 1163 1509  0  3 95  2
 0  0      0 3720576    184  29548    0    0  7940  1348 1188 1556  1  3 95  1
 0  0      0 3720552    188  29548    0    0  8152  1352 1214 1606  0  3 95  2
 0  0      0 3720428    184  29548    0    0  7956  1344 1189 1549  0  4 95  1
 0  0      0 3720676    184  29548    0    0  7940  1344 1177 1532  0  4 95  1
procs -----------memory---------- ---swap-- -----io---- -system-- ----cpu----
 r  b   swpd   free   buff  cache   si   so    bi    bo   in   cs us sy id wa
 1  0      0 3715916   1700  32908    0    0   254  8775  114  117  1  2 94  3
 0  0      0 3720996    176  29328    0    0  9296  1592 1855 1653  1  3 95  1
 0  0      0 3721020    188  29536    0    0  7688  1252 1130 1484  0  3 96  1
 0  0      0 3721144    180  29368    0    0  7588  1284 1154 1509  1  1 96  1
 0  0      0 3721012    188  29536    0    0  7708  1308 1125 1522  1  3 95  1
 0  0      0 3721136    196  29480    0    0  9192  1576 1340 2042  0  3 95  2
 0  0      0 3720904    220  29568    0    0  9384  1532 1331 2050  1  3 94  1
 0  0      0 3721268    184  29368    0    0  7656  1324 1114 1548  1  3 96  1
 1  0      0 3721648    164  29008    0    0 10384  1344 1539 2026  2  2 94  1
 0  0      0 3721020    196  29432    0    0  7796  1560 1232 1782  1  3 95  1
 0  0      0 3720896    200  29484    0    0  9196  1532 1273 1814  1  3 95  1
 1  0      0 3721648    176  29316    0    0  9184  1324 1216 1714  1  2 95  1
 0  0      0 3721152    196  29344    0    0  7636  1572 1194 1689  2  2 95  1
 0  0      0 3721020    208  29316    0    0 11628  1540 1898 1976  1  4 94  1
 0  0      0 3721012    196  29532    0    0  7736  1304 1148 1486  2  3 94  1
 0  0      0 3721268    184  29324    0    0  7608  1304 1171 1540  1  2 97  1
 0  0      0 3721012    196  29564    0    0  7728  1316 1163 1520  1  3 96  1
 0  0      0 3721144    184  29324    0    0  7764  1304 1205 1546  1  3 95  1
 0  0      0 3721012    196  29524    0    0  7728  1304 1155 1501  2  3 94  1
procs -----------memory---------- ---swap-- -----io---- -system-- ----cpu----
 r  b   swpd   free   buff  cache   si   so    bi    bo   in   cs us sy id wa
 1  0      0 3716456   1576  32964    0    0   286  9043  118  123  1  2 94  3
 0  0      0 3720988    176  29420    0    0  8992  1588 1762 1600  1  4 94  1
 0  0      0 3721352    180  29400    0    0  7620  1236 1148 1663  1  3 95  2
 0  0      0 3721220    188  29536    0    0  9020  1476 1222 1741  1  4 95  1
 0  0      0 3721476    188  29340    0    0  8920  1532 1262 1715  1  3 95  0
 1  0      0 3720020    188  30524    0    0  8636  1280 1176 1760  1  2 96  1
 0  0      0 3721376    188  29368    0    0  7972  1544 1200 1712  2  3 95  0
 0  0      0 3721500    192  29396    0    0  8964  1556 1261 1790  1  3 95  0
 1  1      0 3721872    172  28928    0    0  8832  1312 1203 1809  1  3 95  1
 0  0      0 3721500    192  29376    0    0  7676  1528 1163 1757  1  3 95  1
 0  0      0 3721244    204  29532    0    0  9056  1544 1263 1839  1  3 95  1
 0  0      0 3721500    212  29252    0    0  9112  1508 1314 1859  1  2 95  2
 0  0      0 3721376    188  29420    0    0  7536  1292 1156 1530  1  2 96  1
 0  0      0 3721104    200  29576    0    0  7608  1288 1138 1494  0  2 96  1
 0  0      0 3721360    188  29416    0    0  7508  1288 1158 1523  1  2 96  1
 0  0      0 3721484    188  29416    0    0  7488  1280 1130 1480  0  2 96  1
 0  0      0 3721484    188  29416    0    0  7488  1288 1157 1528  1  2 96  1
 0  0      0 3721228    200  29576    0    0  7608  1292 1148 1515  1  1 96  1
 0  0      0 3721360    188  29412    0    0  7488  1288 1154 1515  1  2 96  1
procs -----------memory---------- ---swap-- -----io---- -system-- ----cpu----
 r  b   swpd   free   buff  cache   si   so    bi    bo   in   cs us sy id wa
 1  0      0 3716696   1424  32848    0    0   315  9300  122  128  1  2 94  3
 0  0      0 3721088    172  29344    0    0 10120  1820 1882 1954  1  4 93  2
 0  0      0 3721128    168  29432    0    0  7244  1224 1088 1391  1  4 95  1
 0  0      0 3721252    168  29428    0    0  7404  1228 1157 1463  0  2 97  1
 2  0      0 3721268    176  29412    0    0  7248  1232 1103 1411  1  3 95  1
 0  0      0 3721144    176  29432    0    0  7268  1248 1129 1469  1  2 97  1
 0  0      0 3721144    176  29436    0    0  7268  1224 1102 1426  1  2 96  1
 0  0      0 3721144    176  29436    0    0  7268  1224 1117 1463  1  2 96  1
 0  0      0 3721144    176  29436    0    0  7268  1224 1113 1439  1  3 95  1
 0  0      0 3721144    176  29440    0    0  7272  1240 1141 1509  0  2 97  1
 0  0      0 3721144    176  29440    0    0  7268  1228 1106 1430  1  3 95  1
 1  0      0 3720036    176  30332    0    0  8148  1224 1185 1567  0  2 96  1
 1  0      0 3719920    176  30224    0    0  7280  1224 1108 1430  1  3 95  1
 1  0      0 3719788    176  30336    0    0  7312  1236 1126 1478  1  2 97  1
 1  0      0 3719672    176  30448    0    0  7404  1224 1120 1440  1  3 94  2
 1  0      0 3720036    176  30560    0    0  7348  1224 1126 1485  0  3 97  1
 1  0      0 3720284    160  30016    0    0  7272  1224 1104 1432  1  2 96  1
 1  0      0 3720780    160  29580    0    0  7248  1244 1120 1459  0  3 96  1
 0  1      0 3721524    160  28904    0    0  7300  1224 1099 1445  1  3 95  1
 0  0      0 3721144    176  29344    0    0  7512  1448 1201 1540  0  2 97  1
procs -----------memory---------- ---swap-- -----io---- -system-- ----cpu----
 r  b   swpd   free   buff  cache   si   so    bi    bo   in   cs us sy id wa
 1  0      0 3716352   1684  32740    0    0   341  9537  126  132  1  2 94  3
 0  0      0 3720648    184  29672    0    0  9476  2824 2003 2260  1  4 94  2
 1  0      0 3720944    180  29856    0    0  6544  1856  993 1456  2  2 96  1
 0  0      0 3720836    196  29732    0    0  7952  2328 1255 1683  1  3 95  1
 0  0      0 3720912    200  29760    0    0  8160  2296 1308 1863  2  3 94  1
 0  0      0 3721060    200  29712    0    0  8160  2328 1263 1540  2  2 95  1
 0  0      0 3721052    200  29652    0    0  8056  2320 1314 1381  1  3 95  1
 0  0      0 3720944    200  29696    0    0  8016  2316 1222 1500  1  3 95  1
 0  0      0 3720928    200  29660    0    0  8152  2324 1374 1963  2  3 94  1
 1  1      0 3721796    168  29044    0    0  7728  1896 1144 1375  2  2 95  0
 0  0      0 3720820    200  29744    0    0  6624  2324 1177 1532  2  3 95  1
 0  0      0 3720804    216  29700    0    0 10412  2300 1896 1846  2  3 95  0
 0  0      0 3720936    200  29632    0    0  7980  2320 1259 1609  1  3 95  1
 0  0      0 3720944    204  29692    0    0  7976  2324 1207 1469  2  2 95  0
 1  0      0 3721068    192  29416    0    0  7936  1884 1149 1700  2  2 95  1
 0  0      0 3720836    200  29736    0    0  6748  2320 1217 1689  1  3 95  1
 0  0      0 3721092    200  29744    0    0  7984  2360 1218 1636  1  2 95  1
 0  0      0 3720928    200  29728    0    0  7936  2320 1333 1798  1  3 94  1
 0  0      0 3720912    200  29772    0    0  7936  2300 1248 1791  0  4 95  1
 0  0      0 3720928    200  29652    0    0  8164  2324 1367 1848  1  3 95  1
 0  0      0 3720920    200  29684    0    0  7940  2316 1251 1753  1  3 95  1
procs -----------memory---------- ---swap-- -----io---- -system-- ----cpu----
 r  b   swpd   free   buff  cache   si   so    bi    bo   in   cs us sy id wa
 1  0      0 3716516   1420  32892    0    0   370  9763  130  137  1  3 94  3
 0  0      0 3720904    172  29540    0    0  9080  2772 1837 1766  2  3 94  2
 0  0      0 3720764    188  29744    0    0  7756  2252 1271 1747  1  4 95  1
 1  0      0 3719704    176  30512    0    0  8508  2272 1352 2004  1  2 96  1
 0  0      0 3720928    188  29540    0    0  8112  2720 1350 1772  1  3 95  1
 0  0      0 3720788    200  29820    0    0  7640  2316 1192 1464  1  3 94  2
 0  0      0 3720920    192  29640    0    0  7524  2288 1303 1933  1  3 95  2
 0  0      0 3720780    196  29760    0    0  7840  2288 1288 1848  2  3 95  1
 0  0      0 3720920    184  29648    0    0  7524  2272 1295 1968  1  3 95  1
 0  0      0 3720664    196  29808    0    0  7644  2296 1180 1644  1  3 95  1
 0  0      0 3720920    188  29556    0    0  7532  2276 1190 1685  1  3 95  1
 0  0      0 3720648    200  29784    0    0  7648  2296 1187 1638  1  3 95  2
 0  0      0 3720780    264  29544    0    0  7596  2272 1256 1815  0  3 95  1
 0  0      0 3720920    184  29544    0    0  9164  2724 1516 1934  2  3 95  1
 0  0      0 3720640    196  29808    0    0  7656  2320 1207 1690  1  3 94  2
 0  0      0 3720904    188  29648    0    0  7532  2292 1229 1780  0  3 95  1
 1  1      0 3719912    200  30532    0    0  8424  2288 1245 1723  1  3 95  1
 0  0      0 3720640    196  29780    0    0  8312  2712 1351 1775  1  3 94  1
 1  0      0 3719556    356  30608    0    0  9420  1860 1678 1467  1  3 96  0
 0  0      0 3720788    196  29692    0    0  8212  2704 1401 1970  1  3 95  1
procs -----------memory---------- ---swap-- -----io---- -system-- ----cpu----
 r  b   swpd   free   buff  cache   si   so    bi    bo   in   cs us sy id wa
 1  0      0 3716460   1584  32880    0    0   396  9988  134  142  1  3 94  3
 0  0      0 3721088    168  29560    0    0  9000  2764 1884 1699  1  3 94  2
 1  0      0 3720244    176  30464    0    0  8492  2244 1371 1781  1  4 95  1
 0  0      0 3721144    192  29744    0    0  8188  2668 1474 2288  1  4 94  1
 1  0      0 3719896    188  30700    0    0  8604  2244 1325 1864  1  4 94  1
 0  0      0 3721268    184  29580    0    0  7852  2700 1516 2414  0  4 94  1
 0  0      0 3721384    192  29560    0    0  9080  2704 1605 2546  1  3 94  1
 0  0      0 3721260    184  29572    0    0  7468  2280 1328 1365  1  5 93  0
 0  0      0 3721152    192  29724    0    0  9424  2700 1623 1568  1  4 93  2
 0  0      0 3721384    180  29588    0    0  7640  2264 1295 1392  1  2 97  0
 1  0      0 3719796    180  30588    0    0  8592  2288 1362 1495  1  3 96  1
 0  0      0 3721020    180  29580    0    0  6348  2256 1219 1461  0  4 94  2
 1  0      0 3720416    184  30464    0    0  6920  1824 1116 1295  0  3 95  1
 0  0      0 3720856    192  29744    0    0  6672  2268 1190 1277  0  4 94  1
 0  0      0 3721244    184  29464    0    0  7472  2240 1256 1371  0  3 94  2
 0  0      0 3721360    180  29588    0    0  7468  2264 1237 1337  0  4 94  1
 0  0      0 3721500    180  29540    0    0  6004  1836 1076 1231  0  3 95  2
 0  0      0 3721484    180  29600    0    0  7472  2260 1266 1372  1  3 94  1
 0  0      0 3721112    192  29700    0    0  7568  2244 1258 1923  1  3 95  0
 0  0      0 3721236    188  29580    0    0  7464  2296 1269 1320  2  3 95  1
procs -----------memory---------- ---swap-- -----io---- -system-- ----cpu----
 r  b   swpd   free   buff  cache   si   so    bi    bo   in   cs us sy id wa
 1  1      0 3716644   1464  32960    0    0   421 10204  138  147  1  3 94  3
 1  0      0 3721488    156  29188    0    0 10012  2796 1974 1631  1  4 95  1
 0  0      0 3721196    176  29592    0    0  6192  2276 1342 1806  1  3 95  2
 1  0      0 3721552    164  29228    0    0 10224  2632 1609 2114  1  3 95  1
 0  0      0 3721320    176  29540    0    0  7336  2652 1449 1949  0  4 96  1
 0  0      0 3721328    180  29556    0    0  8812  2636 1521 1994  1  3 95  0
 0  0      0 3721212    180  29564    0    0  8760  2628 1532 2082  1  2 95  1
 0  0      0 3721204    180  29528    0    0  8788  2636 1514 1789  1  4 95  0
 0  0      0 3721212    180  29536    0    0  8804  2652 1536 1862  1  3 95  1
 0  0      0 3721244    180  29540    0    0  7344  2220 1304 2048  1  3 96  1
 0  0      0 3721244    180  29532    0    0  7324  2212 1306 2255  0  4 94  1
 0  0      0 3721244    180  29528    0    0  7324  2196 1272 2019  0  2 97  1
 0  0      0 3721244    188  29528    0    0  7320  2208 1310 2217  0  3 96  1
 1  1      0 3720988    196  29868    0    0  7664  2200 1314 2117  1  2 96  1
 0  0      0 3721228    208  29528    0    0  8448  2652 1395 1533  1  5 93  0
 0  0      0 3721352    208  29508    0    0  8828  2620 1517 2064  1  3 96  0
 0  0      0 3721352    208  29492    0    0  8764  2644 1543 2077  1  5 94  0
 0  0      0 3721344    208  29504    0    0  8788  2648 1521 1833  1  3 96  0
procs -----------memory---------- ---swap-- -----io---- -system-- ----cpu----
 r  b   swpd   free   buff  cache   si   so    bi    bo   in   cs us sy id wa
 1  0      0 3716784   1364  32664    0    0   444 10425  142  152  1  3 94  3
 1  0      0 3720344    192  30156    0    0 11120  6028 1968 2083  2  3 92  2
 1  0      0 3719748    196  30984    0    0  8740  4276 1166 1600  1  4 94  1
 0  0      0 3720600    192  30028    0    0  7236  4272 1118 1540  2  3 94  1
 0  0      0 3720716    208  30148    0    0  8128  4280 1299 1877  2  3 94  1
 0  0      0 3720724    204  30020    0    0  7972  4284 1129 1554  2  3 94  1
 0  0      0 3720740    204  30088    0    0  7972  4280 1109 1513  2  4 95  1
 0  0      0 3720600    220  30068    0    0  8148  4272 1312 1622  1  3 94  1
 0  0      0 3720600    200  30092    0    0  8004  4276 1116 1536  2  3 95  0
 0  0      0 3720724    200  30088    0    0  7972  4280 1143 1573  1  3 95  1
 0  0      0 3720592    200  30084    0    0  7968  4272 1116 1523  2  4 94  1
 0  0      0 3720716    200  30092    0    0 10520  4252 1758 1678  1  4 94  1
 0  0      0 3720716    200  30024    0    0  7972  4284 1111 1474  1  4 95  0
 0  0      0 3720716    200  30136    0    0  7968  4268 1123 1503  2  3 95  0
 0  0      0 3720592    200  30040    0    0  8124  4312 1302 1859  2  3 94  1
 0  0      0 3720716    200  30088    0    0  7996  4284 1140 1556  1  4 95  0
 0  0      0 3720716    200  30024    0    0  7964  4268 1114 1519  2  3 95  1
 0  0      0 3720716    200  30100    0    0  8132  4284 1317 1970  1  3 94  1
 0  0      0 3720600    200  30024    0    0  7972  4280 1115 1556  2  3 95  0
 0  0      0 3719368   1524  30100    0    0  9340  4272 1485 1672  1  3 95  1
procs -----------memory---------- ---swap-- -----io---- -system-- ----cpu----
 r  b   swpd   free   buff  cache   si   so    bi    bo   in   cs us sy id wa
 1  0      0 3716348   1952  32932    0    0   469 10633  146  156  1  3 94  3
 0  0      0 3720724    184  29892    0    0  9108  5124 1854 1725  2  4 92  2
 0  0      0 3720864    200  30052    0    0  7724  4212 1096 1593  1  3 94  1
 0  0      0 3721128    192  29920    0    0  7768  4244 1154 1524  1  4 95  1
 0  0      0 3720988    200  30080    0    0  7728  4240 1095 1617  1  6 93  0
 0  0      0 3721120    188  29924    0    0  7608  4252 1119 1626  1  2 96  1
 0  0      0 3720856    200  30068    0    0  7728  4240 1102 1512  1  4 94  2
 0  0      0 3720972    188  29932    0    0  7812  4248 1153 1656  1  4 95  0
 0  0      0 3720840    200  30068    0    0  7728  4240 1096 1617  2  3 95  1
 0  0      0 3720972    188  29928    0    0  7608  4244 1109 1618  1  4 95  1
 1  0      0 3720972    192  29432    0    0  7688  3424 1045 1550  1  4 93  2
 1  0      0 3720740    180  29600    0    0  7612  4272 1107 1467  1  3 96  0
 1  0      0 3720732    192  29720    0    0  7720  4240 1095 1503  1  3 95  1
 1  0      0 3720492    188  29772    0    0  7788  4240 1154 1704  1  3 94  1
 1  1      0 3720980    188  30028    0    0  6284  4236 1003 1459  1  3 95  1
 1  0      0 3720112    168  30636    0    0  8948  4280 1249 1724  1  4 94  1
 0  0      0 3720848    188  29920    0    0  6480  4232 1014 1479  1  5 94  0
 0  0      0 3720460    200  30080    0    0  7704  4252 1119 1625  1  3 96  0
 0  0      0 3719740   1384  29964    0    0  8812  4216 1542 2010  0  6 92  2
 0  0      0 3720732    200  30184    0    0  9240  4244 1483 1645  1  4 95  1
 0  0      0 3720980    188  30024    0    0  7608  4244 1085 1431  1  4 95  0
procs -----------memory---------- ---swap-- -----io---- -system-- ----cpu----
 r  b   swpd   free   buff  cache   si   so    bi    bo   in   cs us sy id wa
 1  1      0 3716688   1576  32956    0    0   492 10827  149  160  1  3 93  3
 1  0      0 3721188    168  30112    0    0  9172  5164 1907 1703  2  3 93  2
 1  0      0 3720848    316  30168    0    0  7680  4188 1122 1508  1  4 95  0
 1  1      0 3721096    176  30248    0    0  7472  4184 1063 1503  0  6 93  1
 1  1      0 3720848    188  30532    0    0  7656  4192 1088 1513  0  4 96  0
 1  1      0 3720972    176  30360    0    0  7596  4228 1095 1550  1  5 93  1
 1  1      0 3720492    176  30632    0    0  7680  4224 1107 1524  0  4 96  0
 1  0      0 3720368    176  30760    0    0  7624  4224 1084 1478  1  4 95  1
 0  0      0 3721088    188  30132    0    0  6740  4232 1060 1467  1  4 94  1
 0  0      0 3721352    176  29932    0    0  7500  4220 1071 1471  1  5 93  1
 0  0      0 3721096    176  29984    0    0  7464  4220 1108 1581  1  2 96  1
 0  0      0 3721220    176  29932    0    0  7468  4220 1072 1470  1  5 93  1
 0  0      0 3721088    188  30016    0    0  7588  4244 1110 1584  1  3 96  0
 0  0      0 3721352    184  29916    0    0  7676  4196 1114 1654  0  4 95  1
 0  0      0 3721344    192  29940    0    0  7532  4224 1098 1475  1  4 95  0
 0  0      0 3721220    176  29936    0    0  7484  4224 1069 1422  1  5 93  1
 0  0      0 3721088    180  30080    0    0  7584  4228 1098 1516  1  3 96  1
 0  0      0 3721352    176  29920    0    0  7500  4236 1078 1518  1  4 95  0
 0  0      0 3721220    176  29952    0    0  7468  4228 1094 1594  1  4 95  0
 0  0      0 3721096    172  29956    0    0  7464  4244 1069 1418  1  5 93  1
procs -----------memory---------- ---swap-- -----io---- -system-- ----cpu----
 r  b   swpd   free   buff  cache   si   so    bi    bo   in   cs us sy id wa
 1  0      0 3717260   1316  32948    0    0   513 11016  152  163  1  3 93  3
 0  0      0 3720900    180  29840    0    0  8516  5104 1858 1992  1  4 93  2
 0  0      0 3720948    180  29952    0    0  7224  4172 1102 1460  1  4 94  1
 0  0      0 3720824    180  29924    0    0  7084  4168 1031 1282  1  5 95  0
 0  0      0 3720972    176  29864    0    0  7104  4160 1045 1317  1  3 95  1
 0  0      0 3720856    176  29916    0    0  7084  4172 1026 1271  2  3 95  1
 0  0      0 3720848    176  29896    0    0  7084  4168 1051 1325  1  4 95  0
 0  0      0 3720972    176  29896    0    0  7104  4168 1031 1307  1  4 95  1
 0  0      0 3720840    196  29924    0    0  7480  4168 1147 1336  1  4 95  0
 0  0      0 3720716    176  29924    0    0  7084  4164 1025 1271  1  4 95  1
 0  0      0 3720848    176  29920    0    0  7104  4164 1050 1328  1  4 95  0
 0  0      0 3720848    176  29972    0    0  7084  4172 1034 1290  2  3 95  0
 0  0      0 3720840    176  29948    0    0  7084  4172 1048 1318  1  4 95  0
 0  0      0 3720964    176  29868    0    0  7104  4164 1037 1298  1  3 95  0
 0  0      0 3720840    176  29916    0    0  7084  4172 1047 1316  1  3 95  1
 0  0      0 3720716    176  30008    0    0  7084  4168 1029 1276  0  4 95  1
 0  0      0 3720964    176  29900    0    0  7104  4168 1045 1320  1  4 95  1
 0  0      0 3720972    176  29944    0    0  7084  4168 1033 1288  1  4 95  1
 0  0      0 3720848    176  29936    0    0  7096  4204 1058 1331  1  4 95  0
 0  0      0 3720980    176  29924    0    0  7108  4168 1028 1280  1  4 95  0
procs -----------memory---------- ---swap-- -----io---- -system-- ----cpu----
 r  b   swpd   free   buff  cache   si   so    bi    bo   in   cs us sy id wa
 1  0      0 3717008   1424  32836    0    0   531 11198  154  166  1  3 93  3
 0  0      0 3719800    216  30840    0    0  9564  9864 1933 1652  1  3 93  3
 0  0      0 3719800    204  30880    0    0  7888  8184 1167 1537  1  3 95  2
 0  0      0 3719800    204  30820    0    0  7884  8196 1180 1531  1  4 95  1
 0  0      0 3719924    200  30896    0    0  8048  8184 1199 1604  1  3 94  1
 0  0      0 3719948    204  30912    0    0  7900  8184 1169 1837  0  4 95  1
 0  0      0 3719824    200  30892    0    0  7892  8196 1167 1542  1  3 94  2
 0  0      0 3719684    200  30916    0    0  8036  8184 1211 1604  1  4 94  1
 0  0      0 3719808    192  30900    0    0  7888  8188 1166 1535  1  5 95  0
 0  0      0 3719684    204  30912    0    0  7904  8192 1188 1616  1  3 94  2
 0  0      0 3719560    200  30904    0    0 10276  8184 1747 1713  1  3 94  1
 0  0      0 3719684    204  30836    0    0  7884  8192 1184 1530  0  4 95  1
 0  0      0 3719560    204  30908    0    0  7888  8188 1159 1516  1  3 95  0
 0  0      0 3719560    220  30876    0    0  8200  8184 1254 1734  1  3 94  2
 1  0      0 3719684    204  30892    0    0  7892  8196 1167 1520  2  3 95  1
 0  0      0 3719568    200  30920    0    0  7884  8180 1175 1543  1  5 93  2
 0  0      0 3719684    192  30892    0    0  8044  8196 1205 1594  1  3 95  1
 0  0      0 3719560    212  30908    0    0  7908  8192 1196 1549  1  3 94  1
 0  0      0 3719560    200  30880    0    0  7888  8184 1155 1477  1  4 93  1
 0  0      0 3719700    204  30848    0    0 10292  8196 1771 1921  2  2 95  1
procs -----------memory---------- ---swap-- -----io---- -system-- ----cpu----
 r  b   swpd   free   buff  cache   si   so    bi    bo   in   cs us sy id wa
 1  0      0 3716264   1712  32948    0    0   553 11387  157  169  1  3 93  3
 0  0      0 3720016    180  30756    0    0  9000  9832 1853 1940  1  5 92  3
 1  0      0 3721832    160  29132    0    0  7348  6524 1036 1602  2  3 93  2
 0  0      0 3719832    192  30912    0    0  6104  8172 1074 1419  0  3 96  1
 0  0      0 3720088    180  30804    0    0  7388  8152 1133 1704  0  4 95  1
 0  0      0 3719832    184  30892    0    0  7508  8132 1143 1735  1  3 95  1
 0  0      0 3720080    180  30768    0    0  7392  8160 1145 1510  2  4 93  1
 0  0      0 3719576    196  30888    0    0  7644  8156 1221 1654  0  4 96  0
 0  0      0 3720096    184  30764    0    0  7392  8160 1136 1644  1  4 93  2
 0  0      0 3719972    196  30940    0    0  7536  8160 1171 1539  0  4 95  1
 0  0      0 3720096    192  30768    0    0  7388  8156 1135 1479  1  4 93  2
 0  0      0 3719972    192  30932    0    0  7512  8156 1152 1613  1  2 96  1
 0  0      0 3720096    180  30768    0    0  7388  8160 1141 1486  1  4 93  2
 0  0      0 3719848    184  30912    0    0  7636  8148 1200 1690  1  4 95  1
 0  0      0 3719956    180  30748    0    0  7392  8160 1125 1757  1  4 95  0
 0  0      0 3719832    196  30912    0    0  7508  8152 1151 1804  1  4 95  0
 0  0      0 3719948    184  30700    0    0  7400  8160 1141 1521  3  3 93  1
 0  0      0 3719848    192  30916    0    0  7500  8196 1168 1792  1  3 96  1
 0  0      0 3718600   1380  30752    0    0  8576  8112 1411 1793  2  5 92  1
 0  0      0 3719692    196  30912    0    0  9108  8168 1547 1869  1  3 95  1
 1  0      0 3718716    192  31708    0    0  6844  6552 1024 1581  0  3 95  2
procs -----------memory---------- ---swap-- -----io---- -system-- ----cpu----
 r  b   swpd   free   buff  cache   si   so    bi    bo   in   cs us sy id wa
 1  0      0 3716788   1584  32980    0    0   571 11567  160  173  1  3 93  3
 0  0      0 3720280    176  30608    0    0  9000  9824 1793 1922  1  5 93  1
 0  0      0 3720576    176  30740    0    0  7424  8104 1121 1615  1  4 93  2
 0  0      0 3720204    176  30748    0    0  7396  8140 1124 1313  1  5 93  1
 0  0      0 3720196    224  30788    0    0  7668  8112 1169 1355  0  3 96  0
 0  0      0 3720460    220  30704    0    0  7424  8140 1118 1301  1  6 93  1
 0  0      0 3720576    212  30696    0    0  7428  8144 1132 1339  1  3 95  1
 0  0      0 3720576    212  30792    0    0  7424  8144 1120 1299  1  6 93  1
 0  0      0 3720196    216  30908    0    0  7520  8140 1142 1345  0  3 96  1
 0  0      0 3720452    212  30812    0    0  7428  8144 1120 1298  1  3 95  1
 0  0      0 3720460    212  30744    0    0  7424  8136 1133 1333  1  4 95  1
 0  0      0 3720328    216  30692    0    0  7404  8132 1127 1326  0  4 95  1
 0  0      0 3720072    220  30888    0    0  7544  8144 1164 1387  1  3 95  1
 0  0      0 3720460    216  30736    0    0  7580  8140 1159 1385  0  4 95  1
 0  0      0 3720328    208  30672    0    0  7416  8140 1142 1345  1  3 95  1
 0  0      0 3720452    204  30740    0    0  7440  8128 1118 1305  1  4 95  1
 0  0      0 3720444    212  30904    0    0  7568  8148 1147 1349  1  4 95  1
 0  0      0 3720576    204  30756    0    0  7452  8152 1124 1305  1  3 95  1
 0  0      0 3720452    204  30704    0    0  7424  8136 1142 1349  1  3 95  1
 0  0      0 3720328    204  30736    0    0  7444  8148 1121 1311  1  4 95  1
procs -----------memory---------- ---swap-- -----io---- -system-- ----cpu----
 r  b   swpd   free   buff  cache   si   so    bi    bo   in   cs us sy id wa
 1  0      0 3716164   1712  32892    0    0   589 11745  163  176  1  3 93  3
 0  0      0 3719900    208  30700    0    0  8708  9888 1795 1542  1  5 93  1
 0  0      0 3720040    208  30764    0    0  7360  8064 1120 1754  1  3 95  1
 0  0      0 3720156    208  30692    0    0  7356  8092 1120 1505  1  4 95  1
 0  0      0 3720272    204  30712    0    0  7472  8084 1143 1772  0  4 94  1
 0  0      0 3720056    200  30704    0    0  7328  8080 1114 1554  1  4 95  1
 0  0      0 3720180    200  30788    0    0  7352  8092 1104 1757  1  3 95  1
 1  0      0 3719196    204  31660    0    0  6764  6496  993 1593  1  3 95  1
 0  0      0 3720072    208  30736    0    0  6476  8092 1063 1718  0  4 95  1
 0  0      0 3720188    212  30740    0    0  7348  8088 1108 1720  0  4 95  1
 0  0      0 3720064    212  30736    0    0  7364  8060 1109 1695  0  4 95  1
 0  0      0 3720072    208  30636    0    0  7348  8084 1103 1706  0  5 94  1
 0  0      0 3720080    208  30748    0    0  7344  8088 1112 1725  0  4 95  1
 0  0      0 3720072    208  30636    0    0  7344  8088 1093 1713  0  4 95  1
 1  1      0 3721816    192  28980    0    0  7160  6504 1036 1630  1  3 95  2
 1  0      0 3721940    192  29092    0    0  7472  8084 1094 1698  1  3 95  1
 0  0      0 3719824    212  30732    0    0  5932  8088 1017 1616  1  4 95  1
 1  0      0 3719948    212  30736    0    0  7352  8092 1107 1718  0  4 95  1
 0  0      0 3719824    208  30740    0    0  7364  8052 1110 1716  1  3 95  1
 0  0      0 3719700    208  30736    0    0  7344  8092 1103 1467  1  3 95  1
 0  0      0 3719832    208  30660    0    0  7324  8088 1129 1525  1  4 95  1
