procs -----------memory---------- ---swap-- -----io---- -system-- ----cpu----
 r  b   swpd   free   buff  cache   si   so    bi    bo   in   cs us sy id wa
 2  0      0 2573688 129172 935960    0    0  2454  4777   82  322  1  1 96  2
 0  0      0 2559984 129228 948364    0    0   816   400  676 1527  3  5 92  0
 1  0      0 2571764 129256 937192    0    0     0   456  644 1363  2  5 93  0
 0  0      0 2559976 129280 948512    0    0     0   360  642 1423  3  5 91  0
 0  0      0 2560100 129312 948336    0    0     0   420  605 1336  2  5 93  0
 0  0      0 2561044 129336 948276    0    0     0   576  710 1478  2  6 87  4
 0  0      0 2560672 129376 948276    0    0     4   520  649 1323  2  6 92  0
 2  0      0 2567832 129404 940808    0    0     0   420  651 1402  2  5 92  0
 0  0      0 2559680 129428 948504    0    0     0   360  602 1314  3  4 94  0
 1  0      0 2571204 129460 937220    0    0     0   420  634 1363  3  5 92  0
 0  0      0 2559812 129480 948404    0    0     0   372  586 1250  3  6 86  5
 0  0      0 2559696 129516 948628    0    0     0   524  660 1336  2  6 92  0
 1  0      0 2570228 129544 937560    0    0     0   420  619 1331  3  5 92  0
 0  0      0 2559416 129568 948424    0    0     0   360  616 1371  4  5 91  0
 0  0      0 2559432 129596 948456    0    0     0   360  602 1313  2  5 93  0
 1  0      0 2569988 129620 938492    0    0     0   416  618 1333  1  4 89  5
procs -----------memory---------- ---swap-- -----io---- -system-- ----cpu----
 r  b   swpd   free   buff  cache   si   so    bi    bo   in   cs us sy id wa
 7  0      0 2571624 129184 937136    0    0  2055  7937  102  319  1  2 94  3
 0  1      0 2559508 129212 948504    0    0     8   492  624 1343  3  5 92  0
 2  0      0 2559468 129228 948452    0    0     0   364  653 1382  3  5 87  5
 0  0      0 2559176 129240 948464    0    0     0   360  618 1320  3  4 93  0
 0  0      0 2559252 129256 948532    0    0     0   420  627 1361  3  5 92  0
 1  0      0 2559276 129268 948464    0    0     0   360  613 1325  3  5 92  0
 0  1      0 2570864 129292 937472    0    0     4   496  571 1160  3  3 89  4
 0  0      0 2559416 129308 948464    0    0     0   364  655 1408  3  6 90  1
 0  0      0 2559392 129320 948508    0    0     0   420  604 1277  3  3 93  0
 0  0      0 2559500 129332 948272    0    0     0   360  630 1362  4  6 90  0
 0  0      0 2559564 129344 948456    0    0     0   360  590 1229  5  6 89  0
 1  1      0 2559160 129364 948452    0    0     0   440  573 1189  3  5 90  2
 0  0      0 2559432 129380 948496    0    0     0   424  650 1370  4  5 88  3
 0  0      0 2559284 129392 948468    0    0     0   360  612 1316  3  4 92  0
 1  0      0 2566608 129408 941464    0    0     0   560  663 1354  3  4 93  0
 0  0      0 2559152 129420 948688    0    0     0   360  624 1357  3  5 92  0
 1  1      0 2570676 129440 937292    0    0     0   508  604 1209  3  4 88  4
procs -----------memory---------- ---swap-- -----io---- -system-- ----cpu----
 r  b   swpd   free   buff  cache   si   so    bi    bo   in   cs us sy id wa
 2  0      0 2571268 129184 937352    0    0  1761 10175  115  316  1  3 92  4
 0  0      0 2559288 129208 948400    0    0     8   436  603 1259  3  4 88  5
 1  0      0 2570116 129212 937684    0    0     0   420  631 1316  4  4 92  0
 0  0      0 2559584 129220 948572    0    0     0   360  605 1318  3  5 92  0
 2  0      0 2570876 129232 937464    0    0     0   420  619 1329  3  4 92  0
 0  0      0 2559592 129236 948292    0    0     0   360  594 1274  3  5 91  0
 0  1      0 2559468 129252 948428    0    0     4   404  571 1197  4  4 90  2
 0  0      0 2559188 129260 948472    0    0     0   424  648 1343  3  4 91  3
 1  0      0 2559328 129268 948648    0    0     0   360  614 1302  3  5 92  0
 1  0      0 2569124 129272 938996    0    0     0   420  642 1355  4  5 91  0
 0  0      0 2559700 129280 948452    0    0     0   360  633 1347  3  5 92  0
 0  1      0 2559484 129292 948500    0    0     0   468  568 1150  2  4 89  4
 0  0      0 2559280 129300 948236    0    0     0   360  630 1394  4  4 91  1
 0  0      0 2559468 129304 948432    0    0     0   360  587 1265  3  5 92  0
 1  0      0 2559088 129316 948472    0    0     0   420  634 1344  4  5 91  0
 0  0      0 2559476 129324 948516    0    0     0   432  594 1253  3  4 93  0
 1  1      0 2566668 129336 941248    0    0     0   464  614 1268  4  4 88  4
procs -----------memory---------- ---swap-- -----io---- -system-- ----cpu----
 r  b   swpd   free   buff  cache   si   so    bi    bo   in   cs us sy id wa
 3  0      0 2569588 129228 937188    0    0  1543 11864  124  313  2  3 91  4
 0  0      0 2559404 129248 948268    0    0     8   400  631 1385  4  4 92  0
 1  0      0 2567412 129248 940296    0    0     0   420  640 1340  2  6 92  0
 0  0      0 2559468 129248 948544    0    0     0   360  601 1310  3  5 93  0
 0  1      0 2559096 129248 948456    0    0     0   532  613 1282  2  6 91  0
 0  0      0 2559236 129248 948468    0    0     0   364  666 1380  3  4 89  3
 0  0      0 2559400 129260 948404    0    0     4   432  630 1314  3  5 92  0
 0  0      0 2559360 129260 948476    0    0     0   360  614 1351  2  5 93  0
 1  0      0 2561492 129260 945544    0    0     0   420  615 1264  3  4 92  0
 0  1      0 2559276 129260 948480    0    0     0   340  551 1193  3  5 91  1
 0  0      0 2559104 129260 948536    0    0     0   424  660 1391  3  5 89  3
 0  0      0 2558988 129268 948484    0    0     0   372  592 1292  2  4 93  0
 0  0      0 2559376 129268 948640    0    0     0   420  638 1355  3  5 92  0
 0  0      0 2559268 129268 948300    0    0     0   360  574 1239  3  4 92  0
 1  1      0 2569272 129268 938572    0    0     0   436  597 1248  2  5 88  5
 0  0      0 2558904 129268 948452    0    0     0   360  573 1219  3  5 91  1
procs -----------memory---------- ---swap-- -----io---- -system-- ----cpu----
 r  b   swpd   free   buff  cache   si   so    bi    bo   in   cs us sy id wa
 2  0      0 2569612 129184 937216    0    0  1374 13193  132  310  2  3 91  4
 0  1      0 2559180 129228 948660    0    0    12  1636  902 1385  3  5 90  2
 1  0      0 2558956 129252 948564    0    0     0  1516  969 1447  3  5 90  2
 0  0      0 2559220 129276 948668    0    0     0  1512  913 1367  3  6 91  0
 1  0      0 2568256 129308 940084    0    0     0  1764  965 1381  3  5 91  0
 0  0      0 2558956 129332 948688    0    0     0  1512  918 1398  3  6 91  0
 0  1      0 2570264 129368 937436    0    0     4  1716  891 1223  4  4 87  4
 0  0      0 2559500 129396 948692    0    0     0  1516  921 1384  2  6 91  1
 0  0      0 2558932 129420 948656    0    0     0  1512  878 1280  4  5 91  0
 0  0      0 2559104 129452 948656    0    0     0  1764  955 1327  2  5 93  0
 1  0      0 2559320 129476 948564    0    0     0  1512  906 1406  4  5 91  0
 0  1      0 2558552 129504 948672    0    0     0  1460  855 1239  2  5 91  3
 1  0      0 2558940 129536 948664    0    0     0  1768  987 1412  2  7 89  2
 0  0      0 2558800 129560 948692    0    0     0  1512  904 1376  3  4 93  0
 1  0      0 2569728 129592 938008    0    0     0  2032 1043 1400  3  5 91  0
 1  0      0 2558932 129616 948700    0    0     0  1512  911 1346  4  4 92  0
 0  1      0 2559140 129644 948440    0    0     0  1468  841 1208  4  5 87  4
procs -----------memory---------- ---swap-- -----io---- -system-- ----cpu----
 r  b   swpd   free   buff  cache   si   so    bi    bo   in   cs us sy id wa
 5  0      0 2568876 129184 937480    0    0  1236 14260  143  309  2  4 90  5
 1  1      0 2569748 129212 937452    0    0    12  1644  904 1356  3  5 87  5
 0  0      0 2558332 129228 948664    0    0     0  1512  911 1354  3  5 92  0
 0  0      0 2558100 129244 948668    0    0     0  1764  958 1322  4  3 93  0
 0  0      0 2558076 129256 948624    0    0     0  1512  906 1401  4  5 91  0
 0  0      0 2558572 129268 948456    0    0     0  1512  902 1311  3  5 92  0
 1  1      0 2567500 129292 939636    0    0     4  1652  893 1228  2  6 88  4
 0  0      0 2558480 129308 948692    0    0     0  1512  907 1342  4  4 92  0
 2  0      0 2569368 129320 937396    0    0     0  1764  946 1322  3  4 93  0
 0  0      0 2558448 129332 948532    0    0     0  1512  926 1394  4  4 92  0
 0  0      0 2558364 129348 948676    0    0     0  1764  939 1276  4  4 92  0
 0  1      0 2558604 129364 948492    0    0     0  1400  867 1333  3  5 87  5
 0  0      0 2558084 129380 948672    0    0     0  1512  871 1262  2  4 93  0
 1  0      0 2569516 129396 937556    0    0     0  1764  959 1329  4  6 90  0
 1  0      0 2558116 129408 948688    0    0     0  1512  906 1330  3  6 91  0
 0  0      0 2558200 129420 948660    0    0     0  1652  951 1355  3  5 92  0
 1  1      0 2561248 129440 945676    0    0     0  1660  899 1260  3  5 86  5
procs -----------memory---------- ---swap-- -----io---- -system-- ----cpu----
 r  b   swpd   free   buff  cache   si   so    bi    bo   in   cs us sy id wa
 3  0      0 2568648 129184 937376    0    0  1124 15140  153  308  2  4 90  5
 0  1      0 2558312 129208 948676    0    0    16  1640  834 1284  3  4 93  1
 0  0      0 2558212 129212 948684    0    0     0  1516  974 1456  4  3 88  4
 0  0      0 2557888 129220 948684    0    0     0  1764  998 1737  2  5 93  0
 0  0      0 2558104 129232 948684    0    0     0  1512  925 1424  4  5 91  0
 0  0      0 2557956 129236 948468    0    0     0  1512  908 1414  3  4 93  0
 0  1      0 2558260 129256 948704    0    0     4  1620  920 1428  2  3 90  4
 0  0      0 2557880 129260 948712    0    0     0  1768  970 1448  4  3 92  0
 0  0      0 2557716 129268 948668    0    0     0  1512  905 1311  3  5 91  0
 1  0      0 2564916 129276 941452    0    0     0  1764  977 1412  3  7 90  0
 0  0      0 2557492 129280 948748    0    0     0  1512  878 1318  4  3 93  0
 1  1      0 2558212 129296 948496    0    0     0  1616  881 1225  3  5 87  5
 0  0      0 2557996 129300 948460    0    0     0  1512  876 1270  4  4 92  0
 0  0      0 2557608 129308 948808    0    0     0  1764  969 1363  3  4 93  0
 0  0      0 2557748 129316 948868    0    0     0  1584  914 1325  3  6 90  0
 0  0      0 2557552 129324 948688    0    0     0  1764  941 1270  4  4 92  0
procs -----------memory---------- ---swap-- -----io---- -system-- ----cpu----
 r  b   swpd   free   buff  cache   si   so    bi    bo   in   cs us sy id wa
 3  0      0 2568192 129184 937372    0    0  1032 15886  161  309  2  4 89  5
 0  1      0 2556992 129204 948636    0    0    16  1636  862 1308  2  5 90  3
 0  0      0 2557040 129204 948896    0    0     0  1516  935 1424  1  5 92  2
 1  0      0 2562752 129204 943656    0    0     8  1764  963 1332  2  6 92  0
 0  0      0 2557428 129204 948680    0    0     8  1512  899 1323  3  4 93  0
 0  0      0 2557232 129204 948864    0    0     4  1764  949 1318  4  6 90  0
 0  1      0 2557304 129216 948896    0    0     4  1316  789 1181  2  4 90  3
 0  0      0 2557436 129216 948728    0    0     8  1768  988 1386  2  5 91  2
 1  0      0 2557172 129216 948688    0    0     8  1764  956 1331  2  5 93  0
 0  0      0 2557008 129216 948648    0    0     0  1512  895 1331  4  6 90  0
 0  0      0 2557312 129216 948592    0    0     8  1764  954 1304  2  4 93  0
 0  1      0 2557148 129224 948780    0    0     4  1320  809 1267  3  4 90  2
 1  0      0 2557436 129224 948736    0    0     4  1768 1026 1471  4  5 89  2
 0  0      0 2557452 129224 948676    0    0     8  1764  953 1289  2  4 93  0
 0  0      0 2557428 129224 948536    0    0     8  1536  910 1359  3  5 92  0
 0  0      0 2557544 129224 948624    0    0     4  1764  940 1257  2  5 93  0
procs -----------memory---------- ---swap-- -----io---- -system-- ----cpu----
 r  b   swpd   free   buff  cache   si   so    bi    bo   in   cs us sy id wa
 2  0      0 2568344 129184 937384    0    0   954 16517  168  308  2  4 89  5
 1  1      0 2559272 129224 947008    0    0     8  5136 1113 1380  3  6 87  5
 1  0      0 2565680 129248 940408    0    0     0  6000 1388 1266  3  6 91  0
 2  0      0 2567672 129272 938188    0    0     0  6000 1296 1323  4  6 90  0
 1  0      0 2567184 129300 939292    0    0     0  6000 1309 1347  2  7 91  0
 1  0      0 2567580 129324 938192    0    0     0  6000 1366 1301  4  5 90  0
 1  1      0 2567604 129356 938208    0    0     4  5204 1272 1169  3  5 88  4
 1  0      0 2567432 129384 938208    0    0     0  6000 1330 1395  2  6 91  0
 1  0      0 2567572 129408 938212    0    0     0  6000 1359 1324  3  6 91  0
 2  0      0 2567664 129432 938216    0    0     0  6000 1296 1359  2  7 90  0
 1  0      0 2559960 129460 944596    0    0     0  6000 1291 1305  3  7 91  0
 1  1      0 2567192 129488 938196    0    0     0  5192 1281 1301  2  6 88  4
 1  0      0 2567548 129512 938200    0    0     0  6000 1400 1317  4  6 89  1
 1  0      0 2564796 129540 941504    0    0     0  6000 1397 1369  2  6 91  0
 1  0      0 2556364 129564 949204    0    0     0  6000 1647 1320  1  7 92  0
 0  0      0 2556248 129592 949428    0    0     0  6252 1505 1355  3  6 91  0
 0  1      0 2555388 129620 949444    0    0     0  5204 1421 1231  3  5 90  3
 0  0      0 2555744 129648 949436    0    0     0  7004 1947 1394  3  6 89  3
procs -----------memory---------- ---swap-- -----io---- -system-- ----cpu----
 r  b   swpd   free   buff  cache   si   so    bi    bo   in   cs us sy id wa
 7  0      0 2565964 129184 937400    0    0   883 17054  181  307  2  4 88  5
 0  1      0 2555536 129212 949572    0    0     8  6128 1224 1367  3  6 90  1
 1  0      0 2566348 129228 939856    0    0     0  6004 1533 1430  3  6 87  4
 0  0      0 2555420 129240 949580    0    0     0  6000 1517 1343  4  6 90  0
 0  0      0 2555700 129252 949780    0    0     0  6000 1422 1318  3  5 91  0
 0  0      0 2556676 129264 949504    0    0     0  6000 1387 1311  2  7 91  0
 1  1      0 2559404 129288 944664    0    0     4  6144 1331 1211  3  5 88  4
 1  0      0 2556204 129304 949500    0    0     0  6000 1322 1438  5  5 89  1
 1  0      0 2563728 129316 941408    0    0     0  6000 1582 1198  5  5 91  0
 1  0      0 2564504 129328 941024    0    0     0  6000 1387 1348  3  6 91  0
 1  0      0 2564024 129340 942456    0    0     0  6000 1393 1277  5  7 88  0
 0  1      0 2554832 129360 949444    0    0     0  5128 1397 1204  4  4 90  2
 1  0      0 2564032 129372 941528    0    0     0  7004 1602 1464  2  6 89  3
 0  0      0 2556072 129388 949424    0    0     0  6000 1401 1292  4  5 90  0
 0  0      0 2556336 129400 949380    0    0     0  6132 1644 1328  3  5 92  0
 0  0      0 2556196 129412 949592    0    0     0  6000 1455 1282  3  6 91  0
 0  1      0 2555244 129432 949688    0    0     0  5144 1191 1178  4  5 88  3
procs -----------memory---------- ---swap-- -----io---- -system-- ----cpu----
 r  b   swpd   free   buff  cache   si   so    bi    bo   in   cs us sy id wa
 3  0      0 2566020 129184 937332    0    0   823 17536  193  306  2  4 88  5
 1  0      0 2554632 129208 949584    0    0     8  5136 1223 1365  3  5 86  5
 0  0      0 2554700 129212 949364    0    0     0  6000 1449 1262  3  5 92  0
 1  0      0 2554840 129220 949428    0    0     0  6000 1412 1322  4  5 91  0
 1  0      0 2566272 129228 938304    0    0     0  7000 1743 1242  3  7 90  0
 0  0      0 2554676 129236 949516    0    0     0  6000 1488 1415  4  6 90  0
 0  0      0 2554916 129252 949424    0    0     4  5116 1281 1146  3  5 87  5
 0  0      0 2555040 129260 949528    0    0     0  6000 1403 1341  4  6 89  0
 0  0      0 2556164 129264 949532    0    0     0  7000 1488 1283  3  7 90  0
 1  0      0 2556164 129272 949420    0    0     0  6000 1508 1379  3  6 91  0
 1  0      0 2556164 129276 949432    0    0     0  6000 1477 1275  5  4 91  0
 0  0      0 2556336 129292 949540    0    0     0  5100 1117 1159  4  5 86  5
 0  0      0 2555816 129296 949544    0    0     0  7000 1562 1282  4  6 90  0
 2  0      0 2555056 129304 949632    0    0     0  6000 1314 1399  3  7 90  0
 0  0      0 2556412 129312 949192    0    0     0  6072 1316 1269  3  6 91  0
 1  0      0 2555800 129320 949572    0    0     0  6000 1286 1282  4  4 92  0
 1  1      0 2563412 129332 941476    0    0     0  6120 1390 1144  3  6 86  5
procs -----------memory---------- ---swap-- -----io---- -system-- ----cpu----
 r  b   swpd   free   buff  cache   si   so    bi    bo   in   cs us sy id wa
 2  0      0 2566368 129184 937380    0    0   771 17967  202  305  2  5 88  5
 0  1      0 2554468 129204 949540    0    0     8  5132 1067 1268  4  4 89  3
 0  0      0 2555172 129204 949652    0    0     0  7004 1493 1400  3  5 90  2
 0  0      0 2554668 129204 949660    0    0     0  6000 1438 1256  3  6 91  0
 1  0      0 2566076 129204 938472    0    0     0  7000 1683 1368  4  6 91  0
 0  0      0 2555180 129204 949552    0    0     0  6000 1305 1290  3  6 91  0
 0  1      0 2561264 129216 943764    0    0     4  6056 1373 1263  4  5 89  2
 0  0      0 2554924 129216 949404    0    0     0  6004 1264 1251  3  5 89  3
 1  0      0 2566340 129216 938308    0    0     0  7000 1533 1342  4  7 90  0
 1  0      0 2555288 129216 949352    0    0     0  6000 1322 1279  2  6 91  0
 0  0      0 2555056 129216 949532    0    0     0  6000 1410 1284  4  5 91  0
 2  1      0 2566628 129224 938392    0    0     0  6064 1643 1188  3  5 88  4
 0  0      0 2555296 129224 949484    0    0     0  6000 1411 1354  5  5 89  1
 0  0      0 2555180 129224 949544    0    0     0  6000 1420 1244  3  6 91  0
 0  0      0 2555320 129224 949544    0    0     0  7024 1743 1258  3  6 91  0
 0  0      0 2555064 129224 949692    0    0     0  6000 1557 1345  4  6 90  0
 0  1      0 2554460 129232 949548    0    0     0  5048 1209 1179  2  5 91  1
procs -----------memory---------- ---swap-- -----io---- -system-- ----cpu----
 r  b   swpd   free   buff  cache   si   so    bi    bo   in   cs us sy id wa
 2  0      0 2566640 129188 937396    0    0   726 18361  211  304  2  5 88  6
 1  1      0 2551420 129224 952236    0    0     8 20144  881 1321  5  4 87  5
 1  0      0 2549460 129248 952624    0    0     0 20004 1203 1338  6  5 89  0
 0  0      0 2551716 129276 952404    0    0     4 24000 1217 1340  6  6 89  0
 1  0      0 2559124 129304 945748    0    0     0 24000 1139 1329  5  5 90  0
 1  0      0 2548104 129324 952580    0    0     0 24000  915 1270  4  5 91  0
 0  1      0 2548252 129356 952516    0    0     4 16184  812 1178  3  6 87  3
 0  0      0 2551212 129384 952464    0    0     0 24004 1078 1350  4  5 89  2
 2  0      0 2551460 129408 952532    0    0     0 24000  954 1291  5  5 90  0
 1  0      0 2561868 129432 941520    0    0     0 24000 1175 1253  4  4 91  0
 1  0      0 2550716 129456 952636    0    0     0 20000  867 1267  6  4 90  0
 0  1      0 2548048 129488 952412    0    0     4 20200 1055 1247  4  5 88  3
 2  0      0 2551684 129512 952524    0    0     0 24004 1353 1351  5  5 87  3
 0  0      0 2551552 129540 952628    0    0     0 24000 1037 1309  5  6 89  0
 0  0      0 2552444 129564 952540    0    0     0 24244 1111 1192  6  5 89  0
 0  0      0 2552040 129584 952320    0    0     0 20000  995 1294  6  5 89  0
 1  1      0 2551948 129616 952448    0    0     0 20192 1117 1205  4  5 86  5
 1  0      0 2553380 129644 950412    0    0     4 24000 1046 1265  4  4 91  1
 2  0      0 2561240 129676 941376    0    0     4 24000 1014 1228  5  4 91  0
procs -----------memory---------- ---swap-- -----io---- -system-- ----cpu----
 r  b   swpd   free   buff  cache   si   so    bi    bo   in   cs us sy id wa
 2  0      0 2563360 129188 937268    0    0   682 18821  215  304  2  5 87  6
 1  1      0 2548096 129216 952592    0    0     8 20132  957 1264  4  4 88  5
 1  0      0 2545600 129228 952484    0    0     0 20000  899 1325  4  6 90  0
 1  0      0 2547700 129240 952540    0    0     0 24000 1002 1274  6  5 89  0
 0  0      0 2547840 129252 952320    0    0     0 24000  953 1274  6  5 89  0
 0  0      0 2547964 129264 952652    0    0     0 24000  955 1297  6  6 88  0
 0  1      0 2546956 129288 952660    0    0     4 24132  964 1229  6  4 88  2
 0  0      0 2546988 129300 952372    0    0     0 20004 1036 1309  5  5 87  3
 0  0      0 2546996 129316 952684    0    0     0 24000 1077 1351  5  5 90  0
 0  0      0 2546964 129328 952656    0    0     0 24000  947 1280  6  4 90  0
 0  0      0 2546776 129340 952812    0    0     0 24000  985 1327  6  3 91  0
 0  1      0 2543996 129356 952532    0    0     0 20136  872 1205  4  5 88  3
 0  0      0 2546848 129380 952644    0    0     8 24004 1265 1340  4  5 88  2
 0  0      0 2547104 129392 952652    0    0     0 24000 1194 1287  7  5 88  0
 1  0      0 2546848 129404 952320    0    0     0 24128  999 1328  5  6 89  0
 1  0      0 2552296 129416 948040    0    0     0 24000  981 1250  6  5 89  0
 0  1      0 2543468 129432 952640    0    0     0 16136  790 1152  5  4 89  2
 0  0      0 2547436 129444 952552    0    0     0 24004 1174 1278  5  4 86  5
procs -----------memory---------- ---swap-- -----io---- -system-- ----cpu----
 r  b   swpd   free   buff  cache   si   so    bi    bo   in   cs us sy id wa
 8  0      0 2557104 129188 937296    0    0   644 19253  218  303  2  5 87  6
 1  1      0 2553140 129212 942876    0    0     8 20132  878 1339  6  3 87  5
 0  0      0 2543600 129216 952760    0    0     0 24000 1063 1331  6  4 89  0
 1  0      0 2552608 129224 943632    0    0     0 24000  993 1270  5  5 91  0
 0  0      0 2543632 129232 952352    0    0     0 20000  892 1234  7  5 89  0
 0  0      0 2543152 129236 952436    0    0     0 24000 1296 1276  5  6 89  0
 0  1      0 2544012 129256 952548    0    0     4 24112  946 1212  4  5 91  1
 1  0      0 2552716 129260 943752    0    0     0 24004  966 1320  4  4 87  4
 1  0      0 2551228 129268 944020    0    0     0 24000  949 1275  5  5 90  0
 0  0      0 2543028 129272 952600    0    0     0 24000  899 1144  5  4 91  0
 1  0      0 2539796 129280 952560    0    0     0 20000  930 1311  6  4 91  0
 0  1      0 2539144 129292 952556    0    0     0 20096  832 1127  5  4 86  5
 0  0      0 2545228 129296 952348    0    0     0 24004 1286 1295  4  6 89  0
 0  0      0 2543012 129304 952648    0    0     0 24000 1155 1269  5  6 89  0
 0  0      0 2543616 129308 952540    0    0     0 24068 1034 1311  5  4 91  0
 2  0      0 2542880 129320 952476    0    0     0 24000 1027 1235  6  6 88  0
 0  1      0 2539688 129336 952568    0    0     4 20104 1125 1204  6  3 89  3
 0  0      0 2543200 129344 952552    0    0     0 24004 1255 1287  4  6 88  3
procs -----------memory---------- ---swap-- -----io---- -system-- ----cpu----
 r  b   swpd   free   buff  cache   si   so    bi    bo   in   cs us sy id wa
 2  0      0 2554744 129188 937512    0    0   611 19643  221  302  3  5 87  6
 0  0      0 2539600 129208 952756    0    0     8 20132  996 1325  5  4 85  5
 0  0      0 2539500 129208 952776    0    0     0 24000  975 1332  5  4 91  0
 0  0      0 2539656 129208 952504    0    0     0 24000  936 1235  6  5 89  0
 0  0      0 2539764 129208 952324    0    0     0 24000  958 1271  5  6 89  0
 0  0      0 2539864 129208 952604    0    0     0 24000  931 1233  6  5 89  0
 0  0      0 2539664 129220 952472    0    0     4 20072  871 1187  4  4 85  6
 0  0      0 2539640 129220 952456    0    0     0 24000  967 1230  6  5 89  0
 0  0      0 2538904 129220 952860    0    0     0 24000  958 1265  6  4 89  0
 0  0      0 2539352 129220 952548    0    0     0 24000  978 1270  4  5 90  0
 0  0      0 2539640 129220 952640    0    0     0 24000  965 1266  6  5 88  0
 1  0      0 2545384 129228 946396    0    0     0 20056  930 1127  4  6 85  5
 0  0      0 2539464 129228 952568    0    0     0 24000  952 1232  7  4 89  0
 0  0      0 2539672 129228 952608    0    0     0 20000  846 1193  5  6 89  0
 0  0      0 2539820 129228 952568    0    0     0 24000  984 1294  7  5 88  0
 1  0      0 2539540 129228 952448    0    0     0 24024  982 1235  6  6 88  0
 1  1      0 2541284 129236 949896    0    0     0 20068  938 1064  5  4 86  5
 0  0      0 2539456 129236 952744    0    0     0 24000  932 1248  5  5 90  0
