vdb1          reads   read sectors  writes    requested writes
                 389       3106       1636     883728
                 390       3114       1645     884240
                 413       3298       1678     886224
                 427       3410       1695     887528
                 427       3410       1695     887528
                 427       3410       1695     887528
                 427       3410       1695     887528
                 427       3410       1695     887528
                 427       3410       1695     887528
                 427       3410       1695     887528
                 427       3410       1695     887528
                 427       3410       1695     887528
                 427       3410       1695     887528
                 427       3410       1695     887528
                 427       3410       1695     887528
                 427       3410       1695     887528
                 427       3410       1695     887528
                 427       3410       1695     887528
                 427       3410       1695     887528
                 427       3410       1695     887528
                 427       3410       1695     887528
vdb1          reads   read sectors  writes    requested writes
                 427       3410       1695     887528
                 427       3410       1695     887528
                 427       3410       1695     887528
                 427       3410       1695     887528
                 427       3410       1695     887528
                 427       3410       1695     887528
                 427       3410       1695     887528
                 427       3410       1695     887528
                 427       3410       1695     887528
                 427       3410       1695     887528
                 427       3410       1695     887528
                 427       3410       1695     887528
                 427       3410       1695     887528
                 427       3410       1695     887528
                 427       3410       1695     887528
                 427       3410       1695     887528
                 427       3410       1695     887528
                 427       3410       1695     887528
                 427       3410       1695     887528
                 427       3410       1695     887528
                 427       3410       1695     887528
vdb1          reads   read sectors  writes    requested writes
                 427       3410       1695     887528
                 427       3410       1695     887528
                 427       3410       1695     887528
                 427       3410       1695     887528
                 427       3410       1695     887528
                 427       3410       1695     887528
                 427       3410       1695     887528
                 427       3410       1695     887528
                 427       3410       1695     887528
                 427       3410       1695     887528
                 427       3410       1695     887528
                 427       3410       1695     887528
                 427       3410       1695     887528
                 427       3410       1695     887528
                 427       3410       1695     887528
                 427       3410       1695     887528
                 427       3410       1695     887528
                 427       3410       1695     887528
                 427       3410       1695     887528
                 427       3410       1695     887528
                 427       3410       1695     887528
vdb1          reads   read sectors  writes    requested writes
                 427       3410       1695     887528
                 427       3410       1695     887528
                 427       3410       1695     887528
                 427       3410       1695     887528
                 427       3410       1695     887528
                 427       3410       1695     887528
                 427       3410       1695     887528
                 427       3410       1695     887528
                 427       3410       1695     887528
                 427       3410       1695     887528
                 427       3410       1695     887528
                 427       3410       1695     887528
                 427       3410       1695     887528
                 427       3410       1695     887528
                 427       3410       1695     887528
                 427       3410       1695     887528
                 427       3410       1695     887528
                 427       3410       1695     887528
                 427       3410       1695     887528
                 427       3410       1695     887528
                 427       3410       1695     887528
vdb1          reads   read sectors  writes    requested writes
                 427       3410       1695     887528
                 427       3410       1695     887528
                 427       3410       1695     887528
                 427       3410       1695     887528
                 427       3410       1695     887528
                 427       3410       1695     887528
                 427       3410       1695     887528
                 427       3410       1695     887528
                 427       3410       1695     887528
                 427       3410       1695     887528
                 427       3410       1695     887528
                 427       3410       1695     887528
                 427       3410       1695     887528
                 427       3410       1695     887528
