Q,9434520,8,4096
Q,52888,8,4096
Q,52896,8,4096
Q,52904,8,4096
Q,52912,8,4096
Q,52920,8,4096
Q,52928,8,4096
Q,1856128,32,16384
Q,1860512,8,4096
Q,1862528,8,4096
Q,1862912,16,8192
Q,1862952,8,4096
Q,1863424,8,4096
Q,2283144,8,4096
Q,2283160,8,4096
Q,2283256,8,4096
Q,2283472,8,4096
Q,2288712,8,4096
Q,2299264,8,4096
Q,2299392,8,4096
Q,2299464,8,4096
Q,2299584,8,4096
Q,2299624,8,4096
Q,2300288,8,4096
Q,2300416,16,8192
Q,2300552,8,4096
Q,3355576,8,4096
Q,3355640,8,4096
Q,3383040,16,8192
Q,3383072,16,8192
Q,3383112,32,16384
Q,3383176,8,4096
Q,3388032,64,32768
Q,3481568,16,8192
Q,3482552,16,8192
Q,3482576,24,12288
Q,3482616,8,4096
Q,3557536,16,8192
Q,3798984,8,4096
Q,4298176,8,4096
Q,4298880,8,4096
Q,4300320,16,8192
Q,4301368,8,4096
Q,4302464,8,4096
Q,4353080,8,4096
Q,4353416,8,4096
Q,4387848,8,4096
Q,4391528,8,4096
Q,4392816,8,4096
Q,4392856,16,8192
Q,4392880,24,12288
Q,4392952,8,4096
Q,11027712,64,32768
Q,11027784,16,8192
Q,11027824,48,24576
Q,11072832,8,4096
Q,1862528,8,4096
Q,1856136,24,12288
Q,1862528,8,4096
Q,1856128,8,4096
Q,1856136,24,12288
Q,1862528,8,4096
Q,1856128,8,4096
Q,1856128,8,4096
Q,1862528,32,16384
Q,1862560,8,4096
Q,1862568,24,12288
Q,12173440,8,4096
Q,1862592,8,4096
Q,1862600,24,12288
Q,9421824,8,4096
Q,1862624,8,4096
Q,1327104,8,4096
Q,1095168,128,65536
Q,4065152,136,69632
Q,12261248,128,65536
Q,52936,8,4096
Q,52944,8,4096
Q,52952,8,4096
Q,52960,8,4096
Q,52968,8,4096
Q,52976,8,4096
Q,1862632,24,12288
Q,1867392,488,249856
Q,1445504,128,65536
Q,1867880,8,4096
Q,1867888,80,40960
Q,4065288,8,4096
Q,1867968,8,4096
Q,1867976,80,40960
Q,12261256,8,4096
Q,1868056,8,4096
Q,1862672,8,4096
Q,1862920,8,4096
Q,3336184,8,4096
Q,3383088,16,8192
Q,3383112,16,8192
Q,3383168,16,8192
Q,3481552,8,4096
Q,3481568,16,8192
Q,3482536,16,8192
Q,3482568,8,4096
Q,3482600,16,8192
Q,3557504,16,8192
Q,3570232,16,8192
Q,3570280,16,8192
Q,3573536,16,8192
Q,4392816,8,4096
Q,4392864,8,4096
Q,4392880,24,12288
Q,4392952,8,4096
Q,11027712,24,12288
Q,11027744,32,16384
Q,11027832,16,8192
Q,11027864,8,4096
Q,11072832,8,4096
Q,1868064,264,135168
Q,12261264,72,36864
Q,1868328,8,4096
Q,1868336,40,20480
Q,1868376,8,4096
Q,1868384,56,28672
Q,12261336,168,86016
Q,52984,8,4096
Q,52992,8,4096
Q,53000,8,4096
Q,53008,8,4096
Q,53016,8,4096
Q,53024,8,4096
Q,1445504,128,65536
Q,1868440,8,4096
Q,1868448,72,36864
Q,1868520,8,4096
Q,1868528,304,155648
Q,4065296,40,20480
Q,12195856,8,4096
Q,12196096,16,8192
Q,12196120,16,8192
Q,12196144,16,8192
Q,12196168,16,8192
Q,12196200,32,16384
Q,12196240,32,16384
Q,12196280,48,24576
Q,12196336,8,4096
Q,12196352,32,16384
Q,12196392,8,4096
Q,12196408,8,4096
Q,12196424,16,8192
Q,12196472,8,4096
Q,12196488,24,12288
Q,12196520,72,36864
Q,12196600,32,16384
Q,12196640,40,20480
Q,12196704,24,12288
Q,12196744,80,40960
Q,12196832,8,4096
Q,12196848,32,16384
Q,12196896,16,8192
Q,12196928,24,12288
Q,12196960,32,16384
Q,12197008,24,12288
Q,12197040,40,20480
Q,12197088,8,4096
Q,12197104,112,57344
Q,12197224,88,45056
Q,12197320,8,4096
Q,12197336,16,8192
Q,12197360,32,16384
Q,12197400,8,4096
Q,12197416,8,4096
Q,12197440,8,4096
Q,12197456,48,24576
Q,12197512,8,4096
Q,12197544,48,24576
Q,12197600,8,4096
Q,12197616,24,12288
Q,12197648,16,8192
Q,12197680,16,8192
Q,12197704,80,40960
Q,12197792,16,8192
Q,12197816,8,4096
Q,12197832,8,4096
Q,12197848,16,8192
Q,12197872,72,36864
Q,12197952,8,4096
Q,12197968,8,4096
Q,12197984,8,4096
Q,12198000,8,4096
Q,12198016,40,20480
Q,12198064,24,12288
Q,12198096,8,4096
Q,12198120,32,16384
Q,12198168,24,12288
Q,12198200,16,8192
Q,12198224,24,12288
Q,12198256,24,12288
Q,12198288,16,8192
Q,12198312,32,16384
Q,12198352,16,8192
Q,12198376,112,57344
Q,12198496,48,24576
Q,12198560,8,4096
Q,12198576,72,36864
Q,12198656,8,4096
Q,12198672,48,24576
Q,12198736,16,8192
Q,12198760,40,20480
Q,12198808,8,4096
Q,12198832,8,4096
Q,12198848,16,8192
Q,12198872,24,12288
Q,12198904,32,16384
Q,12198952,56,28672
Q,12199016,32,16384
Q,12199056,120,61440
Q,12199184,64,32768
Q,12199256,8,4096
Q,12199272,24,12288
Q,12199304,16,8192
Q,12199328,16,8192
Q,12199352,8,4096
Q,12199368,80,40960
Q,12199456,112,57344
Q,12199576,8,4096
Q,12199592,56,28672
Q,12199656,8,4096
Q,12199680,80,40960
Q,12199768,8,4096
Q,12199792,16,8192
Q,12199816,72,36864
Q,12199896,112,57344
Q,12200016,40,20480
Q,12200064,8,4096
Q,12200088,24,12288
Q,12200120,8,4096
Q,12200136,80,40960
Q,12200224,88,45056
Q,12200336,8,4096
Q,12200352,56,28672
Q,12200416,8,4096
Q,12200432,72,36864
Q,12200512,88,45056
Q,12200608,8,4096
Q,12200632,16,8192
Q,12200656,120,61440
Q,12200784,40,20480
Q,12200832,56,28672
Q,12200896,40,20480
Q,12200944,8,4096
Q,12200960,48,24576
Q,12201016,16,8192
Q,12201048,128,65536
Q,12201184,40,20480
Q,12201232,32,16384
Q,12201272,24,12288
Q,12201304,8,4096
Q,12201328,8,4096
Q,12201344,24,12288
Q,12201376,8,4096
Q,12201392,48,24576
Q,12201448,8,4096
Q,12201464,16,8192
Q,12201496,104,53248
Q,12201608,72,36864
Q,12201688,80,40960
Q,12201776,16,8192
Q,12201800,88,45056
Q,12201896,8,4096
Q,12201928,8,4096
Q,12201952,8,4096
Q,12201968,48,24576
Q,12202024,16,8192
Q,12202048,40,20480
Q,12202104,16,8192
Q,12202128,32,16384
Q,12202168,88,45056
Q,12202264,48,24576
Q,12202320,56,28672
Q,12202392,8,4096
Q,12202408,56,28672
Q,12202472,32,16384
Q,12202512,16,8192
Q,12202544,32,16384
Q,12202584,8,4096
Q,12202608,8,4096
Q,12202624,8,4096
Q,12202640,88,45056
Q,12202736,16,8192
Q,12202768,72,36864
Q,12202856,16,8192
Q,12202888,24,12288
Q,12202920,8,4096
Q,12202936,8,4096
Q,12202952,48,24576
Q,12203016,136,69632
Q,12203160,32,16384
Q,12203200,8,4096
Q,12203216,16,8192
Q,12203240,144,73728
Q,12203400,240,122880
Q,12203704,8,4096
Q,12203720,896,458752
Q,12204624,24,12288
Q,12204656,8,4096
Q,12204680,16,8192
Q,12204720,8,4096
Q,12204752,8,4096
Q,12204784,8,4096
Q,12204800,24,12288
Q,12204848,40,20480
Q,12204904,120,61440
Q,12205032,48,24576
Q,12205088,96,49152
Q,12205240,16,8192
Q,12205264,48,24576
Q,12224496,8,4096
Q,12225704,8,4096
Q,12225792,24,12288
Q,12225824,80,40960
Q,12225912,32,16384
Q,12225952,8,4096
Q,12225968,8,4096
Q,12226008,8,4096
Q,12226048,128,65536
Q,12226184,24,12288
Q,12226216,24,12288
Q,12226248,16,8192
Q,12226272,8,4096
Q,12226296,96,49152
Q,12226400,40,20480
Q,12226448,8,4096
Q,12226464,40,20480
Q,12226528,8,4096
Q,12226560,24,12288
Q,12226624,64,32768
Q,12243072,160,81920
Q,12243240,344,176128
Q,12243592,432,221184
Q,12244048,32,16384
Q,12244088,96,49152
Q,12244208,40,20480
Q,12244272,32,16384
Q,12244320,288,147456
Q,12261408,8,4096
Q,12261504,1792,917504
Q,8448008,40,20480
Q,8448056,16,8192
Q,8448088,8,4096
Q,8448104,16,8192
Q,9421824,8,4096
Q,9426416,8,4096
Q,53032,8,4096
Q,53040,8,4096
Q,53048,8,4096
Q,53056,8,4096
Q,53064,8,4096
Q,53072,8,4096
Q,1095680,128,65536
Q,1528192,128,65536
Q,1868832,8,4096
Q,1856152,8,4096
Q,1862912,8,4096
Q,1862960,8,4096
Q,1863424,8,4096
Q,2299264,8,4096
Q,2299392,8,4096
Q,2299464,8,4096
Q,2299584,8,4096
Q,2299624,8,4096
Q,2300288,8,4096
Q,2300416,16,8192
Q,2300552,8,4096
Q,3336184,8,4096
Q,3355576,8,4096
Q,3355640,8,4096
Q,3383040,16,8192
Q,3383128,16,8192
Q,3383176,8,4096
Q,3388040,24,12288
Q,3481576,8,4096
Q,3482552,16,8192
Q,3482576,24,12288
Q,3798984,8,4096
Q,4353080,8,4096
Q,4392880,24,12288
Q,4392952,8,4096
Q,12261416,8,4096
Q,11027712,8,4096
Q,11027744,8,4096
Q,11027760,8,4096
Q,11027792,8,4096
Q,11027824,8,4096
Q,11027848,16,8192
Q,12263296,8,4096
Q,12263304,8,4096
Q,12263312,8,4096
Q,12263320,8,4096
Q,12263328,8,4096
Q,12263336,8,4096
Q,12263344,8,4096
Q,12263352,8,4096
Q,12263360,8,4096
Q,12263368,8,4096
Q,12263376,8,4096
Q,12263384,8,4096
Q,12263392,8,4096
Q,12263400,8,4096
Q,12263408,8,4096
Q,12263416,8,4096
Q,12263424,8,4096
Q,12263432,8,4096
Q,12263440,8,4096
Q,12263448,8,4096
Q,12263456,8,4096
Q,12263464,8,4096
Q,12263472,8,4096
Q,12263480,8,4096
Q,12263488,8,4096
Q,12263496,8,4096
Q,12263504,8,4096
Q,12263512,8,4096
Q,12263520,8,4096
Q,12263528,8,4096
Q,12263536,8,4096
Q,12263544,8,4096
Q,53080,8,4096
Q,53088,8,4096
Q,53096,8,4096
Q,53104,8,4096
Q,53112,8,4096
Q,53120,8,4096
Q,53128,8,4096
Q,53136,8,4096
Q,53144,8,4096
Q,1868840,112,57344
Q,3532056,176,90112
Q,3532400,8,4096
Q,3787504,136,69632
Q,4065328,24,12288
Q,5019832,16,8192
Q,5020032,16,8192
Q,5020408,8,4096
Q,5020560,8,4096
Q,5020952,8,4096
Q,5021240,8,4096
Q,5021440,8,4096
Q,5021752,8,4096
Q,5021992,8,4096
Q,5022136,8,4096
Q,5022152,8,4096
Q,5022216,8,4096
Q,5022408,8,4096
Q,5022472,8,4096
Q,5023008,8,4096
Q,5023072,8,4096
Q,5023112,8,4096
Q,5023424,8,4096
Q,5024064,8,4096
Q,5024256,8,4096
Q,5024400,8,4096
Q,5024888,8,4096
Q,5025176,8,4096
Q,5025312,8,4096
Q,5025448,8,4096
Q,5025584,8,4096
Q,5025656,8,4096
Q,5025808,8,4096
Q,5026200,8,4096
Q,5026216,8,4096
Q,5026232,8,4096
Q,5026408,8,4096
Q,5026768,8,4096
Q,5027032,8,4096
Q,5027056,56,28672
Q,5027120,16,8192
Q,5027168,72,36864
Q,5027256,8,4096
Q,5027280,24,12288
Q,5027320,144,73728
Q,12225704,8,4096
Q,12244848,16,8192
Q,12261424,40,20480
Q,9462416,8,4096
Q,1095680,128,65536
Q,1868952,8,4096
