sda1          reads   read sectors  writes    requested writes
                5682      44988     149960   13930504
                5692      45068     150385   13943408
                5705      45172     150764   13953176
                5714      45244     151133   13962872
                5733      45396     151661   13975840
                5750      45532     152132   13988856
                5765      45652     152435   13998616
                5780      45772     152885   14008376
                5791      45860     153180   14018128
                5802      45948     153671   14027888
                5817      46068     154022   14037640
                5832      46188     154546   14047400
                5843      46276     154979   14057152
                5849      46324     155127   14063704
                5870      46492     155638   14076672
                5883      46596     155952   14086424
                5896      46700     156255   14096240
                5908      46796     157105   14109248
                5924      46924     157596   14119008
                5939      47044     157916   14128768
                5953      47156     158180   14138520
sda1          reads   read sectors  writes    requested writes
                5967      47268     158478   14148264
                5984      47404     158898   14158016
                5996      47500     159612   14167752
                6010      47612     159884   14177512
                6027      47748     160241   14187272
                6046      47900     160708   14197096
                6060      48012     161228   14210064
                6072      48108     161681   14219800
                6086      48220     162135   14229576
                6100      48332     162572   14239336
                6115      48452     162936   14249128
