sda1          reads   read sectors  writes    requested writes
                2287      17996      39530    5595528
                2300      18100      39991    5599904
                2313      18204      40489    5604288
                2326      18308      40903    5607944
                2343      18444      41414    5612408
                2355      18540      41748    5615184
                2371      18668      42182    5618752
                2392      18836      42705    5623256
                2405      18940      43023    5626024
                2423      19084      43427    5629624
                2443      19244      43808    5633192
                2462      19396      44218    5636816
                2477      19516      44650    5640416
                2493      19644      44967    5643192
                2515      19820      45375    5646744
                2530      19940      45713    5649448
                2545      20060      46036    5652152
                2564      20212      46420    5655776
                2583      20364      46722    5658480
                2601      20508      47056    5661240
                2619      20652      47478    5664880
sda1          reads   read sectors  writes    requested writes
                2639      20812      47866    5668432
                2652      20916      48193    5671176
                2666      21028      48578    5674752
                2683      21164      48876    5677456
                2698      21284      49206    5680200
                2719      21452      49602    5683768
