sda1          reads   read sectors  writes    requested writes
                6602      52336     178626   16347592
                6612      52416     179006   16360480
                6619      52472     179577   16370152
                6627      52536     180065   16379816
                6634      52592     180350   16389488
                6640      52640     180659   16399168
                6645      52680     181299   16408832
                6654      52752     181744   16418536
                6660      52800     182309   16431384
                6665      52840     182716   16441072
                6672      52896     183370   16450736
                6680      52960     184058   16460400
                6688      53024     184350   16470088
                6693      53064     184727   16479752
                6699      53112     185204   16489424
                6704      53152     185929   16499096
                6708      53184     186459   16508776
                6716      53248     186928   16518448
                6721      53288     187419   16528160
                6726      53328     187924   16537824
                6739      53432     189037   16550696
sda1          reads   read sectors  writes    requested writes
                6746      53488     189694   16563584
                6754      53552     190417   16576488
                6762      53616     191356   16586200
                6769      53672     192630   16599048
                6776      53728     193172   16608728
                6783      53784     194178   16621648
                6792      53856     194826   16634520
                6800      53920     195160   16647440
                6808      53984     196035   16657136
