sda1          reads   read sectors  writes    requested writes
                4078      32180      88242    9567168
                4086      32244      88805    9575448
                4099      32348      89417    9582184
                4110      32436      90014    9588864
                4122      32532      90498    9593920
                4131      32604      90897    9599032
                4147      32732      91466    9605744
                4160      32836      91900    9610832
                4173      32940      92479    9617536
                4183      33020      92863    9622600
                4196      33124      93326    9627696
                4212      33252      93849    9634400
                4223      33340      94341    9639520
                4234      33428      95153    9647888
                4251      33564      95725    9654632
                4261      33644      96154    9659696
                4273      33740      96725    9666456
                4284      33828      97138    9671544
                4290      33876      97771    9678232
                4301      33964      98219    9683360
                4313      34060      98836    9690032
sda1          reads   read sectors  writes    requested writes
                4326      34164      99427    9696800
                4339      34268      99852    9701856
                4350      34356     100288    9706896
                4363      34460     100739    9712016
                4373      34540     101376    9718728
                4388      34660     101892    9723792
                4396      34724     102506    9730520
                4407      34812     102957    9735648
