sda1          reads   read sectors  writes    requested writes
                6185      49006     164312   15139488
                6201      49134     164615   15152408
                6215      49246     165089   15165304
                6222      49302     165559   15175000
                6230      49366     165922   15184704
                6237      49422     166201   15194392
                6244      49478     166488   15204120
                6256      49574     167009   15217056
                6265      49646     167460   15226800
                6275      49726     167752   15236552
                6284      49798     168123   15246272
                6293      49870     168594   15256056
                6309      49998     169065   15268992
                6320      50086     169532   15278776
                6329      50158     170162   15291704
                6343      50270     170514   15304688
                6357      50382     170943   15314464
                6377      50542     171294   15327456
                6395      50686     172064   15340416
                6410      50806     172584   15353408
                6426      50934     173253   15366328
sda1          reads   read sectors  writes    requested writes
                6437      51022     173687   15379304
                6449      51118     174039   15389032
                6462      51222     174494   15398824
                6479      51358     175523   15411760
                6495      51486     175970   15424752
                6508      51590     176412   15437784
                6526      51734     177058   15453952
                6534      51798     177529   15463752
