sda1          reads   read sectors  writes    requested writes
                4471      35318     104055   10619488
                4484      35422     104513   10626128
                4499      35542     105168   10632744
                4509      35622     105728   10639408
                4524      35742     106277   10646056
                4532      35806     106728   10651080
                4548      35934     107341   10657760
                4559      36022     107832   10662792
                4569      36102     108334   10667896
                4581      36198     108927   10674552
                4599      36342     109491   10681264
                4616      36478     109995   10687968
                4633      36614     110410   10693000
                4648      36734     110852   10698032
                4663      36854     111259   10703128
                4675      36950     111689   10708176
                4694      37102     112315   10714872
                4705      37190     112864   10721552
                4717      37286     113303   10726592
                4732      37406     113742   10731616
                4746      37518     114428   10738376
sda1          reads   read sectors  writes    requested writes
                4762      37646     115102   10745104
                4774      37742     115664   10751832
                4792      37886     116325   10760168
                4812      38046     117082   10766880
                4826      38158     117535   10771984
                4848      38334     118269   10778656
                4860      38430     119107   10785360
