sda1          reads   read sectors  writes    requested writes
                5223      41322     135797   12720320
                5240      41458     136470   12736504
                5254      41570     136849   12746296
                5267      41674     137287   12756072
                5278      41762     137731   12765872
                5288      41842     138190   12775712
                5299      41930     138589   12785456
                5313      42042     138985   12795312
                5326      42146     139598   12808296
                5337      42234     139982   12818104
                5348      42322     140305   12827888
                5360      42418     140696   12837680
                5374      42530     140988   12847480
                5385      42618     141468   12857264
                5397      42714     141842   12867128
                5414      42850     142330   12876920
                5419      42890     142686   12886696
                5438      43042     143184   12899704
                5449      43130     143678   12909488
                5462      43234     144135   12919352
                5480      43378     144699   12932336
sda1          reads   read sectors  writes    requested writes
                5491      43466     145072   12942128
                5503      43562     145429   12951936
                5515      43658     145837   12961776
                5532      43794     146124   12971576
                5544      43890     146616   12984576
                5556      43986     147028   12994376
                5568      44082     147418   13004240
                5582      44194     147832   13017216
                5586      44226     148051   13023760
                5600      44338     148389   13033608
                5618      44482     148854   13046600
