sda1          reads   read sectors  writes    requested writes
                3539      27874      72586    8513456
                3557      28018      72982    8520104
                3570      28122      73369    8525224
                3589      28274      73964    8531968
                3604      28394      74384    8537072
                3618      28506      74774    8542168
                3633      28626      75239    8547256
                3647      28738      75692    8552424
                3667      28898      76330    8559232
                3691      29090      76861    8565968
                3703      29186      77364    8571112
                3717      29298      77867    8576160
                3735      29442      78373    8582960
                3750      29562      78777    8588072
                3764      29674      79219    8593224
                3777      29778      79808    8598312
                3793      29906      80374    8605064
                3807      30018      80773    8610216
                3825      30162      81315    8616976
                3841      30290      81703    8622136
                3854      30394      82117    8627208
sda1          reads   read sectors  writes    requested writes
                3872      30538      82665    8633968
                3887      30658      83142    8639136
                3901      30770      83585    8644232
                3920      30922      84247    8650968
                3935      31042      84849    8657768
                3949      31154      85304    8662864
                3969      31314      85713    8667976
                3985      31442      86140    8673072
                3999      31554      86634    8678216
                4013      31666      87145    8683328
