sda1          reads   read sectors  writes    requested writes
                1352      10588      23450    3688352
                1366      10700      23743    3690752
                1380      10812      23982    3692664
                1391      10900      24221    3694576
                1395      10932      24401    3696016
                1405      11012      24640    3697928
                1415      11092      24824    3699400
                1427      11188      25007    3700864
                1436      11260      25242    3702744
                1449      11364      25426    3704216
                1458      11436      25661    3706096
                1468      11516      25845    3707568
                1479      11604      26022    3708984
                1494      11724      26208    3710472
                1506      11820      26443    3712352
                1518      11916      26622    3713784
                1530      12012      26862    3715704
                1541      12100      27045    3717168
                1547      12148      27282    3719064
                1558      12236      27463    3720512
                1570      12332      27646    3721976
sda1          reads   read sectors  writes    requested writes
                1586      12460      27882    3723864
                1591      12500      28061    3725296
                1601      12580      28241    3726736
                1611      12660      28420    3728168
                1625      12772      28608    3729672
                1637      12868      28843    3731552
                1651      12980      29082    3733464
                1663      13076      29266    3734936
