sda1          reads   read sectors  writes    requested writes
                 493       3842       8679    1819872
                 505       3938       8972    1822296
                 515       4018       9215    1824240
                 525       4098       9526    1826728
                 534       4170       9840    1829240
                 544       4250      10104    1831352
                 558       4362      10416    1833848
                 574       4490      10735    1836400
                 589       4610      11054    1838952
                 602       4714      11309    1840992
                 614       4810      11567    1843056
                 627       4914      11886    1845608
                 640       5018      12205    1848160
                 652       5114      12524    1850712
                 663       5202      12787    1852816
                 673       5282      13038    1854824
                 685       5378      13234    1856392
                 698       5482      13484    1858392
                 707       5554      13676    1859928
                 717       5634      13872    1861496
                 736       5786      14125    1863520
sda1          reads   read sectors  writes    requested writes
                 746       5866      14316    1865048
                 760       5978      14506    1866584
                 769       6050      14697    1868112
                 784       6170      14952    1870152
