sda1          reads   read sectors  writes    requested writes
                2805      22110      50911    6569456
                2816      22198      51355    6573856
                2831      22318      51844    6578216
                2845      22430      52300    6582592
                2858      22534      52820    6587008
                2874      22662      53270    6591472
                2886      22758      53665    6595104
                2899      22862      54146    6599536
                2908      22934      54442    6602216
                2916      22998      54759    6604928
                2933      23134      55156    6608528
                2945      23230      55547    6612064
                2956      23318      55844    6614752
                2968      23414      56237    6618344
                2979      23502      56514    6621032
                2990      23590      56791    6623704
                3000      23670      57096    6626384
                3009      23742      57396    6629080
                3026      23878      57767    6632656
                3040      23990      58074    6635416
                3054      24102      58445    6638952
sda1          reads   read sectors  writes    requested writes
                3068      24214      58748    6641680
                3080      24310      59082    6645200
                3089      24382      59317    6647880
                3102      24486      59726    6651456
                3111      24558      59993    6654160
                3124      24662      60239    6656896
