sda1          reads   read sectors  writes    requested writes
                3207      25272      61494    7542504
                3225      25416      61951    7546856
                3235      25496      62350    7550328
                3242      25552      62641    7553000
                3249      25608      63059    7556448
                3259      25688      63449    7559928
                3266      25744      63772    7562600
                3275      25816      64162    7566072
                3282      25872      64459    7568648
                3289      25928      64777    7571312
                3299      26008      65274    7575624
                3310      26096      65770    7579992
                3317      26152      66179    7583480
                3329      26248      66573    7586960
                3336      26304      66880    7589600
                3349      26408      67373    7593944
                3356      26464      67757    7597424
                3367      26552      68268    7601792
                3375      26616      68661    7605272
                3388      26720      69085    7608776
                3396      26784      69383    7611384
sda1          reads   read sectors  writes    requested writes
                3412      26912      69781    7614864
                3422      26992      70099    7617488
                3433      27080      70502    7620968
                3444      27168      70819    7623608
                3459      27288      71210    7627072
                3464      27328      71499    7629680
