sda1          reads   read sectors  writes    requested writes
                 863       6700      16117    2754544
                 875       6796      16352    2756496
                 891       6924      16589    2758392
                 900       6996      16771    2759848
                 911       7084      17012    2761776
                 921       7164      17193    2763224
                 932       7252      17375    2764680
                 944       7348      17570    2766240
                 960       7476      17817    2768216
                 979       7628      18011    2769768
                 996       7764      18257    2771736
                1007       7852      18452    2773296
                1023       7980      18698    2775264
                1041       8124      18897    2776856
                1051       8204      19082    2778336
                1064       8308      19267    2779816
                1077       8412      19518    2781824
                1091       8524      19713    2783384
                1108       8660      19959    2785352
                1121       8764      20148    2786864
                1134       8868      20337    2788376
sda1          reads   read sectors  writes    requested writes
                1151       9004      20531    2789928
                1169       9148      20778    2791904
                1181       9244      20967    2793416
                1193       9340      21155    2794920
                1209       9468      21342    2796416
                1222       9572      21539    2797992
                1237       9692      21785    2799960
                1248       9780      21974    2801472
                1263       9900      22162    2802976
                1276      10004      22354    2804512
