sda1          reads   read sectors  writes    requested writes
                1744      13676      30526    4620112
                1755      13764      30804    4623672
                1778      13948      31112    4627216
                1791      14052      31352    4630000
                1806      14172      31593    4632752
                1823      14308      31921    4636416
                1848      14508      32231    4640104
                1865      14644      32538    4643776
                1876      14732      32769    4646528
                1895      14884      33119    4650136
                1913      15028      33425    4653800
                1927      15140      33655    4656552
                1944      15276      33984    4660232
                1961      15412      34226    4663040
                1976      15532      34459    4665792
                1994      15676      34856    4670344
                2008      15788      35100    4673152
                2029      15956      35405    4676760
                2053      16148      35814    4681336
                2073      16308      36121    4685008
                2096      16492      36460    4688752
sda1          reads   read sectors  writes    requested writes
                2111      16612      36767    4692416
                2136      16812      37163    4696952
                2155      16964      37481    4700632
                2174      17116      37780    4704304
                2194      17276      38099    4708040
                2215      17444      38434    4711688
