sda1          reads   read sectors  writes    requested writes
                4928      38968     120327   11670944
                4938      39048     120798   11677584
                4951      39152     121212   11682568
                4959      39216     121749   11689152
                4965      39264     122161   11694152
                4971      39312     122635   11699096
                4978      39368     123090   11704080
                4985      39424     123522   11709064
                4993      39488     124111   11715648
                5001      39552     124533   11720616
                5007      39600     124972   11725624
                5014      39656     125398   11730576
                5021      39712     125829   11735528
                5029      39776     126270   11740480
                5036      39832     126730   11745448
                5043      39888     127176   11750408
                5049      39936     127553   11755368
                5058      40008     128142   11762008
                5065      40064     128679   11766976
                5076      40152     129130   11771944
                5084      40216     129540   11776920
sda1          reads   read sectors  writes    requested writes
                5091      40272     130022   11783520
                5098      40328     130489   11788536
                5106      40392     131000   11795136
                5114      40456     131434   11800120
                5118      40488     132038   11806712
                5125      40544     132443   11811696
                5134      40616     133018   11818296
                5141      40672     133532   11823280
                5148      40728     134002   11828248
                5154      40776     134379   11833208
