sda1          reads   read sectors  writes    requested writes
                 137       1018       1046     883728
                 148       1106       1291     885688
                 156       1170       1479     887192
                 164       1234       1735     889240
                 170       1282       1926     890768
                 175       1322       2124     892352
                 182       1378       2315     893880
                 189       1434       2513     895464
                 200       1522       2769     897512
                 211       1610       2973     899144
                 223       1706       3237     901256
                 234       1794       3493     903304
                 247       1898       3756     905408
                 260       2002       4022     907536
                 270       2082       4226     909168
                 282       2178       4482     911216
                 298       2306       4746     913328
                 311       2410       5009     915432
                 319       2474       5215     917080
                 331       2570       5542     919696
                 346       2690       5798     921744
sda1          reads   read sectors  writes    requested writes
                 355       2762       6068     923904
                 364       2834       6332     926016
                 374       2914       6589     928072
                 389       3034       6919     930712
                 405       3162       7248     933344
                 419       3274       7518     935504
