sda1          reads   read sectors  writes    requested writes
               41135     328288     306529   29544224
               41344     329960     306911   29584304
               41504     331240     307251   29624304
               41664     332520     307591   29664304
               41857     334064     307999   29712304
               42017     335344     308339   29752304
               42115     336128     308935   29985384
               42454     338840     309323   30025264
               42646     340376     309731   30073264
               42806     341656     310071   30113264
               42956     342856     310411   30153264
               43086     343896     311266   30393712
               43322     345784     311632   30433712
               43482     347064     311972   30473712
               43642     348344     312312   30513712
               43834     349880     312720   30561712
               44093     351952     313343   30794976
               44253     353232     313683   30834976
               44655     356448     314106   30874976
               44815     357728     314446   30914976
