sda1          reads   read sectors  writes    requested writes
               45035     359290     317241   32014416
               45300     361410     317658   32054496
               45396     362178     318131   32102496
               45492     362946     318539   32150496
               45559     363482     318947   32198496
               45770     365170     319325   32238496
               46044     367362     319864   32384544
               46140     368130     320272   32432544
               46204     368642     320612   32472544
               46311     369498     321020   32520544
               46407     370266     321379   32560544
               46494     370962     321865   32707632
               46625     372010     322273   32755632
               47162     376306     322832   32795632
               47258     377074     323240   32843632
               47354     377842     323647   32891632
               47423     378394     324123   33036264
               47519     379162     324463   33076264
               47615     379930     324871   33124264
