sda1          reads   read sectors  writes    requested writes
              102333     818340     161871   16986352
              102348     818460     162113   16988320
              102359     818548     162352   16990232
              102367     818612     162536   16991704
              102379     818708     162850   16994216
              102389     818788     163164   16996728
              102409     818948     163486   16999304
              102422     819052     163741   17001344
              102439     819188     164060   17003896
              102456     819324     164380   17006456
              102468     819420     164642   17008552
              102484     819548     164963   17011120
              102502     819692     165280   17013656
              102517     819812     165594   17016168
              102536     819964     165922   17018792
              102552     820092     166243   17021360
              102573     820260     166560   17023896
              102590     820396     166874   17026408
              102608     820540     167136   17028504
              102622     820652     167450   17031016
              102643     820820     167770   17033576
sda1          reads   read sectors  writes    requested writes
              102657     820932     168032   17035672
