sda1          reads   read sectors  writes    requested writes
              105451     843242     240773   23883256
              105466     843362     241393   23891520
              105476     843442     241789   23896512
              105485     843514     242237   23901512
              105494     843586     242757   23908160
              105501     843642     243201   23913160
              105509     843706     243608   23918200
              105520     843794     244141   23924872
              105533     843898     244546   23929960
              105545     843994     245053   23936632
              105557     844090     245493   23941712
              105569     844186     246026   23948392
              105583     844298     246581   23955096
              105594     844386     246954   23960176
              105606     844482     247548   23966896
              105616     844562     248049   23973568
              105630     844674     248474   23978640
              105641     844762     249023   23985320
              105651     844842     249579   23992032
              105659     844906     250027   23997056
              105668     844978     250490   24002144
sda1          reads   read sectors  writes    requested writes
              105679     845066     251058   24008832
              105690     845154     251471   24013904
              105701     845242     252014   24020576
              105713     845338     252406   24025632
              105722     845410     252793   24030648
              105731     845482     253202   24035752
              105740     845554     253689   24040784
              105755     845674     254285   24047456
