sda1          reads   read sectors  writes    requested writes
              105824     846220     255667   24934712
              105843     846372     256400   24947696
              105866     846556     257013   24960688
              105874     846620     257394   24970464
              105886     846716     257712   24980328
              105902     846844     258444   24993312
              105916     846956     258812   25003168
              105934     847100     259267   25016168
              105947     847204     259629   25025960
              105962     847324     260022   25035816
              105976     847436     260549   25048864
              105994     847580     260942   25058664
              106002     847644     261370   25068440
              106009     847700     261663   25078240
              106031     847876     261965   25088040
              106040     847948     262644   25097768
              106061     848116     262944   25107568
              106081     848276     263451   25120616
              106099     848420     263779   25130408
              106120     848588     264317   25143480
              106136     848716     264675   25153256
sda1          reads   read sectors  writes    requested writes
              106152     848844     265210   25166328
              106167     848964     265657   25176104
              106183     849092     266168   25189168
              106199     849220     266543   25198968
              106216     849356     267209   25208832
              106240     849548     268277   25221832
              106255     849668     268669   25231608
              106272     849804     268977   25241408
              106286     849916     269285   25251192
              106302     850044     269712   25261056
