sda1          reads   read sectors  writes    requested writes
              103588     828362     187834   19830248
              103601     828466     188198   19833776
              103618     828602     188574   19837256
              103628     828682     188988   19840856
              103646     828826     189378   19844464
              103662     828954     189795   19848072
              103677     829074     190204   19851704
              103689     829170     190639   19855312
              103705     829298     190931   19858032
              103716     829386     191362   19861600
              103728     829482     191682   19864344
              103744     829610     192097   19867952
              103759     829730     192529   19871576
              103774     829850     192955   19875136
              103789     829970     193290   19877912
              103807     830114     193717   19881520
              103828     830282     194133   19885128
              103844     830410     194543   19888688
              103859     830530     194863   19891440
              103874     830650     195277   19895008
              103888     830762     195602   19897800
sda1          reads   read sectors  writes    requested writes
              103903     830882     195913   19900488
              103921     831026     196306   19904048
              103934     831130     196709   19907672
              103949     831250     197019   19910376
              103961     831346     197350   19913120
              103977     831474     197749   19916696
              103987     831554     198072   19919392
