sda1          reads   read sectors  writes    requested writes
              103113     824568     176649   18854832
              103133     824728     177131   18859240
              103149     824856     177536   18862880
              103162     824960     177835   18865632
              103176     825072     178254   18869248
              103193     825208     178653   18872920
              103207     825320     178959   18875744
              103222     825440     179368   18879352
              103235     825544     179675   18882160
              103250     825664     180082   18885824
              103267     825800     180520   18889488
              103283     825928     180930   18893104
              103294     826016     181252   18895928
              103312     826160     181638   18899544
              103326     826272     181916   18902352
              103340     826384     182302   18905976
              103353     826488     182611   18908784
              103371     826632     182993   18912400
              103387     826760     183390   18916112
              103406     826912     183773   18919728
              103421     827032     184081   18922488
sda1          reads   read sectors  writes    requested writes
              103434     827136     184377   18925248
              103447     827240     184668   18928056
              103463     827368     185085   18931672
              103476     827472     185386   18934496
              103492     827600     185785   18938104
              103504     827696     186136   18940912
              103517     827800     186539   18944576
