sda1          reads   read sectors  writes    requested writes
              104059     832124     199273   20804176
              104075     832252     199739   20808536
              104081     832300     200051   20811152
              104095     832412     200477   20814672
              104109     832524     200797   20817344
              104125     832652     201195   20820824
              104138     832756     201512   20823560
              104156     832900     201825   20826248
              104167     832988     202127   20828904
              104181     833100     202569   20832504
              104197     833228     202974   20836032
              104214     833364     203299   20838760
              104230     833492     203727   20842312
              104242     833588     204058   20845056
              104256     833700     204454   20848584
              104271     833820     204789   20851264
              104285     833932     205224   20854848
              104296     834020     205541   20857520
              104312     834148     205945   20861104
              104326     834260     206268   20863800
              104338     834356     206581   20866488
sda1          reads   read sectors  writes    requested writes
              104358     834516     206985   20870080
              104375     834652     207395   20873672
              104391     834780     207691   20876344
              104403     834876     208082   20879920
              104418     834996     208493   20883504
              104433     835116     208890   20887080
              104451     835260     209196   20889816
              104469     835404     209569   20893344
