sda1          reads   read sectors  writes    requested writes
              106812     854112     283914   27353800
              106822     854192     284312   27366720
              106838     854320     285035   27379616
              106843     854360     285394   27389360
              106855     854456     285725   27402280
              106864     854528     286065   27415216
              106879     854648     286480   27428128
              106891     854744     286736   27437912
              106909     854888     287220   27450864
              106925     855016     287634   27467080
              106933     855080     288004   27476872
              106949     855208     288373   27486600
              106963     855320     288892   27499536
              106975     855416     289566   27509256
              106990     855536     289903   27519000
              107007     855672     290351   27531968
              107018     855760     290769   27541768
              107039     855928     291182   27554688
              107051     856024     291545   27564408
              107065     856136     291961   27574136
              107083     856280     292271   27583944
sda1          reads   read sectors  writes    requested writes
              107098     856400     292686   27596856
              107115     856536     293140   27609840
              107130     856656     293512   27619656
              107145     856776     293996   27629408
              107157     856872     294469   27642312
              107172     856992     294760   27652056
              107186     857104     295071   27661864
              107202     857232     295366   27671536
