sda1          reads   read sectors  writes    requested writes
              104999     839632     225569   22830936
              105017     839776     226181   22839256
              105029     839872     226876   22847576
              105044     839992     227582   22855992
              105063     840144     228208   22862744
              105081     840288     228738   22869512
              105090     840360     229268   22876312
              105103     840464     229935   22884680
              105121     840608     230515   22891424
              105135     840720     230879   22896544
              105153     840864     231390   22903224
              105161     840928     231831   22908320
              105177     841056     232445   22915024
              105193     841184     233001   22921776
              105207     841296     233542   22928528
              105218     841384     233977   22933648
              105238     841544     234505   22940320
              105254     841672     235198   22947064
              105271     841808     235570   22952120
              105286     841928     236213   22958880
              105302     842056     236675   22965624
sda1          reads   read sectors  writes    requested writes
              105314     842152     237123   22970664
              105324     842232     237718   22977432
              105338     842344     238089   22982496
              105356     842488     238632   22989240
              105375     842640     239245   22995968
