sda1          reads   read sectors  writes    requested writes
              104535     835926     210671   21777224
              104551     836054     211239   21785536
              104565     836166     211671   21790632
              104576     836254     212162   21795800
              104589     836358     212725   21802536
              104599     836438     213204   21807624
              104612     836542     213602   21812720
              104628     836670     214013   21817832
              104640     836766     214476   21822936
              104655     836886     214886   21828096
              104666     836974     215457   21834824
              104682     837102     215928   21839992
              104693     837190     216512   21846728
              104706     837294     216985   21851896
              104719     837398     217604   21858640
              104733     837510     218100   21865424
              104746     837614     218757   21872232
              104761     837734     219268   21879040
              104778     837870     219791   21885904
              104796     838014     220284   21892680
              104813     838150     220877   21899488
sda1          reads   read sectors  writes    requested writes
              104835     838326     221416   21907432
              104852     838462     221929   21914736
              104869     838598     222530   21921536
              104888     838750     223045   21928384
              104907     838902     223644   21935200
              104922     839022     224239   21943624
