sda1          reads   read sectors  writes    requested writes
              101842     814418     154237   16050208
              101855     814522     154481   16052168
              101872     814658     154739   16054232
              101890     814802     155052   16056736
              101908     814946     155308   16058784
              101926     815090     155569   16060872
              101949     815274     155893   16063464
              101969     815434     156156   16065568
              101985     815562     156420   16067680
              102005     815722     156749   16070312
              102018     815826     157013   16072424
              102033     815946     157277   16074536
              102047     816058     157541   16076648
              102059     816154     157811   16078808
              102070     816242     158009   16080392
              102090     816402     158265   16082440
              102106     816530     158527   16084536
              102121     816650     158732   16086176
              102138     816786     158988   16088224
              102156     816930     159192   16089856
              102173     817066     159449   16091912
sda1          reads   read sectors  writes    requested writes
              102189     817194     159646   16093488
              102202     817298     159846   16095088
              102218     817426     160043   16096664
              102229     817514     160248   16098304
              102244     817634     160438   16099824
              102258     817746     160643   16101464
