sda1          reads   read sectors  writes    requested writes
              102730     821510     169318   17921024
              102743     821614     169607   17923432
              102755     821710     169848   17925360
              102762     821766     170094   17927328
              102770     821830     170331   17929224
              102779     821902     170515   17930696
              102789     821982     170763   17932680
              102804     822102     171015   17934696
              102818     822214     171266   17936704
              102833     822334     171517   17938712
              102843     822414     171707   17940232
              102858     822534     171896   17941744
              102870     822630     172088   17943280
              102880     822710     172275   17944776
              102890     822790     172470   17946336
              102905     822910     172716   17948304
              102916     822998     172911   17949864
              102927     823086     173157   17951832
              102938     823174     173410   17953856
              102953     823294     173606   17955424
              102964     823382     173850   17957376
sda1          reads   read sectors  writes    requested writes
              102973     823454     174042   17958912
              102983     823534     174294   17960928
              102997     823646     174605   17963416
              103007     823726     174793   17964920
              103019     823822     174988   17966480
              103030     823910     175177   17967992
              103044     824022     175424   17969968
