sda1          reads   read sectors  writes    requested writes
              106369     850574     270809   26144896
              106383     850686     271272   26157832
              106401     850830     271722   26170760
              106409     850894     272105   26180472
              106413     850926     272251   26187032
              106430     851062     272873   26200000
              106447     851198     273245   26213008
              106457     851278     273618   26222768
              106468     851366     273914   26232520
              106480     851462     274490   26245528
              106489     851534     274831   26255280
              106501     851630     275229   26265112
              106516     851750     275644   26278048
              106526     851830     276008   26287848
              106544     851974     276454   26300816
              106553     852046     276936   26310632
              106564     852134     277443   26323632
              106577     852238     277945   26336648
              106598     852406     278385   26349600
              106610     852502     278695   26359336
              106625     852622     279063   26369160
sda1          reads   read sectors  writes    requested writes
              106641     852750     279516   26382080
              106661     852910     280018   26395096
              106675     853022     280480   26408096
              106685     853102     280911   26417872
              106705     853262     281422   26430880
              106718     853366     281874   26440680
              106730     853462     282215   26453648
              106742     853558     282499   26463440
