procs -----------memory---------- ---swap-- -----io---- -system-- ----cpu----
 r  b   swpd   free   buff  cache   si   so    bi    bo   in   cs us sy id wa
 6  0      0 6589600  28900 979360    0    0  2040  3813  395  404  2  4 92  2
 1  1      0 6558192  28944 1001188    0    0  3724  6040 2844 3251  1  5 91  2
 0  0      0 6554192  28964 1006064    0    0  3564  5000 4356 3118  2  6 91  2
 0  0      0 6550240  28988 1009980    0    0  4372  6000 2465 3474  2  5 92  1
 0  0      0 6546288  29016 1013836    0    0  4436  6080 2504 3489  2  4 93  1
 1  0      0 6553200  29040 1007436    0    0  4720  6000 2570 3611  1  6 91  1
 1  0      0 6539228  29076 1020716    0    0  4104  6144 2428 3262  2  6 92  1
 1  1      0 6535104  29100 1024028    0    0  3524  6000 2246 3002  1  5 92  1
 0  0      0 6531492  29124 1028264    0    0  3840  5060 2242 3188  3  4 92  1
 0  0      0 6519372  29148 1039960    0    0  3920  6000 5054 3243  2  5 89  3
 2  0      0 6524388  29176 1034292    0    0  4568  6000 2545 3510  1  6 91  1
 1  0      0 6521556  29208 1037208    0    0  3408  6152 2231 2993  3  5 91  1
 1  0      0 6518728  29236 1041132    0    0  3732  6000 2268 3122  2  4 92  2
 0  1      0 6503096  29260 1055676    0    0  4280  6056 2454 3354  3  6 90  1
 2  1      0 6499196  29284 1059344    0    0  3924  6000 2340 3210  2  5 92  1
 0  0      0 6487412  29308 1071636    0    0  3628  5000 10823 4121  1  8 87  4
 0  0      0 6483328  29340 1075452    0    0  4580  6156 2600 3572  2  6 90  2
 1  0      0 6490744  29364 1067712    0    0  4556  6000 2538 3531  1  6 91  1
