procs -----------memory---------- ---swap-- -----io---- -system-- ----cpu----
 r  b   swpd   free   buff  cache   si   so    bi    bo   in   cs us sy id wa
 3  0      0 6266420  28900 1028208    0    0  1481  4948  580  516  2  4 91  3
 1  1      0 6244424  28928 1051004    0    0  2576 12040 2332 2623  2  5 92  1
 0  0      0 6239300  28944 1055740    0    0  3480 10000 5171 2988  1  8 88  3
 1  0      0 6237448  28956 1057436    0    0  3692 12000 2500 3097  2  5 91  1
 0  1      0 6228588  28968 1064624    0    0  3408 12080 2401 2879  2  6 91  0
 0  0      0 6225604  28976 1069012    0    0  2568 10000 2094 2529  3  4 92  1
 0  0      0 6220328  29000 1074368    0    0  3028 12084 2336 2794  3  5 91  1
 0  0      0 6208036  29012 1086584    0    0  3704 12000 5573 3170  2  6 90  2
 1  0      0 6205232  29028 1088604    0    0  3616 12000 2471 2979  2  6 91  1
 1  0      0 6190088  29040 1103964    0    0  3972 10000 5928 3260  3  6 89  3
 0  0      0 6185244  29052 1109000    0    0  3428 12036 2436 2955  2  6 90  1
 0  0      0 6180384  29072 1113436    0    0  4268 12088 2898 3306  2  4 92  2
 1  0      0 6176012  29080 1116196    0    0  2600 10000 2013 2545  1  5 92  1
 3  0      0 6163152  29096 1128852    0    0  3616 12468 10434 4456  2  9 86  4
 0  0      0 6160120  29108 1133452    0    0  3704 11532 2453 3087  1  6 91  2
 0  0      0 6155236  29120 1138664    0    0  3240 12036 2280 2863  2  5 91  2
 3  0      0 6157724  29140 1135576    0    0  3824 12092 2466 3143  1  6 91  2
 1  0      0 6152252  29152 1140028    0    0  2316 12000 1993 2353  2  6 91  1
