sda1          reads   read sectors  writes    requested writes
               92525     739900     128085   10970744
               92655     740940     128438   11010824
               92815     742220     128778   11050824
               92975     743500     129118   11090824
               93167     745036     129526   11138824
               93327     746316     129866   11178824
               94457     755356     130309   11219104
               94669     757052     130685   11259104
               94829     758332     131090   11304384
               95019     759852     131433   11347104
               95234     761572     131810   11387104
               95615     764620     132237   11427392
               95927     767116     132640   11467392
               96453     771324     133061   11507392
               96613     772604     133401   11547392
               96858     774564     133817   11595392
               97019     775852     134191   11635672
               97205     777340     134530   11675672
               97366     778628     134871   11715672
               97558     780164     135279   11763672
