procs -----------memory---------- ---swap-- -----io---- -system-- ----cpu----
 r  b   swpd   free   buff  cache   si   so    bi    bo   in   cs us sy id wa
 5  0      0 6129572  28900 1053676    0    0  1312  5371  624  529  2  5 90  3
 1  0      0 6080856  28940 1092512    0    0   520 20040 3209 1643  3  7 88  2
 0  0      0 6061000  28960 1112568    0    0   640 20000 1069 1518  2  6 90  1
 1  0      0 6039688  28980 1132008    0    0   640 20000 1060 1482  3  5 90  1
 0  0      0 6016244  29004 1155828    0    0   768 24080 1200 1611  3  6 89  1
 0  0      0 5996116  29028 1175676    0    0   640 20000 1100 1569  3  8 89  1
 0  0      0 5977864  29064 1193104    0    0  4520 20140 2128 3443  3  6 88  2
 0  0      0 5957588  29084 1212696    0    0   848 20000 1147 1611  3  5 90  1
 1  1      0 5933336  29108 1232368    0    0   648 24000 1136 1528  3  7 89  1
 1  0      0 5924236  29132 1244892    0    0   752 20036 1088 1594  2  7 89  1
 2  0      0 5895768  29152 1272516    0    0   860 20000 8975 2644  3  8 84  4
 0  0      0 5864580  29184 1302964    0    0  1524 20144 1403 1988  4  5 89  1
 0  0      0 5844684  29208 1322280    0    0  1248 20000 1273 1797  2  6 90  1
 0  0      0 5825416  29228 1340932    0    0  2104 20000 1474 2207  2  6 90  2
 1  1      0 5801708  29252 1360460    0    0   644 24036 1119 1498  2  6 91  1
 1  0      0 5780392  29276 1383916    0    0   976 20000 1139 1667  2  6 90  2
 0  0      0 5760860  29304 1403712    0    0   644 20140 1124 1561  2  8 89  1
 1  0      0 5740344  29328 1423244    0    0   744 20000 1102 1556  2  5 91  1
 1  0      0 5720008  29352 1442856    0    0   644 20000 1063 1507  2  5 92  1
 1  1      0 5698664  29376 1455396    0    0   768 24036 3108 1717  3  7 88  1
