sda1          reads   read sectors  writes    requested writes
               45467     363598      76707    7103384
               46294     370214      77335    7123464
               47607     380718      78075    7143464
               49063     392366      79006    7167464
               50459     403534      79784    7187464
               51835     414542      80555    7207464
               53634     428934      81606    7231736
               55137     440958      82503    7251736
               56615     452782      83321    7271736
               58065     464382      84162    7291736
               59448     475446      85135    7314576
               60912     487158      85959    7336024
               62256     497910      86750    7356024
               63639     508974      87747    7380024
               65183     521326      88454    7400024
               66296     530230      89199    7420024
               67703     541486      90091    7444320
               69197     553438      90844    7464320
               70455     563502      91583    7484320
