procs -----------memory---------- ---swap-- -----io---- -system-- ----cpu----
 r  b   swpd   free   buff  cache   si   so    bi    bo   in   cs us sy id wa
 2  0      0 6433696  28900 1009148    0    0  1506  4649  517  460  2  4 91  3
 0  0      0 6404564  28940 1034768    0    0  3308 10040 4337 3029  2  5 89  4
 1  0      0 6395604  28960 1042324    0    0  5252 10000 2650 3832  3  5 90  2
 1  0      0 6387932  28984 1051444    0    0  5824 12000 2979 4143  2  6 89  3
 0  0      0 6380228  29008 1058464    0    0  5584 10000 2767 3983  1  6 91  2
 1  0      0 6372952  29028 1065948    0    0  5504 10076 2749 3950  1  4 92  2
 1  0      0 6363844  29064 1074276    0    0  7196 12136 3430 4800  2  6 89  3
 0  0      0 6356876  29088 1081348    0    0  6012 10000 2992 4273  2  5 90  3
 0  0      0 6349636  29108 1088488    0    0  5912 10000 2866 4138  1  4 91  3
 0  0      0 6334384  29128 1103516    0    0  5800 10000 5755 4126  2  5 88  4
 1  1      0 6317352  29152 1117676    0    0  5628 12036 11189 5109  2  7 85  6
 1  0      0 6313980  29184 1123440    0    0  5760 10144 2858 4162  3  6 89  2
 0  0      0 6302004  29216 1135244    0    0  5376 10000 2729 3907  3  5 90  2
 2  0      0 6293728  29240 1140984    0    0  5800 12000 2978 4074  2  5 91  2
 1  0      0 6291952  29260 1145052    0    0  5908 10000 2826 4242  3  6 89  2
 0  0      0 6277684  29284 1158732    0    0  4452 10036 2435 3390  3  4 90  2
 0  1      0 6268824  29316 1166096    0    0  6188 12148 3023 4301  2  5 90  4
 0  0      0 6261328  29336 1174900    0    0  5416 10000 2720 3960  3  6 89  2
 0  0      0 6245496  29360 1190296    0    0  5032 10000 5252 3750  3  5 89  2
