sda1          reads   read sectors  writes    requested writes
               31206     249228     146005   26144392
               31220     249340     146282   26157328
               31236     249468     146554   26170256
               31247     249556     146775   26180032
               31262     249676     147051   26192992
               31273     249764     147262   26202744
               31281     249828     147485   26212560
               31293     249924     147766   26225512
               31311     250068     148049   26238528
               31323     250164     148272   26248336
               31337     250276     148608   26261568
               31349     250372     148869   26274352
               31365     250500     149148   26287304
               31376     250588     149371   26297112
               31392     250716     149656   26310072
               31407     250836     149935   26323072
               31420     250940     150152   26332832
               31431     251028     150369   26342592
               31442     251116     150652   26355576
               31453     251204     150863   26365336
               31469     251332     151154   26378344
sda1          reads   read sectors  writes    requested writes
               31481     251428     151369   26388144
               31494     251532     151658   26401160
               31511     251668     151872   26410904
               31526     251788     152160   26423912
               31539     251892     152437   26436864
               31550     251980     152655   26446648
               31562     252076     152875   26456432
               31579     252212     153150   26469400
