sda1          reads   read sectors  writes    requested writes
               22716     181356      90277   17920520
               22725     181428      90474   17922440
               22735     181508      90623   17923888
               22743     181572      90814   17925824
               22752     181644      91007   17927752
               22759     181700      91191   17929680
               22767     181764      91390   17931688
               22782     181884      91593   17933696
               22797     182004      91791   17935704
               22807     182084      91945   17937264
               22816     182156      92144   17939272
               22829     182260      92334   17941240
               22838     182332      92495   17942832
               22851     182436      92696   17944840
               22865     182548      92892   17946792
               22876     182636      93091   17948808
               22892     182764      93295   17950816
               22900     182828      93450   17952328
               22913     182932      93651   17954352
               22926     183036      93858   17956360
               22934     183100      94012   17957880
sda1          reads   read sectors  writes    requested writes
               22947     183204      94217   17959888
               22958     183292      94420   17961896
               22966     183356      94582   17963472
               22980     183468      94778   17965440
               22988     183532      94936   17967000
               22999     183620      95131   17968952
               23008     183692      95289   17970488
