sda1          reads   read sectors  writes    requested writes
               29063     232096     130672   23882752
               29075     232192     130956   23891016
               29085     232272     131185   23897672
               29095     232352     131473   23906008
               29105     232432     131703   23912656
               29120     232552     131993   23921024
               29133     232656     132236   23927792
               29152     232808     132531   23936128
               29170     232952     132767   23942880
               29183     233056     132998   23949552
               29198     233176     133236   23956304
               29211     233280     133527   23964664
               29220     233352     133772   23971440
               29233     233456     134006   23978136
               29248     233576     134246   23984872
               29261     233680     134480   23991576
               29277     233808     134707   23998240
               29292     233928     134945   24005000
               29308     234056     135174   24011680
               29316     234120     135416   24018440
               29327     234208     135709   24026808
sda1          reads   read sectors  writes    requested writes
               29342     234328     135943   24033528
               29357     234448     136176   24040240
               29372     234568     136414   24047000
