sda1          reads   read sectors  writes    requested writes
               25820     206170     109756   20803672
               25833     206274     109966   20807184
               25851     206418     110168   20810648
               25860     206490     110333   20813336
               25877     206626     110538   20816840
               25890     206730     110744   20820320
               25900     206810     110916   20823056
               25916     206938     111131   20826632
               25936     207098     111347   20830160
               25948     207194     111511   20832848
               25959     207282     111680   20835568
               25975     207410     111894   20839104
               25985     207490     112057   20841808
               25999     207602     112225   20844512
               26012     207706     112385   20847184
               26023     207794     112551   20849856
               26036     207898     112717   20852560
               26046     207978     112932   20856128
               26057     208066     113148   20859704
               26068     208154     113315   20862408
               26087     208306     113534   20865984
sda1          reads   read sectors  writes    requested writes
               26101     208418     113755   20869576
               26112     208506     113925   20872320
               26130     208650     114136   20875840
               26145     208770     114354   20879416
               26159     208882     114571   20883000
               26171     208978     114740   20885712
               26186     209098     114958   20889272
               26198     209194     115116   20891952
