sda1          reads   read sectors  writes    requested writes
               27985     223478     123581   22830432
               27999     223590     123868   22838712
               28015     223718     124101   22845400
               28031     223846     124338   22852128
               28047     223974     124579   22858872
               28060     224078     124763   22863968
               28075     224198     124946   22869064
               28098     224382     125239   22877432
               28116     224526     125480   22884176
               28129     224630     125667   22889288
               28143     224742     125900   22895984
               28155     224838     126085   22901072
               28172     224974     126326   22907816
               28185     225078     126560   22914520
               28202     225214     126802   22921272
               28219     225350     127043   22928024
               28235     225478     127281   22934768
               28251     225606     127522   22941496
               28271     225766     127764   22948248
               28288     225902     128006   22955000
               28303     226022     128195   22960120
sda1          reads   read sectors  writes    requested writes
               28319     226150     128433   22966840
               28338     226302     128672   22973616
               28362     226494     128911   22980344
               28379     226630     129206   22988736
               28395     226758     129445   22995464
