sda1          reads   read sectors  writes    requested writes
               24840     198336     103169   19829744
               24850     198416     103426   19834120
               24860     198496     103580   19836752
               24870     198576     103791   19840312
               24881     198664     103957   19843016
               24893     198760     104174   19846624
               24904     198848     104398   19850264
               24917     198952     104616   19853864
               24929     199048     104835   19857472
               24945     199176     105062   19861096
               24956     199264     105230   19863840
               24971     199384     105499   19868320
               24986     199504     105722   19871928
               25003     199640     105945   19875592
               25014     199728     106165   19879216
               25026     199824     106326   19881864
               25039     199928     106547   19885464
               25050     200016     106716   19888184
               25061     200104     106884   19890896
               25071     200184     107054   19893656
               25086     200304     107272   19897240
sda1          reads   read sectors  writes    requested writes
               25098     200400     107493   19900840
               25108     200480     107656   19903544
               25120     200576     107878   19907168
               25133     200680     108096   19910776
               25144     200768     108262   19913480
               25154     200848     108484   19917080
               25162     200912     108657   19919832
