sda1          reads   read sectors  writes    requested writes
               32240     257494     154255   27353296
               32256     257622     154668   27372656
               32274     257766     154877   27382384
               32282     257830     155150   27395272
               32290     257894     155429   27408200
               32297     257950     155637   27417896
               32312     258070     155924   27430864
               32322     258150     156143   27440664
               32335     258254     156493   27456832
               32343     258318     156717   27466632
               32358     258438     156995   27479600
               32368     258518     157211   27489360
               32379     258606     157440   27499096
               32390     258694     157716   27512000
               32401     258782     157998   27524984
               32411     258862     158207   27534704
               32421     258942     158492   27547680
               32432     259030     158710   27557488
               32445     259134     159010   27570400
               32451     259182     159228   27580176
               32461     259262     159508   27593112
sda1          reads   read sectors  writes    requested writes
               32471     259342     159733   27602904
               32483     259438     160012   27615824
               32495     259534     160235   27625640
               32507     259630     160515   27638576
               32515     259694     160734   27648344
               32526     259782     161022   27661360
               32536     259862     161296   27674272
