sda1          reads   read sectors  writes    requested writes
               26858     214468     116272   21776720
               26875     214604     116511   21783408
               26892     214740     116748   21790128
               26911     214892     117001   21796936
               26926     215012     117194   21802088
               26951     215212     117496   21810520
               26970     215364     117746   21817328
               26987     215500     117994   21824136
               27007     215660     118263   21830936
               27025     215804     118509   21837720
               27042     215940     118756   21844528
               27061     216092     119026   21851392
               27079     216236     119266   21858136
               27099     216396     119518   21864976
               27121     216572     119822   21873424
               27136     216692     120009   21878536
               27158     216868     120318   21887032
               27184     217076     120624   21895528
               27204     217236     120869   21902336
               27225     217404     121114   21909136
               27240     217524     121305   21914280
sda1          reads   read sectors  writes    requested writes
               27261     217692     121609   21922728
               27279     217836     121855   21929536
               27297     217980     122113   21936392
               27320     218164     122412   21944816
