sda1          reads   read sectors  writes    requested writes
               30042     239922     137631   24934208
               30056     240034     137972   24950392
               30075     240186     138263   24963440
               30099     240378     138554   24976496
               30116     240514     138795   24986360
               30134     240658     139080   24999400
               30158     240850     139437   25015664
               30180     241026     139729   25028728
               30202     241202     140020   25041776
               30223     241370     140313   25054840
               30241     241514     140605   25067888
               30260     241666     140830   25077736
               30284     241858     141111   25090744
               30302     242002     141399   25103792
               30322     242162     141690   25116856
               30346     242354     141980   25129904
               30361     242474     142198   25139712
               30379     242618     142493   25152808
               30399     242778     142778   25165824
               30422     242962     143065   25178864
               30443     243130     143357   25192016
sda1          reads   read sectors  writes    requested writes
               30461     243274     143649   25205048
               30483     243450     143948   25218128
               30508     243650     144250   25231160
               30523     243770     144535   25244176
               30541     243914     144825   25257216
