sda1          reads   read sectors  writes    requested writes
               23666     188950      96386   18854328
               23679     189054      96652   18858736
               23696     189190      96812   18861432
               23711     189310      96975   18864152
               23736     189510      97262   18868744
               23751     189630      97434   18871496
               23770     189782      97664   18875184
               23784     189894      97843   18877992
               23808     190086      98065   18881600
               23823     190206      98239   18884400
               23841     190350      98466   18888072
               23860     190502      98689   18891680
               23884     190694      98914   18895368
               23899     190814      99091   18898120
               23915     190942      99264   18900872
               23931     191070      99440   18903696
               23958     191286      99718   18908224
               23973     191406      99892   18910976
               23991     191550     100119   18914640
               24008     191686     100296   18917448
               24030     191862     100518   18921056
sda1          reads   read sectors  writes    requested writes
               24052     192038     100746   18924744
               24068     192166     100925   18927552
               24089     192334     101147   18931168
               24109     192494     101318   18933936
               24124     192614     101499   18936744
               24146     192790     101722   18940352
               24171     192990     101950   18944016
