sda1          reads   read sectors  writes    requested writes
               21755     173674      84048   16985848
               21765     173754      84240   16987816
               21777     173850      84432   16989728
               21784     173906      84587   16991248
               21795     173994      84832   16993712
               21803     174058      84991   16995264
               21813     174138      85189   16997272
               21824     174226      85396   16999312
               21834     174306      85555   17000880
               21846     174402      85760   17002888
               21857     174490      85967   17004928
               21866     174562      86122   17006456
               21878     174658      86333   17008520
               21894     174786      86544   17010616
               21908     174898      86792   17013112
               21920     174994      86998   17015160
               21929     175066      87155   17016688
               21939     175146      87315   17018232
               21949     175226      87480   17019832
               21962     175330      87683   17021816
               21971     175402      87843   17023392
sda1          reads   read sectors  writes    requested writes
               21986     175522      88044   17025392
               21997     175610      88198   17026928
               22007     175690      88406   17028976
               22018     175778      88569   17030552
               22034     175906      88820   17033072
               22047     176010      89022   17035112
