sda1          reads   read sectors  writes    requested writes
               20717     165376      77669   16049704
               20739     165552      77917   16052160
               20754     165672      78121   16054192
               20768     165784      78378   16056744
               20782     165896      78634   16059296
               20793     165984      78896   16061904
               20809     166112      79161   16064544
               20829     166272      79428   16067176
               20847     166416      79701   16069864
               20867     166576      79964   16072456
               20884     166712      80230   16075088
               20897     166816      80386   16076672
               20911     166928      80545   16078248
               20923     167024      80703   16079832
               20935     167120      80870   16081464
               20950     167240      81134   16084032
               20963     167344      81301   16085672
               20983     167504      81557   16088248
               20998     167624      81768   16090352
               21010     167720      81929   16091936
               21031     167888      82145   16094048
sda1          reads   read sectors  writes    requested writes
               21043     167984      82312   16095688
               21059     168112      82518   16097744
               21079     168272      82732   16099848
               21097     168416      82944   16101952
