sda1          reads   read sectors  writes    requested writes
               11415      91026      53160   10970312
               11543      92050      53513   11010392
               11703      93330      53853   11050392
               11863      94610      54193   11090392
               12055      96146      54601   11138392
               12215      97426      54941   11178392
               13130     104746      55361   11218664
               13290     106026      55701   11258664
               13450     107306      56041   11298664
               13642     108842      56449   11346664
               13802     110122      56789   11386664
               13963     111410      57164   11426936
               14123     112690      57504   11466936
               14283     113970      57845   11506936
               14443     115250      58185   11546936
               14603     116530      58525   11586936
               15674     125098      58941   11627216
               15834     126378      59281   11667216
               15994     127658      59621   11707216
               16154     128938      59961   11747216
